
[07:06:10] RUN 2026-06-28T07:03:10 scraper=enrich_drivers collection=wavecor dry_run=False
[07:06:10] PROBLEM  file=Wavecor_64_OHM_FULLRANGES_meta.yml
         reason=Wavecor HTML: could not extract upper frequency limit
[07:06:10] META_UPDATE file=Wavecor_64_OHM_FULLRANGES_meta.yml driver_type=fullrange
[07:06:11] PROBLEM  file=Wavecor_FR040WA01_02_meta.yml
         reason=Wavecor HTML: could not extract upper frequency limit
[07:06:11] PROBLEM  file=Wavecor_FR040WA01_02_meta.yml
         reason=PDF: no frequency range pattern found in FR040WA01_02_specifications.pdf
[07:06:11] PROBLEM  file=Wavecor_FR055OM01_02_meta.yml
         reason=Wavecor HTML: could not extract upper frequency limit
[07:06:12] PROBLEM  file=Wavecor_FR055WA01_02_meta.yml
         reason=Wavecor HTML: could not extract upper frequency limit
[07:06:12] PROBLEM  file=Wavecor_FR055WA03_04_meta.yml
         reason=Wavecor HTML: could not extract upper frequency limit
[07:06:13] PROBLEM  file=Wavecor_FR070OM01_02_meta.yml
         reason=Wavecor HTML: could not extract upper frequency limit
[07:06:17] PROBLEM  file=Wavecor_FR070WA01_02_meta.yml
         reason=Wavecor HTML: could not extract upper frequency limit
[07:06:18] PROBLEM  file=Wavecor_FR070WA03_04_meta.yml
         reason=Wavecor HTML: could not extract upper frequency limit
[07:06:19] PROBLEM  file=Wavecor_FR070WA05_meta.yml
         reason=Wavecor HTML: could not extract upper frequency limit
[07:06:20] PROBLEM  file=Wavecor_FR084OM01_02_meta.yml
         reason=Wavecor HTML: could not extract upper frequency limit
[07:06:20] PROBLEM  file=Wavecor_FR084WA01_02_meta.yml
         reason=Wavecor HTML: could not extract upper frequency limit
[07:06:21] PROBLEM  file=Wavecor_FR090WA01_02_meta.yml
         reason=Wavecor HTML: could not extract upper frequency limit
[07:06:22] PROBLEM  file=Wavecor_FR4X6WA01_02_meta.yml
         reason=Wavecor HTML: could not extract upper frequency limit
[07:06:22] PROBLEM  file=Wavecor_FR4X6WA01_02_meta.yml
         reason=PDF: no frequency range pattern found in FR4X6WA01_02_specifications.pdf
[07:06:23] PROBLEM  file=Wavecor_MR120BD01_02_03_04_meta.yml
         reason=Wavecor HTML: could not extract upper frequency limit
[07:06:23] META_UPDATE file=Wavecor_MR120BD01_02_03_04_meta.yml driver_type=midrange
[07:06:23] PROBLEM  file=Wavecor_PR182BD02_meta.yml
         reason=Wavecor HTML: could not extract upper frequency limit
[07:06:23] PROBLEM  file=Wavecor_PR182BD02_meta.yml
         reason=PDF: no frequency range pattern found in PR182BD02_specifications.pdf
[07:06:23] PROBLEM  file=Wavecor_PR223BD02_meta.yml
         reason=Wavecor HTML: could not extract upper frequency limit
[07:06:23] PROBLEM  file=Wavecor_PR223BD02_meta.yml
         reason=PDF: no frequency range pattern found in PR223BD02_specifications.pdf
[07:06:24] PROBLEM  file=Wavecor_PR259WA01_meta.yml
         reason=Wavecor HTML: could not extract upper frequency limit
[07:06:24] PROBLEM  file=Wavecor_PR259WA01_meta.yml
         reason=PDF: no frequency range pattern found in PR259WA01_specifications.pdf
[07:06:24] PROBLEM  file=Wavecor_PR270WA01_meta.yml
         reason=Wavecor HTML: could not extract upper frequency limit
[07:06:24] PROBLEM  file=Wavecor_PR270WA01_meta.yml
         reason=PDF: no frequency range pattern found in PR270WA01_specifications.pdf
[07:06:24] PROBLEM  file=Wavecor_PR275BD01_meta.yml
         reason=Wavecor HTML: could not extract upper frequency limit
[07:06:24] PROBLEM  file=Wavecor_PR275BD01_meta.yml
         reason=PDF: no frequency range pattern found in PR275BD01_specifications.pdf
[07:06:24] PROBLEM  file=Wavecor_PR312WA02_03_meta.yml
         reason=Wavecor HTML: could not extract upper frequency limit
[07:06:24] PROBLEM  file=Wavecor_PR312WA02_03_meta.yml
         reason=PDF: no frequency range pattern found in PR312WA02_03_specifications.pdf
[07:06:25] PROBLEM  file=Wavecor_SW070WA01_02_meta.yml
         reason=Wavecor HTML: could not extract upper frequency limit
[07:06:25] PROBLEM  file=Wavecor_SW084OM01_02_meta.yml
         reason=Wavecor HTML: could not extract upper frequency limit
[07:06:26] PROBLEM  file=Wavecor_SW118WA01_02_meta.yml
         reason=Wavecor HTML: could not extract upper frequency limit
[07:06:26] PROBLEM  file=Wavecor_SW118WA01_02_meta.yml
         reason=PDF: no frequency range pattern found in SW118WA01_02_specifications.pdf
[07:06:27] PROBLEM  file=Wavecor_SW146WA01_02_meta.yml
         reason=Wavecor HTML: could not extract upper frequency limit
[07:06:27] PROBLEM  file=Wavecor_SW146WA01_02_meta.yml
         reason=PDF: no frequency range pattern found in SW146WA01_02_specifications.pdf
[07:06:27] PROBLEM  file=Wavecor_SW168WA01_meta.yml
         reason=Wavecor HTML: could not extract upper frequency limit
[07:06:27] PROBLEM  file=Wavecor_SW168WA01_meta.yml
         reason=PDF: no frequency range pattern found in SW168WA01_specifications.pdf
[07:06:28] PROBLEM  file=Wavecor_SW178WA01_meta.yml
         reason=Wavecor HTML: could not extract upper frequency limit
[07:06:28] PROBLEM  file=Wavecor_SW178WA01_meta.yml
         reason=PDF: no frequency range pattern found in SW178WA01_specifications.pdf
[07:06:31] PROBLEM  file=Wavecor_SW182BD03_04_meta.yml
         reason=Wavecor HTML: could not extract upper frequency limit
[07:06:31] PROBLEM  file=Wavecor_SW215WA01_02_meta.yml
         reason=Wavecor HTML: could not extract upper frequency limit
[07:06:31] PROBLEM  file=Wavecor_SW223BD02_03_meta.yml
         reason=Wavecor HTML: could not extract upper frequency limit
[07:06:31] PROBLEM  file=Wavecor_SW223BD02_03_meta.yml
         reason=PDF: no frequency range pattern found in SW223BD02_03_specifications.pdf
[07:06:32] PROBLEM  file=Wavecor_SW259WA01_02_meta.yml
         reason=Wavecor HTML: could not extract upper frequency limit
[07:06:32] PROBLEM  file=Wavecor_SW259WA01_02_meta.yml
         reason=PDF: no frequency range pattern found in SW259WA01_02_specifications.pdf
[07:06:32] PROBLEM  file=Wavecor_SW270WA01_meta.yml
         reason=Wavecor HTML: could not extract upper frequency limit
[07:06:32] PROBLEM  file=Wavecor_SW270WA01_meta.yml
         reason=PDF: no frequency range pattern found in SW270WA01_specifications.pdf
[07:06:32] PROBLEM  file=Wavecor_SW275BD01_02_meta.yml
         reason=Wavecor HTML: could not extract upper frequency limit
[07:06:32] PROBLEM  file=Wavecor_SW275BD01_02_meta.yml
         reason=PDF: no frequency range pattern found in SW275BD01_02_specifications.pdf
[07:06:34] PROBLEM  file=Wavecor_SW280WA01_02_meta.yml
         reason=Wavecor HTML: could not extract upper frequency limit
[07:06:34] PROBLEM  file=Wavecor_SW280WA01_02_meta.yml
         reason=PDF: no frequency range pattern found in SW280WA01_02_specifications.pdf
[07:06:35] PROBLEM  file=Wavecor_SW280WA03_04_meta.yml
         reason=Wavecor HTML: could not extract upper frequency limit
[07:06:35] PROBLEM  file=Wavecor_SW280WA03_04_meta.yml
         reason=PDF: no frequency range pattern found in SW280WA03_04_specifications.pdf
[07:06:35] PROBLEM  file=Wavecor_SW312TU02_meta.yml
         reason=Wavecor HTML: could not extract upper frequency limit
[07:06:35] PROBLEM  file=Wavecor_SW312TU02_meta.yml
         reason=PDF: no frequency range pattern found in SW312TU02_specifications.pdf
[07:06:35] PROBLEM  file=Wavecor_SW312WA03_04_05_06_meta.yml
         reason=Wavecor HTML: could not extract upper frequency limit
[07:06:35] PROBLEM  file=Wavecor_SW312WA03_04_05_06_meta.yml
         reason=PDF: no frequency range pattern found in SW312WA03_04_05_06_specifications.pdf
[07:06:36] PROBLEM  file=Wavecor_TW013WA01_meta.yml
         reason=Wavecor HTML: could not extract upper frequency limit
[07:06:36] PROBLEM  file=Wavecor_TW022TU01_meta.yml
         reason=Wavecor HTML: could not extract upper frequency limit
[07:06:37] PROBLEM  file=Wavecor_TW022WA02_meta.yml
         reason=Wavecor HTML: could not extract upper frequency limit
[07:06:37] PROBLEM  file=Wavecor_TW022WA04_meta.yml
         reason=Wavecor HTML: could not extract upper frequency limit
[07:06:38] PROBLEM  file=Wavecor_TW022WA05_meta.yml
         reason=Wavecor HTML: could not extract upper frequency limit
[07:06:38] PROBLEM  file=Wavecor_TW022WA06_meta.yml
         reason=Wavecor HTML: could not extract upper frequency limit
[07:06:39] PROBLEM  file=Wavecor_TW022WA07_08_09_10_meta.yml
         reason=Wavecor HTML: could not extract upper frequency limit
[07:06:40] PROBLEM  file=Wavecor_TW030TU03_meta.yml
         reason=Wavecor HTML: could not extract upper frequency limit
[07:06:40] PROBLEM  file=Wavecor_TW030WA11_12_meta.yml
         reason=Wavecor HTML: could not extract upper frequency limit
[07:06:41] PROBLEM  file=Wavecor_TW030WA21_22_meta.yml
         reason=Wavecor HTML: could not extract upper frequency limit
[07:06:42] PROBLEM  file=Wavecor_TW030WA23_24_25_26_meta.yml
         reason=Wavecor HTML: could not extract upper frequency limit
[07:06:42] PROBLEM  file=Wavecor_TW045WA01_02_meta.yml
         reason=Wavecor HTML: could not extract upper frequency limit
[07:06:42] META_UPDATE file=Wavecor_TW045WA01_02_meta.yml driver_type=coaxial
[07:06:42] PROBLEM  file=Wavecor_WF090WA01_02_meta.yml
         reason=Wavecor HTML: could not extract upper frequency limit
[07:06:43] PROBLEM  file=Wavecor_WF095WA01_02_meta.yml
         reason=Wavecor HTML: could not extract upper frequency limit
[07:06:44] PROBLEM  file=Wavecor_WF118OM01_02_meta.yml
         reason=Wavecor HTML: could not extract upper frequency limit
[07:06:44] PROBLEM  file=Wavecor_WF118WA05_06_meta.yml
         reason=Wavecor HTML: could not extract upper frequency limit
[07:06:45] PROBLEM  file=Wavecor_WF118WA07_08_meta.yml
         reason=Wavecor HTML: could not extract upper frequency limit
[07:06:45] PROBLEM  file=Wavecor_WF118WA07_08_meta.yml
         reason=PDF: no frequency range pattern found in WF118WA07_08_specifications.pdf
[07:06:45] PROBLEM  file=Wavecor_WF120BD03_04_07_08_meta.yml
         reason=Wavecor HTML: could not extract upper frequency limit
[07:06:46] PROBLEM  file=Wavecor_WF120BD05_06_09_10_meta.yml
         reason=Wavecor HTML: could not extract upper frequency limit
[07:06:47] PROBLEM  file=Wavecor_WF120BD11_12_13_14_meta.yml
         reason=Wavecor HTML: could not extract upper frequency limit
[07:06:47] META_UPDATE file=Wavecor_WF120BD11_12_13_14_meta.yml driver_type=woofer
[07:06:47] PROBLEM  file=Wavecor_WF132TU01_meta.yml
         reason=Wavecor HTML: could not extract upper frequency limit
[07:06:47] PROBLEM  file=Wavecor_WF132TU02_meta.yml
         reason=Wavecor HTML: could not extract upper frequency limit
[07:06:48] PROBLEM  file=Wavecor_WF146OM01_02_meta.yml
         reason=Wavecor HTML: could not extract upper frequency limit
[07:06:48] PROBLEM  file=Wavecor_WF146WA01_02_meta.yml
         reason=Wavecor HTML: could not extract upper frequency limit
[07:06:49] PROBLEM  file=Wavecor_WF146WA05_06_meta.yml
         reason=Wavecor HTML: could not extract upper frequency limit
[07:06:49] PROBLEM  file=Wavecor_WF152BD03_04_meta.yml
         reason=Wavecor HTML: could not extract upper frequency limit
[07:06:50] PROBLEM  file=Wavecor_WF152BD05_06_07_08_meta.yml
         reason=Wavecor HTML: could not extract upper frequency limit
[07:06:51] PROBLEM  file=Wavecor_WF152BD09_10_11_12_meta.yml
         reason=Wavecor HTML: could not extract upper frequency limit
[07:06:51] META_UPDATE file=Wavecor_WF152BD09_10_11_12_meta.yml driver_type=woofer
[07:06:51] PROBLEM  file=Wavecor_WF152BD13_14_15_16_meta.yml
         reason=Wavecor HTML: could not extract upper frequency limit
[07:06:52] PROBLEM  file=Wavecor_WF165TU01_meta.yml
         reason=Wavecor HTML: could not extract upper frequency limit
[07:06:55] PROBLEM  file=Wavecor_WF166TU02_meta.yml
         reason=Wavecor HTML: could not extract upper frequency limit
[07:06:55] PROBLEM  file=Wavecor_WF168OM01_02_meta.yml
         reason=Wavecor HTML: could not extract upper frequency limit
[07:06:56] PROBLEM  file=Wavecor_WF168WA01_02_meta.yml
         reason=Wavecor HTML: could not extract upper frequency limit
[07:06:56] PROBLEM  file=Wavecor_WF168WA05_06_meta.yml
         reason=Wavecor HTML: could not extract upper frequency limit
[07:06:56] PROBLEM  file=Wavecor_WF182BD03_04_07_08_meta.yml
         reason=Wavecor HTML: could not extract upper frequency limit
[07:06:57] PROBLEM  file=Wavecor_WF182BD09_10_11_12_meta.yml
         reason=Wavecor HTML: could not extract upper frequency limit
[07:06:58] PROBLEM  file=Wavecor_WF182BD13_14_15_16_meta.yml
         reason=Wavecor HTML: could not extract upper frequency limit
[07:06:58] PROBLEM  file=Wavecor_WF182BD17_18_19_20_meta.yml
         reason=Wavecor HTML: could not extract upper frequency limit
[07:06:59] PROBLEM  file=Wavecor_WF211PA01_02_meta.yml
         reason=Wavecor HTML: could not extract upper frequency limit
[07:06:59] PROBLEM  file=Wavecor_WF211PA01_02_meta.yml
         reason=PDF: no frequency range pattern found in WF211PA01_02_specifications.pdf
[07:06:59] META_UPDATE file=Wavecor_WF211PA01_02_meta.yml driver_type=woofer
[07:07:00] PROBLEM  file=Wavecor_WF223BD01_02_meta.yml
         reason=Wavecor HTML: could not extract upper frequency limit
[07:07:00] PROBLEM  file=Wavecor_WF223BD01_02_meta.yml
         reason=PDF: no frequency range pattern found in WF223BD01_02_specifications.pdf
[07:07:00] PROBLEM  file=Wavecor_WF259PA01_02_meta.yml
         reason=Wavecor HTML: could not extract upper frequency limit
[07:07:00] PROBLEM  file=Wavecor_WF259PA01_02_meta.yml
         reason=PDF: no frequency range pattern found in WF259PA01_02_specifications.pdf
[07:07:01] PROBLEM  file=Wavecor_WF259PA01_meta.yml
         reason=Wavecor HTML: could not extract upper frequency limit
[07:07:01] PROBLEM  file=Wavecor_WF259PA01_meta.yml
         reason=PDF: no frequency range pattern found in WF259PA01_02_specifications.pdf
[07:07:02] PROBLEM  file=Wavecor_WF259PA02_meta.yml
         reason=Wavecor HTML: could not extract upper frequency limit
[07:07:02] PROBLEM  file=Wavecor_WF259PA02_meta.yml
         reason=PDF: no frequency range pattern found in WF259PA01_02_specifications.pdf
[07:07:03] PROBLEM  file=Wavecor_WF275BD01_02_meta.yml
         reason=Wavecor HTML: could not extract upper frequency limit
[07:07:03] PROBLEM  file=Wavecor_WF275BD01_02_meta.yml
         reason=PDF: no frequency range pattern found in WF275BD01_02_specifications.pdf
[07:07:03] DONE  collection=wavecor total=80 extracted=57 updated=50 no_data=23 errors=0
