# Run 2026-06-28T21:27:34.789758 scraper=Scan-Speak
[19:04:47] PROBLEM field=pdf_no_fields item=10F/4424G00 url=https://www.scan-speak.dk/datasheet/pdf/10f-4424g00.pdf offset=0
         raw_value=None
         reason=pass1=0 pass2=0 chars=1607
[19:04:47] DONE problems=1
[19:09:19] PROBLEM field=pdf_no_fields item=10F/4424G00 url=https://www.scan-speak.dk/datasheet/pdf/10f-4424g00.pdf offset=0
         raw_value=None
         reason=pass1=0 pass2=0 chars=1607
[19:09:19] DONE problems=1
[21:27:20] PROBLEM field=pdf_no_fields item=10F/4424G00 url=https://www.scan-speak.dk/datasheet/pdf/10f-4424g00.pdf offset=0
         raw_value=None
         reason=pass1=0 pass2=0 chars=1607
[21:27:20] DONE problems=1
[19:04:47] PROBLEM field=pdf_range_Znom item=10F/8414G10 url=https://www.scan-speak.dk/datasheet/pdf/10f-8414g10.pdf offset=0
         raw_value="extracted=Znom=82 raw='82' range=1–64 Ω pos=1172 local=drivers\\new_ss_tool\\datasheets\\10f-8414g10.pdf context=…lume 0.03 |↵Electrical Data:↵↵Nominal impedance [Zn] 82↵Minimum impedance [Zmin] 6.82↵Maximum im…"
         reason=PDF extraction rejected: value outside physical range — likely font-encoding artifact
[19:04:49] PROBLEM field=cad_fetch item=10F/8414G10 url=https://www.scan-speak.dk/datasheet/3d/TYPENUMMER.zip offset=0
         raw_value=None
         reason=HTTP Error 404: Not Found
[19:04:49] DONE problems=2
[19:09:19] PROBLEM field=pdf_range_Znom item=10F/8414G10 url=https://www.scan-speak.dk/datasheet/pdf/10f-8414g10.pdf offset=0
         raw_value="extracted=Znom=82 raw='82' range=1–64 Ω pos=1172 local=drivers\\new_ss_tool\\datasheets\\10f-8414g10.pdf context=…lume 0.03 |↵Electrical Data:↵↵Nominal impedance [Zn] 82↵Minimum impedance [Zmin] 6.82↵Maximum im…"
         reason=PDF extraction rejected: value outside physical range — likely font-encoding artifact
[19:09:21] PROBLEM field=cad_fetch item=10F/8414G10 url=https://www.scan-speak.dk/datasheet/3d/TYPENUMMER.zip offset=0
         raw_value=None
         reason=HTTP Error 404: Not Found
[19:09:21] DONE problems=2
[21:27:21] PROBLEM field=pdf_range_Znom item=10F/8414G10 url=https://www.scan-speak.dk/datasheet/pdf/10f-8414g10.pdf offset=0
         raw_value="extracted=Znom=82 raw='82' range=1–32 Ω pos=1172 local=drivers\\new_ss_tool\\datasheets\\10f-8414g10.pdf context=…lume 0.03 |↵Electrical Data:↵↵Nominal impedance [Zn] 82↵Minimum impedance [Zmin] 6.82↵Maximum im…"
         reason=PDF extraction rejected: value outside physical range — likely font-encoding artifact
[21:27:23] PROBLEM field=cad_fetch item=10F/8414G10 url=https://www.scan-speak.dk/datasheet/3d/TYPENUMMER.zip offset=0
         raw_value=None
         reason=HTTP Error 404: Not Found
[21:27:23] DONE problems=2
[19:04:47] PROBLEM field=pdf_range_Znom item=10F/8424G00 url=https://www.scan-speak.dk/datasheet/pdf/10f-8424g00.pdf offset=0
         raw_value="extracted=Znom=82 raw='82' range=1–64 Ω pos=1164 local=drivers\\new_ss_tool\\datasheets\\10f-8424g00.pdf context=…lume 0.05 |↵Electrical Data:↵↵Nominal impedance [Zn] 82↵Minimum impedance [Zmin] 6.52↵Maximum im…"
         reason=PDF extraction rejected: value outside physical range — likely font-encoding artifact
[19:04:47] PROBLEM field=html_pdf_mismatch item=10F/8424G00 url=https://www.scan-speak.dk/product/10f-8424g00/ offset=0
         raw_value='Vas: HTML=0.0021 PDF=0.211 (9948% diff)'
         reason=HTML and PDF values disagree by >10%
[19:04:49] PROBLEM field=cad_fetch item=10F/8424G00 url=https://www.scan-speak.dk/datasheet/3d/TYPENUMMER.zip offset=0
         raw_value=None
         reason=HTTP Error 404: Not Found
[19:04:49] DONE problems=3
[19:09:19] PROBLEM field=pdf_range_Znom item=10F/8424G00 url=https://www.scan-speak.dk/datasheet/pdf/10f-8424g00.pdf offset=0
         raw_value="extracted=Znom=82 raw='82' range=1–64 Ω pos=1164 local=drivers\\new_ss_tool\\datasheets\\10f-8424g00.pdf context=…lume 0.05 |↵Electrical Data:↵↵Nominal impedance [Zn] 82↵Minimum impedance [Zmin] 6.52↵Maximum im…"
         reason=PDF extraction rejected: value outside physical range — likely font-encoding artifact
[19:09:19] PROBLEM field=html_pdf_mismatch item=10F/8424G00 url=https://www.scan-speak.dk/product/10f-8424g00/ offset=0
         raw_value='Vas: HTML=0.0021 PDF=0.211 (9948% diff)'
         reason=HTML and PDF values disagree by >10%
[19:09:21] PROBLEM field=cad_fetch item=10F/8424G00 url=https://www.scan-speak.dk/datasheet/3d/TYPENUMMER.zip offset=0
         raw_value=None
         reason=HTTP Error 404: Not Found
[19:09:21] DONE problems=3
[21:27:20] PROBLEM field=pdf_range_Znom item=10F/8424G00 url=https://www.scan-speak.dk/datasheet/pdf/10f-8424g00.pdf offset=0
         raw_value="extracted=Znom=82 raw='82' range=1–32 Ω pos=1164 local=drivers\\new_ss_tool\\datasheets\\10f-8424g00.pdf context=…lume 0.05 |↵Electrical Data:↵↵Nominal impedance [Zn] 82↵Minimum impedance [Zmin] 6.52↵Maximum im…"
         reason=PDF extraction rejected: value outside physical range — likely font-encoding artifact
[21:27:20] PROBLEM field=html_pdf_mismatch item=10F/8424G00 url=https://www.scan-speak.dk/product/10f-8424g00/ offset=0
         raw_value='Vas: HTML=0.0021 PDF=0.211 (9948% diff)'
         reason=HTML and PDF values disagree by >10%
[21:27:23] PROBLEM field=cad_fetch item=10F/8424G00 url=https://www.scan-speak.dk/datasheet/3d/TYPENUMMER.zip offset=0
         raw_value=None
         reason=HTTP Error 404: Not Found
[21:27:23] DONE problems=3
[19:04:50] PROBLEM field=html_pdf_mismatch item=11M/4631G05 url=https://www.scan-speak.dk/product/11m-4631g05/ offset=0
         raw_value='Vas: HTML=0.0027 PDF=0.271 (9937% diff)'
         reason=HTML and PDF values disagree by >10%
[19:04:50] DONE problems=1
[19:09:22] PROBLEM field=html_pdf_mismatch item=11M/4631G05 url=https://www.scan-speak.dk/product/11m-4631g05/ offset=0
         raw_value='Vas: HTML=0.0027 PDF=0.271 (9937% diff)'
         reason=HTML and PDF values disagree by >10%
[19:09:22] DONE problems=1
[21:27:23] PROBLEM field=html_pdf_mismatch item=11M/4631G05 url=https://www.scan-speak.dk/product/11m-4631g05/ offset=0
         raw_value='Vas: HTML=0.0027 PDF=0.271 (9937% diff)'
         reason=HTML and PDF values disagree by >10%
[21:27:23] DONE problems=1
[19:04:47] PROBLEM field=pdf_range_Znom item=12MU/8731T00 url=https://www.scan-speak.dk/datasheet/pdf/12mu-8731t00.pdf offset=0
         raw_value="extracted=Znom=82 raw='82' range=1–64 Ω pos=1159 local=drivers\\new_ss_tool\\datasheets\\12mu-8731t00.pdf context=…olume 0.141↵Electrical Data:↵↵Nominal impedance [Zn] 82↵Minimum impedance [Zmin] 7.72↵Maximum im…"
         reason=PDF extraction rejected: value outside physical range — likely font-encoding artifact
[19:04:47] DONE problems=1
[19:09:19] PROBLEM field=pdf_range_Znom item=12MU/8731T00 url=https://www.scan-speak.dk/datasheet/pdf/12mu-8731t00.pdf offset=0
         raw_value="extracted=Znom=82 raw='82' range=1–64 Ω pos=1159 local=drivers\\new_ss_tool\\datasheets\\12mu-8731t00.pdf context=…olume 0.141↵Electrical Data:↵↵Nominal impedance [Zn] 82↵Minimum impedance [Zmin] 7.72↵Maximum im…"
         reason=PDF extraction rejected: value outside physical range — likely font-encoding artifact
[19:09:19] DONE problems=1
[21:27:21] PROBLEM field=pdf_range_Znom item=12MU/8731T00 url=https://www.scan-speak.dk/datasheet/pdf/12mu-8731t00.pdf offset=0
         raw_value="extracted=Znom=82 raw='82' range=1–32 Ω pos=1159 local=drivers\\new_ss_tool\\datasheets\\12mu-8731t00.pdf context=…olume 0.141↵Electrical Data:↵↵Nominal impedance [Zn] 82↵Minimum impedance [Zmin] 7.72↵Maximum im…"
         reason=PDF extraction rejected: value outside physical range — likely font-encoding artifact
[21:27:21] DONE problems=1
[19:04:47] PROBLEM field=pdf_range_Re item=12W/4524G00 url=https://www.scan-speak.dk/datasheet/pdf/12w-4524g00.pdf offset=0
         raw_value="extracted=Re=312 raw='312' range=0.1–64 Ω pos=1027 local=drivers\\new_ss_tool\\datasheets\\12w-4524g00.pdf context=…u Chassis vented below spider DC resistance [Re] 312↵. Voice coil inductance [Le] 0.4 mH↵Reco…"
         reason=PDF extraction rejected: value outside physical range — likely font-encoding artifact
[19:04:47] DONE problems=1
[19:09:20] PROBLEM field=pdf_range_Re item=12W/4524G00 url=https://www.scan-speak.dk/datasheet/pdf/12w-4524g00.pdf offset=0
         raw_value="extracted=Re=312 raw='312' range=0.1–64 Ω pos=1027 local=drivers\\new_ss_tool\\datasheets\\12w-4524g00.pdf context=…u Chassis vented below spider DC resistance [Re] 312↵. Voice coil inductance [Le] 0.4 mH↵Reco…"
         reason=PDF extraction rejected: value outside physical range — likely font-encoding artifact
[19:09:20] DONE problems=1
[21:27:21] PROBLEM field=pdf_range_Re item=12W/4524G00 url=https://www.scan-speak.dk/datasheet/pdf/12w-4524g00.pdf offset=0
         raw_value="extracted=Re=312 raw='312' range=0.1–64 Ω pos=1027 local=drivers\\new_ss_tool\\datasheets\\12w-4524g00.pdf context=…u Chassis vented below spider DC resistance [Re] 312↵. Voice coil inductance [Le] 0.4 mH↵Reco…"
         reason=PDF extraction rejected: value outside physical range — likely font-encoding artifact
[21:27:21] DONE problems=1
[19:04:47] PROBLEM field=pdf_range_Znom item=12W/8524G00 url=https://www.scan-speak.dk/datasheet/pdf/12w-8524g00.pdf offset=0
         raw_value="extracted=Znom=82 raw='82' range=1–64 Ω pos=1107 local=drivers\\new_ss_tool\\datasheets\\12w-8524g00.pdf context=…lume 0.121↵↵Electrical Data:↵↵Nominal impedance [Zn] 82↵Minimum impedance [Zmin] 6.62↵Maximum im…"
         reason=PDF extraction rejected: value outside physical range — likely font-encoding artifact
[19:04:47] DONE problems=1
[19:09:20] PROBLEM field=pdf_range_Znom item=12W/8524G00 url=https://www.scan-speak.dk/datasheet/pdf/12w-8524g00.pdf offset=0
         raw_value="extracted=Znom=82 raw='82' range=1–64 Ω pos=1107 local=drivers\\new_ss_tool\\datasheets\\12w-8524g00.pdf context=…lume 0.121↵↵Electrical Data:↵↵Nominal impedance [Zn] 82↵Minimum impedance [Zmin] 6.62↵Maximum im…"
         reason=PDF extraction rejected: value outside physical range — likely font-encoding artifact
[19:09:20] DONE problems=1
[21:27:21] PROBLEM field=pdf_range_Znom item=12W/8524G00 url=https://www.scan-speak.dk/datasheet/pdf/12w-8524g00.pdf offset=0
         raw_value="extracted=Znom=82 raw='82' range=1–32 Ω pos=1107 local=drivers\\new_ss_tool\\datasheets\\12w-8524g00.pdf context=…lume 0.121↵↵Electrical Data:↵↵Nominal impedance [Zn] 82↵Minimum impedance [Zmin] 6.62↵Maximum im…"
         reason=PDF extraction rejected: value outside physical range — likely font-encoding artifact
[21:27:21] DONE problems=1
[19:04:48] PROBLEM field=html_pdf_mismatch item=15M/4531K00 url=https://www.scan-speak.dk/product/15m-4531k00/ offset=0
         raw_value='Vas: HTML=0.016 PDF=0.161 (906% diff)'
         reason=HTML and PDF values disagree by >10%
[19:04:48] PROBLEM field=html_pdf_mismatch item=15M/4531K00 url=https://www.scan-speak.dk/product/15m-4531k00/ offset=0
         raw_value='BL: HTML=6 PDF=61 (917% diff)'
         reason=HTML and PDF values disagree by >10%
[19:04:48] DONE problems=2
[19:09:20] PROBLEM field=html_pdf_mismatch item=15M/4531K00 url=https://www.scan-speak.dk/product/15m-4531k00/ offset=0
         raw_value='Vas: HTML=0.016 PDF=0.161 (906% diff)'
         reason=HTML and PDF values disagree by >10%
[19:09:20] PROBLEM field=html_pdf_mismatch item=15M/4531K00 url=https://www.scan-speak.dk/product/15m-4531k00/ offset=0
         raw_value='BL: HTML=6 PDF=61 (917% diff)'
         reason=HTML and PDF values disagree by >10%
[19:09:20] DONE problems=2
[21:27:21] PROBLEM field=html_pdf_mismatch item=15M/4531K00 url=https://www.scan-speak.dk/product/15m-4531k00/ offset=0
         raw_value='Vas: HTML=0.016 PDF=0.161 (906% diff)'
         reason=HTML and PDF values disagree by >10%
[21:27:21] PROBLEM field=html_pdf_mismatch item=15M/4531K00 url=https://www.scan-speak.dk/product/15m-4531k00/ offset=0
         raw_value='BL: HTML=6 PDF=61 (917% diff)'
         reason=HTML and PDF values disagree by >10%
[21:27:21] DONE problems=2
[19:04:56] PROBLEM field=pdf_no_fields item=15M/8631G00 url=https://www.scan-speak.dk/datasheet/pdf/15m-8631g00.pdf offset=0
         raw_value=None
         reason=pass1=0 pass2=0 chars=1623
[19:04:58] DONE problems=1
[19:09:28] PROBLEM field=pdf_no_fields item=15M/8631G00 url=https://www.scan-speak.dk/datasheet/pdf/15m-8631g00.pdf offset=0
         raw_value=None
         reason=pass1=0 pass2=0 chars=1623
[19:09:30] DONE problems=1
[21:27:30] PROBLEM field=pdf_no_fields item=15M/8631G00 url=https://www.scan-speak.dk/datasheet/pdf/15m-8631g00.pdf offset=0
         raw_value=None
         reason=pass1=0 pass2=0 chars=1623
[21:27:30] DONE problems=1
[19:04:48] PROBLEM field=pdf_range_Re item=15W/4424G00 url=https://www.scan-speak.dk/datasheet/pdf/15w-4424g00.pdf offset=0
         raw_value="extracted=Re=312 raw='312' range=0.1–64 Ω pos=995 local=drivers\\new_ss_tool\\datasheets\\15w-4424g00.pdf context=…u Chassis vented below spider DC resistance [Re] 312↵. Voice coil inductance [Le] 0.37 mH↵Rec…"
         reason=PDF extraction rejected: value outside physical range — likely font-encoding artifact
[19:04:48] DONE problems=1
[19:09:20] PROBLEM field=pdf_range_Re item=15W/4424G00 url=https://www.scan-speak.dk/datasheet/pdf/15w-4424g00.pdf offset=0
         raw_value="extracted=Re=312 raw='312' range=0.1–64 Ω pos=995 local=drivers\\new_ss_tool\\datasheets\\15w-4424g00.pdf context=…u Chassis vented below spider DC resistance [Re] 312↵. Voice coil inductance [Le] 0.37 mH↵Rec…"
         reason=PDF extraction rejected: value outside physical range — likely font-encoding artifact
[19:09:20] DONE problems=1
[21:27:22] PROBLEM field=pdf_range_Re item=15W/4424G00 url=https://www.scan-speak.dk/datasheet/pdf/15w-4424g00.pdf offset=0
         raw_value="extracted=Re=312 raw='312' range=0.1–64 Ω pos=995 local=drivers\\new_ss_tool\\datasheets\\15w-4424g00.pdf context=…u Chassis vented below spider DC resistance [Re] 312↵. Voice coil inductance [Le] 0.37 mH↵Rec…"
         reason=PDF extraction rejected: value outside physical range — likely font-encoding artifact
[21:27:22] DONE problems=1
[19:04:48] PROBLEM field=pdf_no_fields item=15W/4434G00 url=https://www.scan-speak.dk/datasheet/pdf/15w-4434g00.pdf offset=0
         raw_value=None
         reason=pass1=0 pass2=0 chars=1470
[19:04:48] DONE problems=1
[19:09:20] PROBLEM field=pdf_no_fields item=15W/4434G00 url=https://www.scan-speak.dk/datasheet/pdf/15w-4434g00.pdf offset=0
         raw_value=None
         reason=pass1=0 pass2=0 chars=1470
[19:09:20] DONE problems=1
[21:27:22] PROBLEM field=pdf_no_fields item=15W/4434G00 url=https://www.scan-speak.dk/datasheet/pdf/15w-4434g00.pdf offset=0
         raw_value=None
         reason=pass1=0 pass2=0 chars=1470
[21:27:22] DONE problems=1
[19:04:48] PROBLEM field=pdf_no_fields item=15W/8424G00 url=https://www.scan-speak.dk/datasheet/pdf/15w-8424g00.pdf offset=0
         raw_value=None
         reason=pass1=0 pass2=0 chars=1460
[19:04:48] DONE problems=1
[19:09:20] PROBLEM field=pdf_no_fields item=15W/8424G00 url=https://www.scan-speak.dk/datasheet/pdf/15w-8424g00.pdf offset=0
         raw_value=None
         reason=pass1=0 pass2=0 chars=1460
[19:09:20] DONE problems=1
[21:27:22] PROBLEM field=pdf_no_fields item=15W/8424G00 url=https://www.scan-speak.dk/datasheet/pdf/15w-8424g00.pdf offset=0
         raw_value=None
         reason=pass1=0 pass2=0 chars=1460
[21:27:22] DONE problems=1
[19:04:48] PROBLEM field=html_pdf_mismatch item=15W/8434G00 url=https://www.scan-speak.dk/product/15w-8434g00/ offset=0
         raw_value='Sd: HTML=0.008 PDF=0.0015 (81% diff)'
         reason=HTML and PDF values disagree by >10%
[19:04:48] DONE problems=1
[19:09:20] PROBLEM field=html_pdf_mismatch item=15W/8434G00 url=https://www.scan-speak.dk/product/15w-8434g00/ offset=0
         raw_value='Sd: HTML=0.008 PDF=0.0015 (81% diff)'
         reason=HTML and PDF values disagree by >10%
[19:09:20] DONE problems=1
[21:27:22] PROBLEM field=html_pdf_mismatch item=15W/8434G00 url=https://www.scan-speak.dk/product/15w-8434g00/ offset=0
         raw_value='Sd: HTML=0.008 PDF=0.0015 (81% diff)'
         reason=HTML and PDF values disagree by >10%
[21:27:22] DONE problems=1
[19:04:48] PROBLEM field=pdf_no_fields item=15W/8530K00 url=https://www.scan-speak.dk/datasheet/pdf/15w-8530k00.pdf offset=0
         raw_value=None
         reason=pass1=0 pass2=0 chars=1623
[19:04:48] DONE problems=1
[19:09:20] PROBLEM field=pdf_no_fields item=15W/8530K00 url=https://www.scan-speak.dk/datasheet/pdf/15w-8530k00.pdf offset=0
         raw_value=None
         reason=pass1=0 pass2=0 chars=1623
[19:09:20] DONE problems=1
[21:27:22] PROBLEM field=pdf_no_fields item=15W/8530K00 url=https://www.scan-speak.dk/datasheet/pdf/15w-8530k00.pdf offset=0
         raw_value=None
         reason=pass1=0 pass2=0 chars=1623
[21:27:22] DONE problems=1
[19:04:48] PROBLEM field=pdf_range_Znom item=15W/8530K01 url=https://www.scan-speak.dk/datasheet/pdf/15w-8530k01.pdf offset=0
         raw_value="extracted=Znom=82 raw='82' range=1–64 Ω pos=1137 local=drivers\\new_ss_tool\\datasheets\\15w-8530k01.pdf context=…lume 0.36!↵↵Electrical Data:↵↵Nominal impedance [Zn] 82Q↵Minimum impedance [Zmin] 6.72↵Maximum …"
         reason=PDF extraction rejected: value outside physical range — likely font-encoding artifact
[19:04:48] PROBLEM field=html_pdf_mismatch item=15W/8530K01 url=https://www.scan-speak.dk/product/15w-8530k01/ offset=0
         raw_value='Vas: HTML=0.017 PDF=0.171 (906% diff)'
         reason=HTML and PDF values disagree by >10%
[19:04:48] DONE problems=2
[19:09:20] PROBLEM field=pdf_range_Znom item=15W/8530K01 url=https://www.scan-speak.dk/datasheet/pdf/15w-8530k01.pdf offset=0
         raw_value="extracted=Znom=82 raw='82' range=1–64 Ω pos=1137 local=drivers\\new_ss_tool\\datasheets\\15w-8530k01.pdf context=…lume 0.36!↵↵Electrical Data:↵↵Nominal impedance [Zn] 82Q↵Minimum impedance [Zmin] 6.72↵Maximum …"
         reason=PDF extraction rejected: value outside physical range — likely font-encoding artifact
[19:09:20] PROBLEM field=html_pdf_mismatch item=15W/8530K01 url=https://www.scan-speak.dk/product/15w-8530k01/ offset=0
         raw_value='Vas: HTML=0.017 PDF=0.171 (906% diff)'
         reason=HTML and PDF values disagree by >10%
[19:09:20] DONE problems=2
[21:27:22] PROBLEM field=pdf_range_Znom item=15W/8530K01 url=https://www.scan-speak.dk/datasheet/pdf/15w-8530k01.pdf offset=0
         raw_value="extracted=Znom=82 raw='82' range=1–32 Ω pos=1137 local=drivers\\new_ss_tool\\datasheets\\15w-8530k01.pdf context=…lume 0.36!↵↵Electrical Data:↵↵Nominal impedance [Zn] 82Q↵Minimum impedance [Zmin] 6.72↵Maximum …"
         reason=PDF extraction rejected: value outside physical range — likely font-encoding artifact
[21:27:22] PROBLEM field=html_pdf_mismatch item=15W/8530K01 url=https://www.scan-speak.dk/product/15w-8530k01/ offset=0
         raw_value='Vas: HTML=0.017 PDF=0.171 (906% diff)'
         reason=HTML and PDF values disagree by >10%
[21:27:22] DONE problems=2
[19:04:49] PROBLEM field=pdf_range_Znom item=15W/8531K00 url=https://www.scan-speak.dk/datasheet/pdf/15w-8531k00.pdf offset=0
         raw_value="extracted=Znom=82 raw='82' range=1–64 Ω pos=1146 local=drivers\\new_ss_tool\\datasheets\\15w-8531k00.pdf context=…olume 0.36!↵Electrical Data:↵↵Nominal impedance [Zn] 82Q↵Minimum impedance [Zmin] 6.72↵Maximum …"
         reason=PDF extraction rejected: value outside physical range — likely font-encoding artifact
[19:04:49] DONE problems=1
[19:09:21] PROBLEM field=pdf_range_Znom item=15W/8531K00 url=https://www.scan-speak.dk/datasheet/pdf/15w-8531k00.pdf offset=0
         raw_value="extracted=Znom=82 raw='82' range=1–64 Ω pos=1146 local=drivers\\new_ss_tool\\datasheets\\15w-8531k00.pdf context=…olume 0.36!↵Electrical Data:↵↵Nominal impedance [Zn] 82Q↵Minimum impedance [Zmin] 6.72↵Maximum …"
         reason=PDF extraction rejected: value outside physical range — likely font-encoding artifact
[19:09:21] DONE problems=1
[21:27:23] PROBLEM field=pdf_range_Znom item=15W/8531K00 url=https://www.scan-speak.dk/datasheet/pdf/15w-8531k00.pdf offset=0
         raw_value="extracted=Znom=82 raw='82' range=1–32 Ω pos=1146 local=drivers\\new_ss_tool\\datasheets\\15w-8531k00.pdf context=…olume 0.36!↵Electrical Data:↵↵Nominal impedance [Zn] 82Q↵Minimum impedance [Zmin] 6.72↵Maximum …"
         reason=PDF extraction rejected: value outside physical range — likely font-encoding artifact
[21:27:23] DONE problems=1
[19:04:58] PROBLEM field=pdf_no_fields item=15W/8534T00 url=https://www.scan-speak.dk/datasheet/pdf/15w-8534t00.pdf offset=0
         raw_value=None
         reason=pass1=0 pass2=0 chars=1509
[19:05:00] DONE problems=1
[19:09:30] PROBLEM field=pdf_no_fields item=15W/8534T00 url=https://www.scan-speak.dk/datasheet/pdf/15w-8534t00.pdf offset=0
         raw_value=None
         reason=pass1=0 pass2=0 chars=1509
[19:09:31] DONE problems=1
[21:27:30] PROBLEM field=pdf_no_fields item=15W/8534T00 url=https://www.scan-speak.dk/datasheet/pdf/15w-8534t00.pdf offset=0
         raw_value=None
         reason=pass1=0 pass2=0 chars=1509
[21:27:32] DONE problems=1
[19:04:49] PROBLEM field=pdf_range_Re item=15WU/4741T00 url=https://www.scan-speak.dk/datasheet/pdf/15wu-4741t00.pdf offset=0
         raw_value="extracted=Re=322 raw='322' range=0.1–64 Ω pos=1001 local=drivers\\new_ss_tool\\datasheets\\15wu-4741t00.pdf context=…62↵Low-loss linear suspension DC resistance [Re] 322↵Patented Design Voice coil inductance [L…"
         reason=PDF extraction rejected: value outside physical range — likely font-encoding artifact
[19:04:49] PROBLEM field=html_pdf_mismatch item=15WU/4741T00 url=https://www.scan-speak.dk/product/15wu-4741t00/ offset=0
         raw_value='BL: HTML=6 PDF=61 (917% diff)'
         reason=HTML and PDF values disagree by >10%
[19:04:49] DONE problems=2
[19:09:21] PROBLEM field=pdf_range_Re item=15WU/4741T00 url=https://www.scan-speak.dk/datasheet/pdf/15wu-4741t00.pdf offset=0
         raw_value="extracted=Re=322 raw='322' range=0.1–64 Ω pos=1001 local=drivers\\new_ss_tool\\datasheets\\15wu-4741t00.pdf context=…62↵Low-loss linear suspension DC resistance [Re] 322↵Patented Design Voice coil inductance [L…"
         reason=PDF extraction rejected: value outside physical range — likely font-encoding artifact
[19:09:21] PROBLEM field=html_pdf_mismatch item=15WU/4741T00 url=https://www.scan-speak.dk/product/15wu-4741t00/ offset=0
         raw_value='BL: HTML=6 PDF=61 (917% diff)'
         reason=HTML and PDF values disagree by >10%
[19:09:21] DONE problems=2
[21:27:23] PROBLEM field=pdf_range_Re item=15WU/4741T00 url=https://www.scan-speak.dk/datasheet/pdf/15wu-4741t00.pdf offset=0
         raw_value="extracted=Re=322 raw='322' range=0.1–64 Ω pos=1001 local=drivers\\new_ss_tool\\datasheets\\15wu-4741t00.pdf context=…62↵Low-loss linear suspension DC resistance [Re] 322↵Patented Design Voice coil inductance [L…"
         reason=PDF extraction rejected: value outside physical range — likely font-encoding artifact
[21:27:23] PROBLEM field=html_pdf_mismatch item=15WU/4741T00 url=https://www.scan-speak.dk/product/15wu-4741t00/ offset=0
         raw_value='BL: HTML=6 PDF=61 (917% diff)'
         reason=HTML and PDF values disagree by >10%
[21:27:23] DONE problems=2
[19:04:49] PROBLEM field=pdf_no_fields item=16W/4538G05 url=https://www.scan-speak.dk/datasheet/pdf/16w-4538g05.pdf offset=0
         raw_value=None
         reason=pass1=0 pass2=0 chars=1599
[19:04:50] DONE problems=1
[19:09:21] PROBLEM field=pdf_no_fields item=16W/4538G05 url=https://www.scan-speak.dk/datasheet/pdf/16w-4538g05.pdf offset=0
         raw_value=None
         reason=pass1=0 pass2=0 chars=1599
[19:09:22] DONE problems=1
[21:27:23] PROBLEM field=pdf_no_fields item=16W/4538G05 url=https://www.scan-speak.dk/datasheet/pdf/16w-4538g05.pdf offset=0
         raw_value=None
         reason=pass1=0 pass2=0 chars=1599
[21:27:24] DONE problems=1
[19:04:50] PROBLEM field=pdf_range_Znom item=18M/8631T00 url=https://www.scan-speak.dk/datasheet/pdf/18m-8631t00.pdf offset=0
         raw_value="extracted=Znom=82 raw='82' range=1–64 Ω pos=1092 local=drivers\\new_ss_tool\\datasheets\\18m-8631t00.pdf context=…olume 0.471↵Electrical Data:↵↵Nominal impedance [Zn] 82↵Minimum impedance [Zmin] 6.3Q↵Maximum im…"
         reason=PDF extraction rejected: value outside physical range — likely font-encoding artifact
[19:04:52] PROBLEM field=html_pdf_mismatch item=18M/8631T00 url=https://www.scan-speak.dk/product/18m-8631t00/ offset=0
         raw_value='Vas: HTML=0.014 PDF=0.141 (907% diff)'
         reason=HTML and PDF values disagree by >10%
[19:04:52] DONE problems=2
[19:09:22] PROBLEM field=pdf_range_Znom item=18M/8631T00 url=https://www.scan-speak.dk/datasheet/pdf/18m-8631t00.pdf offset=0
         raw_value="extracted=Znom=82 raw='82' range=1–64 Ω pos=1092 local=drivers\\new_ss_tool\\datasheets\\18m-8631t00.pdf context=…olume 0.471↵Electrical Data:↵↵Nominal impedance [Zn] 82↵Minimum impedance [Zmin] 6.3Q↵Maximum im…"
         reason=PDF extraction rejected: value outside physical range — likely font-encoding artifact
[19:09:24] PROBLEM field=html_pdf_mismatch item=18M/8631T00 url=https://www.scan-speak.dk/product/18m-8631t00/ offset=0
         raw_value='Vas: HTML=0.014 PDF=0.141 (907% diff)'
         reason=HTML and PDF values disagree by >10%
[19:09:24] DONE problems=2
[21:27:24] PROBLEM field=pdf_range_Znom item=18M/8631T00 url=https://www.scan-speak.dk/datasheet/pdf/18m-8631t00.pdf offset=0
         raw_value="extracted=Znom=82 raw='82' range=1–32 Ω pos=1092 local=drivers\\new_ss_tool\\datasheets\\18m-8631t00.pdf context=…olume 0.471↵Electrical Data:↵↵Nominal impedance [Zn] 82↵Minimum impedance [Zmin] 6.3Q↵Maximum im…"
         reason=PDF extraction rejected: value outside physical range — likely font-encoding artifact
[21:27:26] PROBLEM field=html_pdf_mismatch item=18M/8631T00 url=https://www.scan-speak.dk/product/18m-8631t00/ offset=0
         raw_value='Vas: HTML=0.014 PDF=0.141 (907% diff)'
         reason=HTML and PDF values disagree by >10%
[21:27:26] DONE problems=2
[19:04:49] PROBLEM field=pdf_no_fields item=18W/4434G00 url=https://www.scan-speak.dk/datasheet/pdf/18w-4434g00.pdf offset=0
         raw_value=None
         reason=pass1=0 pass2=0 chars=1552
[19:04:49] DONE problems=1
[19:09:21] PROBLEM field=pdf_no_fields item=18W/4434G00 url=https://www.scan-speak.dk/datasheet/pdf/18w-4434g00.pdf offset=0
         raw_value=None
         reason=pass1=0 pass2=0 chars=1552
[19:09:22] DONE problems=1
[21:27:23] PROBLEM field=pdf_no_fields item=18W/4434G00 url=https://www.scan-speak.dk/datasheet/pdf/18w-4434g00.pdf offset=0
         raw_value=None
         reason=pass1=0 pass2=0 chars=1552
[21:27:23] DONE problems=1
[19:04:49] PROBLEM field=pdf_no_fields item=18W/4531G01 url=https://www.scan-speak.dk/datasheet/pdf/18w-4531g01.pdf offset=0
         raw_value=None
         reason=pass1=0 pass2=0 chars=1598
[19:04:50] DONE problems=1
[19:09:21] PROBLEM field=pdf_no_fields item=18W/4531G01 url=https://www.scan-speak.dk/datasheet/pdf/18w-4531g01.pdf offset=0
         raw_value=None
         reason=pass1=0 pass2=0 chars=1598
[19:09:23] DONE problems=1
[21:27:23] PROBLEM field=pdf_no_fields item=18W/4531G01 url=https://www.scan-speak.dk/datasheet/pdf/18w-4531g01.pdf offset=0
         raw_value=None
         reason=pass1=0 pass2=0 chars=1598
[21:27:24] DONE problems=1
[19:04:49] PROBLEM field=pdf_range_Znom item=18W/8424G00 url=https://www.scan-speak.dk/datasheet/pdf/18w-8424g00.pdf offset=0
         raw_value="extracted=Znom=72.2 raw='72,2' range=1–64 Ω pos=315 local=drivers\\new_ss_tool\\datasheets\\18w-8424g00.pdf context=… . Compliance [Cms] 0.77 mm/N↵z 72,2 Pitch diam. 167 Effective diaph. diamete…"
         reason=PDF extraction rejected: value outside physical range — likely font-encoding artifact
[19:04:49] PROBLEM field=pdf_range_Znom item=18W/8424G00 url=https://www.scan-speak.dk/datasheet/pdf/18w-8424g00.pdf offset=0
         raw_value="extracted=Znom=82 raw='82' range=1–64 Ω pos=839 local=drivers\\new_ss_tool\\datasheets\\18w-8424g00.pdf context=…xcellent Midrange Performance Nominal impedance [Zn] 82↵Coated NRSC Fibre Glass Cone Minimum imp…"
         reason=PDF extraction rejected: value outside physical range — likely font-encoding artifact
[19:04:49] DONE problems=2
[19:09:22] PROBLEM field=pdf_range_Znom item=18W/8424G00 url=https://www.scan-speak.dk/datasheet/pdf/18w-8424g00.pdf offset=0
         raw_value="extracted=Znom=72.2 raw='72,2' range=1–64 Ω pos=315 local=drivers\\new_ss_tool\\datasheets\\18w-8424g00.pdf context=… . Compliance [Cms] 0.77 mm/N↵z 72,2 Pitch diam. 167 Effective diaph. diamete…"
         reason=PDF extraction rejected: value outside physical range — likely font-encoding artifact
[19:09:22] PROBLEM field=pdf_range_Znom item=18W/8424G00 url=https://www.scan-speak.dk/datasheet/pdf/18w-8424g00.pdf offset=0
         raw_value="extracted=Znom=82 raw='82' range=1–64 Ω pos=839 local=drivers\\new_ss_tool\\datasheets\\18w-8424g00.pdf context=…xcellent Midrange Performance Nominal impedance [Zn] 82↵Coated NRSC Fibre Glass Cone Minimum imp…"
         reason=PDF extraction rejected: value outside physical range — likely font-encoding artifact
[19:09:22] DONE problems=2
[21:27:23] PROBLEM field=pdf_range_Znom item=18W/8424G00 url=https://www.scan-speak.dk/datasheet/pdf/18w-8424g00.pdf offset=0
         raw_value="extracted=Znom=72.2 raw='72,2' range=1–32 Ω pos=315 local=drivers\\new_ss_tool\\datasheets\\18w-8424g00.pdf context=… . Compliance [Cms] 0.77 mm/N↵z 72,2 Pitch diam. 167 Effective diaph. diamete…"
         reason=PDF extraction rejected: value outside physical range — likely font-encoding artifact
[21:27:23] PROBLEM field=pdf_range_Znom item=18W/8424G00 url=https://www.scan-speak.dk/datasheet/pdf/18w-8424g00.pdf offset=0
         raw_value="extracted=Znom=82 raw='82' range=1–32 Ω pos=839 local=drivers\\new_ss_tool\\datasheets\\18w-8424g00.pdf context=…xcellent Midrange Performance Nominal impedance [Zn] 82↵Coated NRSC Fibre Glass Cone Minimum imp…"
         reason=PDF extraction rejected: value outside physical range — likely font-encoding artifact
[21:27:23] DONE problems=2
[19:04:49] PROBLEM field=pdf_no_fields item=18W/8434G00 url=https://www.scan-speak.dk/datasheet/pdf/18w-8434g00.pdf offset=0
         raw_value=None
         reason=pass1=0 pass2=0 chars=1586
[19:04:49] DONE problems=1
[19:09:22] PROBLEM field=pdf_no_fields item=18W/8434G00 url=https://www.scan-speak.dk/datasheet/pdf/18w-8434g00.pdf offset=0
         raw_value=None
         reason=pass1=0 pass2=0 chars=1586
[19:09:22] DONE problems=1
[21:27:23] PROBLEM field=pdf_no_fields item=18W/8434G00 url=https://www.scan-speak.dk/datasheet/pdf/18w-8434g00.pdf offset=0
         raw_value=None
         reason=pass1=0 pass2=0 chars=1586
[21:27:23] DONE problems=1
[19:04:49] PROBLEM field=pdf_no_fields item=18W/8535-01 url=https://www.scan-speak.dk/datasheet/pdf/18w-8535-01.pdf offset=0
         raw_value=None
         reason=pass1=0 pass2=0 chars=1589
[19:04:49] DONE problems=1
[19:09:22] PROBLEM field=pdf_no_fields item=18W/8535-01 url=https://www.scan-speak.dk/datasheet/pdf/18w-8535-01.pdf offset=0
         raw_value=None
         reason=pass1=0 pass2=0 chars=1589
[19:09:22] DONE problems=1
[21:27:23] PROBLEM field=pdf_no_fields item=18W/8535-01 url=https://www.scan-speak.dk/datasheet/pdf/18w-8535-01.pdf offset=0
         raw_value=None
         reason=pass1=0 pass2=0 chars=1589
[21:27:23] DONE problems=1
[19:04:56] PROBLEM field=pdf_range_Znom item=18W/8542-10 url=https://www.scan-speak.dk/datasheet/pdf/18w-8542-10.pdf offset=0
         raw_value="extracted=Znom=82 raw='82' range=1–64 Ω pos=1170 local=drivers\\new_ss_tool\\datasheets\\18w-8542-10.pdf context=…lume 0.541↵↵Electrical Data:↵↵Nominal impedance [Zn] 82↵Minimum impedance [Zmin] 6.62↵Maximum im…"
         reason=PDF extraction rejected: value outside physical range — likely font-encoding artifact
[19:04:58] PROBLEM field=html_pdf_mismatch item=18W/8542-10 url=https://www.scan-speak.dk/product/18w-8542-10/ offset=0
         raw_value='Vas: HTML=0.026 PDF=0.261 (904% diff)'
         reason=HTML and PDF values disagree by >10%
[19:04:58] DONE problems=2
[19:09:28] PROBLEM field=pdf_range_Znom item=18W/8542-10 url=https://www.scan-speak.dk/datasheet/pdf/18w-8542-10.pdf offset=0
         raw_value="extracted=Znom=82 raw='82' range=1–64 Ω pos=1170 local=drivers\\new_ss_tool\\datasheets\\18w-8542-10.pdf context=…lume 0.541↵↵Electrical Data:↵↵Nominal impedance [Zn] 82↵Minimum impedance [Zmin] 6.62↵Maximum im…"
         reason=PDF extraction rejected: value outside physical range — likely font-encoding artifact
[19:09:30] PROBLEM field=html_pdf_mismatch item=18W/8542-10 url=https://www.scan-speak.dk/product/18w-8542-10/ offset=0
         raw_value='Vas: HTML=0.026 PDF=0.261 (904% diff)'
         reason=HTML and PDF values disagree by >10%
[19:09:30] DONE problems=2
[21:27:30] PROBLEM field=pdf_range_Znom item=18W/8542-10 url=https://www.scan-speak.dk/datasheet/pdf/18w-8542-10.pdf offset=0
         raw_value="extracted=Znom=82 raw='82' range=1–32 Ω pos=1170 local=drivers\\new_ss_tool\\datasheets\\18w-8542-10.pdf context=…lume 0.541↵↵Electrical Data:↵↵Nominal impedance [Zn] 82↵Minimum impedance [Zmin] 6.62↵Maximum im…"
         reason=PDF extraction rejected: value outside physical range — likely font-encoding artifact
[21:27:32] PROBLEM field=html_pdf_mismatch item=18W/8542-10 url=https://www.scan-speak.dk/product/18w-8542-10/ offset=0
         raw_value='Vas: HTML=0.026 PDF=0.261 (904% diff)'
         reason=HTML and PDF values disagree by >10%
[21:27:32] DONE problems=2
[19:04:49] PROBLEM field=pdf_range_Znom item=18W/8545-01 url=https://www.scan-speak.dk/datasheet/pdf/18w-8545-01.pdf offset=0
         raw_value="extracted=Znom=82 raw='82' range=1–64 Ω pos=1128 local=drivers\\new_ss_tool\\datasheets\\18w-8545-01.pdf context=…olume 0.541↵Electrical Data:↵↵Nominal impedance [Zn] 82↵Minimum impedance [Zmin] 6.22↵Maximum im…"
         reason=PDF extraction rejected: value outside physical range — likely font-encoding artifact
[19:04:49] DONE problems=1
[19:09:22] PROBLEM field=pdf_range_Znom item=18W/8545-01 url=https://www.scan-speak.dk/datasheet/pdf/18w-8545-01.pdf offset=0
         raw_value="extracted=Znom=82 raw='82' range=1–64 Ω pos=1128 local=drivers\\new_ss_tool\\datasheets\\18w-8545-01.pdf context=…olume 0.541↵Electrical Data:↵↵Nominal impedance [Zn] 82↵Minimum impedance [Zmin] 6.22↵Maximum im…"
         reason=PDF extraction rejected: value outside physical range — likely font-encoding artifact
[19:09:22] DONE problems=1
[21:27:23] PROBLEM field=pdf_range_Znom item=18W/8545-01 url=https://www.scan-speak.dk/datasheet/pdf/18w-8545-01.pdf offset=0
         raw_value="extracted=Znom=82 raw='82' range=1–32 Ω pos=1128 local=drivers\\new_ss_tool\\datasheets\\18w-8545-01.pdf context=…olume 0.541↵Electrical Data:↵↵Nominal impedance [Zn] 82↵Minimum impedance [Zmin] 6.22↵Maximum im…"
         reason=PDF extraction rejected: value outside physical range — likely font-encoding artifact
[21:27:23] DONE problems=1
[19:04:49] PROBLEM field=pdf_no_fields item=18W/8545K00 url=https://www.scan-speak.dk/datasheet/pdf/18w-8545k00.pdf offset=0
         raw_value=None
         reason=pass1=0 pass2=0 chars=1552
[19:04:49] DONE problems=1
[19:09:22] PROBLEM field=pdf_no_fields item=18W/8545K00 url=https://www.scan-speak.dk/datasheet/pdf/18w-8545k00.pdf offset=0
         raw_value=None
         reason=pass1=0 pass2=0 chars=1552
[19:09:22] DONE problems=1
[21:27:23] PROBLEM field=pdf_no_fields item=18W/8545K00 url=https://www.scan-speak.dk/datasheet/pdf/18w-8545k00.pdf offset=0
         raw_value=None
         reason=pass1=0 pass2=0 chars=1552
[21:27:23] DONE problems=1
[19:04:52] PROBLEM field=html_pdf_mismatch item=18WE/4542T00 url=https://www.scan-speak.dk/product/18we-4542t00/ offset=0
         raw_value='BL: HTML=8.1 PDF=817 (9986% diff)'
         reason=HTML and PDF values disagree by >10%
[19:04:52] DONE problems=1
[19:09:24] PROBLEM field=html_pdf_mismatch item=18WE/4542T00 url=https://www.scan-speak.dk/product/18we-4542t00/ offset=0
         raw_value='BL: HTML=8.1 PDF=817 (9986% diff)'
         reason=HTML and PDF values disagree by >10%
[19:09:24] DONE problems=1
[21:27:24] PROBLEM field=pdf_range_Znom item=18WE/4542T00 url=https://www.scan-speak.dk/datasheet/pdf/18we-4542t00.pdf offset=0
         raw_value="extracted=Znom=42 raw='42' range=1–32 Ω pos=831 local=drivers\\new_ss_tool\\datasheets\\18we-4542t00.pdf context=…irCirc optimized magnetsystem Nominal impedance [Zn] 42↵Very low mechanical losses Minimum imped…"
         reason=PDF extraction rejected: value outside physical range — likely font-encoding artifact
[21:27:26] PROBLEM field=html_pdf_mismatch item=18WE/4542T00 url=https://www.scan-speak.dk/product/18we-4542t00/ offset=0
         raw_value='BL: HTML=8.1 PDF=817 (9986% diff)'
         reason=HTML and PDF values disagree by >10%
[21:27:26] DONE problems=2
[19:04:51] PROBLEM field=pdf_range_Znom item=18WE/8542T00 url=https://www.scan-speak.dk/datasheet/pdf/18we-8542t00.pdf offset=0
         raw_value="extracted=Znom=82 raw='82' range=1–64 Ω pos=1095 local=drivers\\new_ss_tool\\datasheets\\18we-8542t00.pdf context=…olume 0.321↵↵Electrical Data:↵Nominal impedance [Zn] 82↵↵Minimum impedance [Zmin] 7.62↵Maximum im…"
         reason=PDF extraction rejected: value outside physical range — likely font-encoding artifact
[19:04:53] PROBLEM field=html_pdf_mismatch item=18WE/8542T00 url=https://www.scan-speak.dk/product/18we-8542t00/ offset=0
         raw_value='Vas: HTML=0.016 PDF=0.161 (906% diff)'
         reason=HTML and PDF values disagree by >10%
[19:04:53] DONE problems=2
[19:09:23] PROBLEM field=pdf_range_Znom item=18WE/8542T00 url=https://www.scan-speak.dk/datasheet/pdf/18we-8542t00.pdf offset=0
         raw_value="extracted=Znom=82 raw='82' range=1–64 Ω pos=1095 local=drivers\\new_ss_tool\\datasheets\\18we-8542t00.pdf context=…olume 0.321↵↵Electrical Data:↵Nominal impedance [Zn] 82↵↵Minimum impedance [Zmin] 7.62↵Maximum im…"
         reason=PDF extraction rejected: value outside physical range — likely font-encoding artifact
[19:09:24] PROBLEM field=html_pdf_mismatch item=18WE/8542T00 url=https://www.scan-speak.dk/product/18we-8542t00/ offset=0
         raw_value='Vas: HTML=0.016 PDF=0.161 (906% diff)'
         reason=HTML and PDF values disagree by >10%
[19:09:24] DONE problems=2
[21:27:24] PROBLEM field=pdf_range_Znom item=18WE/8542T00 url=https://www.scan-speak.dk/datasheet/pdf/18we-8542t00.pdf offset=0
         raw_value="extracted=Znom=82 raw='82' range=1–32 Ω pos=1095 local=drivers\\new_ss_tool\\datasheets\\18we-8542t00.pdf context=…olume 0.321↵↵Electrical Data:↵Nominal impedance [Zn] 82↵↵Minimum impedance [Zmin] 7.62↵Maximum im…"
         reason=PDF extraction rejected: value outside physical range — likely font-encoding artifact
[21:27:26] PROBLEM field=html_pdf_mismatch item=18WE/8542T00 url=https://www.scan-speak.dk/product/18we-8542t00/ offset=0
         raw_value='Vas: HTML=0.016 PDF=0.161 (906% diff)'
         reason=HTML and PDF values disagree by >10%
[21:27:26] DONE problems=2
[19:04:49] PROBLEM field=pdf_range_Znom item=18WU/4747T00 url=https://www.scan-speak.dk/datasheet/pdf/18wu-4747t00.pdf offset=0
         raw_value="extracted=Znom=75 raw='75' range=1–64 Ω pos=314 local=drivers\\new_ss_tool\\datasheets\\18wu-4747t00.pdf context=…\x11\x11\x12\r31:\x12\x0b*17FjB\x0b*17\x0e\x123\x12\x13\x0bh4i \x0bZ[\x0b\x0e\x0e↵D\x11\x11\x12\r31:\x12\x0bF153\x10)\x0b7\x13\x127\x0bh8*i \x0b_Z\x0b\r\x0ep↵DX-1:79\x12)3\x0b:\x109-\x0e\x12\x0bh]75i <a\x0b 9↵8\x12)5131:130\x0b;l`\x0c<]o\x0b\x0e= \x0cbB _ \x0b*>…"
         reason=PDF extraction rejected: value outside physical range — likely font-encoding artifact
[19:04:49] PROBLEM field=pdf_no_fields item=18WU/4747T00 url=https://www.scan-speak.dk/datasheet/pdf/18wu-4747t00.pdf offset=0
         raw_value=None
         reason=pass1=0 pass2=0 chars=1656
[19:04:49] DONE problems=2
[19:09:22] PROBLEM field=pdf_range_Znom item=18WU/4747T00 url=https://www.scan-speak.dk/datasheet/pdf/18wu-4747t00.pdf offset=0
         raw_value="extracted=Znom=75 raw='75' range=1–64 Ω pos=314 local=drivers\\new_ss_tool\\datasheets\\18wu-4747t00.pdf context=…\x11\x11\x12\r31:\x12\x0b*17FjB\x0b*17\x0e\x123\x12\x13\x0bh4i \x0bZ[\x0b\x0e\x0e↵D\x11\x11\x12\r31:\x12\x0bF153\x10)\x0b7\x13\x127\x0bh8*i \x0b_Z\x0b\r\x0ep↵DX-1:79\x12)3\x0b:\x109-\x0e\x12\x0bh]75i <a\x0b 9↵8\x12)5131:130\x0b;l`\x0c<]o\x0b\x0e= \x0cbB _ \x0b*>…"
         reason=PDF extraction rejected: value outside physical range — likely font-encoding artifact
[19:09:22] PROBLEM field=pdf_no_fields item=18WU/4747T00 url=https://www.scan-speak.dk/datasheet/pdf/18wu-4747t00.pdf offset=0
         raw_value=None
         reason=pass1=0 pass2=0 chars=1656
[19:09:22] DONE problems=2
[21:27:23] PROBLEM field=pdf_range_Znom item=18WU/4747T00 url=https://www.scan-speak.dk/datasheet/pdf/18wu-4747t00.pdf offset=0
         raw_value="extracted=Znom=75 raw='75' range=1–32 Ω pos=314 local=drivers\\new_ss_tool\\datasheets\\18wu-4747t00.pdf context=…\x11\x11\x12\r31:\x12\x0b*17FjB\x0b*17\x0e\x123\x12\x13\x0bh4i \x0bZ[\x0b\x0e\x0e↵D\x11\x11\x12\r31:\x12\x0bF153\x10)\x0b7\x13\x127\x0bh8*i \x0b_Z\x0b\r\x0ep↵DX-1:79\x12)3\x0b:\x109-\x0e\x12\x0bh]75i <a\x0b 9↵8\x12)5131:130\x0b;l`\x0c<]o\x0b\x0e= \x0cbB _ \x0b*>…"
         reason=PDF extraction rejected: value outside physical range — likely font-encoding artifact
[21:27:23] PROBLEM field=pdf_no_fields item=18WU/4747T00 url=https://www.scan-speak.dk/datasheet/pdf/18wu-4747t00.pdf offset=0
         raw_value=None
         reason=pass1=0 pass2=0 chars=1656
[21:27:23] DONE problems=2
[19:04:49] PROBLEM field=pdf_no_fields item=18WU/8741T00 url=https://www.scan-speak.dk/datasheet/pdf/18wu-8741t00.pdf offset=0
         raw_value=None
         reason=pass1=0 pass2=0 chars=1587
[19:04:49] DONE problems=1
[19:09:22] PROBLEM field=pdf_no_fields item=18WU/8741T00 url=https://www.scan-speak.dk/datasheet/pdf/18wu-8741t00.pdf offset=0
         raw_value=None
         reason=pass1=0 pass2=0 chars=1587
[19:09:22] DONE problems=1
[21:27:23] PROBLEM field=pdf_no_fields item=18WU/8741T00 url=https://www.scan-speak.dk/datasheet/pdf/18wu-8741t00.pdf offset=0
         raw_value=None
         reason=pass1=0 pass2=0 chars=1587
[21:27:23] DONE problems=1
[19:04:49] PROBLEM field=pdf_range_Znom item=18WU/8747T00 url=https://www.scan-speak.dk/datasheet/pdf/18wu-8747t00.pdf offset=0
         raw_value="extracted=Znom=75 raw='75' range=1–64 Ω pos=307 local=drivers\\new_ss_tool\\datasheets\\18wu-8747t00.pdf context=…\x11\x11\x12\r31:\x12\x0b*17FiB\x0b*17\x0e\x123\x12\x13\x0bg4h \x0bZ[\x0b\x0e\x0e↵D\x11\x11\x12\r31:\x12\x0bF153\x10)\x0b7\x13\x127\x0bg8*h \x0bbZ\x0b\r\x0eo↵DX-1:79\x12)3\x0b:\x109-\x0e\x12\x0bg]75h <aB k \x0b9↵8\x12)5131:130\x0b;k`\x0c<]n\x0b\x0e= \x0cbB b …"
         reason=PDF extraction rejected: value outside physical range — likely font-encoding artifact
[19:04:49] DONE problems=1
[19:09:22] PROBLEM field=pdf_range_Znom item=18WU/8747T00 url=https://www.scan-speak.dk/datasheet/pdf/18wu-8747t00.pdf offset=0
         raw_value="extracted=Znom=75 raw='75' range=1–64 Ω pos=307 local=drivers\\new_ss_tool\\datasheets\\18wu-8747t00.pdf context=…\x11\x11\x12\r31:\x12\x0b*17FiB\x0b*17\x0e\x123\x12\x13\x0bg4h \x0bZ[\x0b\x0e\x0e↵D\x11\x11\x12\r31:\x12\x0bF153\x10)\x0b7\x13\x127\x0bg8*h \x0bbZ\x0b\r\x0eo↵DX-1:79\x12)3\x0b:\x109-\x0e\x12\x0bg]75h <aB k \x0b9↵8\x12)5131:130\x0b;k`\x0c<]n\x0b\x0e= \x0cbB b …"
         reason=PDF extraction rejected: value outside physical range — likely font-encoding artifact
[19:09:22] DONE problems=1
[21:27:23] PROBLEM field=pdf_range_Znom item=18WU/8747T00 url=https://www.scan-speak.dk/datasheet/pdf/18wu-8747t00.pdf offset=0
         raw_value="extracted=Znom=75 raw='75' range=1–32 Ω pos=307 local=drivers\\new_ss_tool\\datasheets\\18wu-8747t00.pdf context=…\x11\x11\x12\r31:\x12\x0b*17FiB\x0b*17\x0e\x123\x12\x13\x0bg4h \x0bZ[\x0b\x0e\x0e↵D\x11\x11\x12\r31:\x12\x0bF153\x10)\x0b7\x13\x127\x0bg8*h \x0bbZ\x0b\r\x0eo↵DX-1:79\x12)3\x0b:\x109-\x0e\x12\x0bg]75h <aB k \x0b9↵8\x12)5131:130\x0b;k`\x0c<]n\x0b\x0e= \x0cbB b …"
         reason=PDF extraction rejected: value outside physical range — likely font-encoding artifact
[21:27:23] DONE problems=1
[19:04:49] PROBLEM field=pdf_range_Vas item=21W/8555-10 url=https://www.scan-speak.dk/datasheet/pdf/21w-8555-10.pdf offset=0
         raw_value="extracted=Vas=1.341 raw='1341' range=≤ 1000 L (1.0 m³) pos=876 local=drivers\\new_ss_tool\\datasheets\\21w-8555-10.pdf context=…tive piston area [Sd] 220 cm?↵Equivalent volume [Vas] 1341↵Sensitivity (2,83V/1m) 87 dB↵Mechanical …"
         reason=PDF extraction rejected: value outside physical range — likely font-encoding artifact
[19:04:49] DONE problems=1
[19:09:22] PROBLEM field=pdf_range_Vas item=21W/8555-10 url=https://www.scan-speak.dk/datasheet/pdf/21w-8555-10.pdf offset=0
         raw_value="extracted=Vas=1.341 raw='1341' range=≤ 1000 L (1.0 m³) pos=876 local=drivers\\new_ss_tool\\datasheets\\21w-8555-10.pdf context=…tive piston area [Sd] 220 cm?↵Equivalent volume [Vas] 1341↵Sensitivity (2,83V/1m) 87 dB↵Mechanical …"
         reason=PDF extraction rejected: value outside physical range — likely font-encoding artifact
[19:09:22] DONE problems=1
[21:27:23] PROBLEM field=pdf_range_Vas item=21W/8555-10 url=https://www.scan-speak.dk/datasheet/pdf/21w-8555-10.pdf offset=0
         raw_value="extracted=Vas=1.341 raw='1341' range=≤ 1000 L (1.0 m³) pos=876 local=drivers\\new_ss_tool\\datasheets\\21w-8555-10.pdf context=…tive piston area [Sd] 220 cm?↵Equivalent volume [Vas] 1341↵Sensitivity (2,83V/1m) 87 dB↵Mechanical …"
         reason=PDF extraction rejected: value outside physical range — likely font-encoding artifact
[21:27:23] DONE problems=1
[19:04:54] PROBLEM field=html_pdf_mismatch item=21WE/4542T00 url=https://www.scan-speak.dk/product/21we-4542t00/ offset=0
         raw_value='Vas: HTML=0.054 PDF=0.541 (902% diff)'
         reason=HTML and PDF values disagree by >10%
[19:04:54] DONE problems=1
[19:09:25] PROBLEM field=html_pdf_mismatch item=21WE/4542T00 url=https://www.scan-speak.dk/product/21we-4542t00/ offset=0
         raw_value='Vas: HTML=0.054 PDF=0.541 (902% diff)'
         reason=HTML and PDF values disagree by >10%
[19:09:25] DONE problems=1
[21:27:24] PROBLEM field=pdf_range_Znom item=21WE/4542T00 url=https://www.scan-speak.dk/datasheet/pdf/21we-4542t00.pdf offset=0
         raw_value="extracted=Znom=42 raw='42' range=1–32 Ω pos=807 local=drivers\\new_ss_tool\\datasheets\\21we-4542t00.pdf context=…a:↵Very low mechanical losses Nominal impedance [Zn] 42↵High sensitivity (SPL) Minimum impedance…"
         reason=PDF extraction rejected: value outside physical range — likely font-encoding artifact
[21:27:26] PROBLEM field=html_pdf_mismatch item=21WE/4542T00 url=https://www.scan-speak.dk/product/21we-4542t00/ offset=0
         raw_value='Vas: HTML=0.054 PDF=0.541 (902% diff)'
         reason=HTML and PDF values disagree by >10%
[21:27:26] DONE problems=2
[19:04:51] PROBLEM field=pdf_range_SPL item=22W/4851T00 url=https://www.scan-speak.dk/datasheet/pdf/22w-4851t00.pdf offset=0
         raw_value="extracted=SPL=22 raw='22' range=50–120 dB pos=799 local=drivers\\new_ss_tool\\datasheets\\22w-4851t00.pdf context=… [Sd]↵Equivalent volume [Vas]↵Sensitivity (2,83V/1m)↵↵22W/4851T00↵↵21 Hz↵5.20↵0.23↵0.22↵↵8.2 Tm↵…"
         reason=PDF extraction rejected: value outside physical range — likely font-encoding artifact
[19:04:51] DONE problems=1
[19:09:22] PROBLEM field=pdf_range_SPL item=22W/4851T00 url=https://www.scan-speak.dk/datasheet/pdf/22w-4851t00.pdf offset=0
         raw_value="extracted=SPL=22 raw='22' range=50–120 dB pos=799 local=drivers\\new_ss_tool\\datasheets\\22w-4851t00.pdf context=… [Sd]↵Equivalent volume [Vas]↵Sensitivity (2,83V/1m)↵↵22W/4851T00↵↵21 Hz↵5.20↵0.23↵0.22↵↵8.2 Tm↵…"
         reason=PDF extraction rejected: value outside physical range — likely font-encoding artifact
[19:09:22] DONE problems=1
[21:27:24] PROBLEM field=pdf_range_SPL item=22W/4851T00 url=https://www.scan-speak.dk/datasheet/pdf/22w-4851t00.pdf offset=0
         raw_value="extracted=SPL=22 raw='22' range=50–120 dB pos=799 local=drivers\\new_ss_tool\\datasheets\\22w-4851t00.pdf context=… [Sd]↵Equivalent volume [Vas]↵Sensitivity (2,83V/1m)↵↵22W/4851T00↵↵21 Hz↵5.20↵0.23↵0.22↵↵8.2 Tm↵…"
         reason=PDF extraction rejected: value outside physical range — likely font-encoding artifact
[21:27:24] DONE problems=1
[19:04:49] PROBLEM field=pdf_no_fields item=22W/8851T00 url=https://www.scan-speak.dk/datasheet/pdf/22w-8851t00.pdf offset=0
         raw_value=None
         reason=pass1=0 pass2=0 chars=1632
[19:04:50] DONE problems=1
[19:09:22] PROBLEM field=pdf_no_fields item=22W/8851T00 url=https://www.scan-speak.dk/datasheet/pdf/22w-8851t00.pdf offset=0
         raw_value=None
         reason=pass1=0 pass2=0 chars=1632
[19:09:22] DONE problems=1
[21:27:24] PROBLEM field=pdf_no_fields item=22W/8851T00 url=https://www.scan-speak.dk/datasheet/pdf/22w-8851t00.pdf offset=0
         raw_value=None
         reason=pass1=0 pass2=0 chars=1632
[21:27:24] DONE problems=1
[19:04:50] PROBLEM field=pdf_no_fields item=22W/8857T00 url=https://www.scan-speak.dk/datasheet/pdf/22w-8857t00.pdf offset=0
         raw_value=None
         reason=pass1=0 pass2=0 chars=1652
[19:04:50] DONE problems=1
[19:09:22] PROBLEM field=pdf_no_fields item=22W/8857T00 url=https://www.scan-speak.dk/datasheet/pdf/22w-8857t00.pdf offset=0
         raw_value=None
         reason=pass1=0 pass2=0 chars=1652
[19:09:22] DONE problems=1
[21:27:24] PROBLEM field=pdf_no_fields item=22W/8857T00 url=https://www.scan-speak.dk/datasheet/pdf/22w-8857t00.pdf offset=0
         raw_value=None
         reason=pass1=0 pass2=0 chars=1652
[21:27:24] DONE problems=1
[19:04:51] PROBLEM field=pdf_range_Vas item=25W/8565-00 url=https://www.scan-speak.dk/datasheet/pdf/25w-8565-00.pdf offset=0
         raw_value="extracted=Vas=2.251 raw='2251' range=≤ 1000 L (1.0 m³) pos=848 local=drivers\\new_ss_tool\\datasheets\\25w-8565-00.pdf context=…tive piston area [Sd] 330 cm?↵Equivalent volume [Vas] 2251↵Sensitivity (2,83V/1m) 88 dB↵Mechanical …"
         reason=PDF extraction rejected: value outside physical range — likely font-encoding artifact
[19:04:51] PROBLEM field=pdf_range_Znom item=25W/8565-00 url=https://www.scan-speak.dk/datasheet/pdf/25w-8565-00.pdf offset=0
         raw_value="extracted=Znom=82 raw='82' range=1–64 Ω pos=1129 local=drivers\\new_ss_tool\\datasheets\\25w-8565-00.pdf context=…olume 0.751↵Electrical Data:↵↵Nominal impedance [Zn] 82↵Minimum impedance [Zmin] 6.22↵Maximum im…"
         reason=PDF extraction rejected: value outside physical range — likely font-encoding artifact
[19:04:51] DONE problems=2
[19:09:22] PROBLEM field=pdf_range_Vas item=25W/8565-00 url=https://www.scan-speak.dk/datasheet/pdf/25w-8565-00.pdf offset=0
         raw_value="extracted=Vas=2.251 raw='2251' range=≤ 1000 L (1.0 m³) pos=848 local=drivers\\new_ss_tool\\datasheets\\25w-8565-00.pdf context=…tive piston area [Sd] 330 cm?↵Equivalent volume [Vas] 2251↵Sensitivity (2,83V/1m) 88 dB↵Mechanical …"
         reason=PDF extraction rejected: value outside physical range — likely font-encoding artifact
[19:09:22] PROBLEM field=pdf_range_Znom item=25W/8565-00 url=https://www.scan-speak.dk/datasheet/pdf/25w-8565-00.pdf offset=0
         raw_value="extracted=Znom=82 raw='82' range=1–64 Ω pos=1129 local=drivers\\new_ss_tool\\datasheets\\25w-8565-00.pdf context=…olume 0.751↵Electrical Data:↵↵Nominal impedance [Zn] 82↵Minimum impedance [Zmin] 6.22↵Maximum im…"
         reason=PDF extraction rejected: value outside physical range — likely font-encoding artifact
[19:09:22] DONE problems=2
[21:27:24] PROBLEM field=pdf_range_Vas item=25W/8565-00 url=https://www.scan-speak.dk/datasheet/pdf/25w-8565-00.pdf offset=0
         raw_value="extracted=Vas=2.251 raw='2251' range=≤ 1000 L (1.0 m³) pos=848 local=drivers\\new_ss_tool\\datasheets\\25w-8565-00.pdf context=…tive piston area [Sd] 330 cm?↵Equivalent volume [Vas] 2251↵Sensitivity (2,83V/1m) 88 dB↵Mechanical …"
         reason=PDF extraction rejected: value outside physical range — likely font-encoding artifact
[21:27:24] PROBLEM field=pdf_range_Znom item=25W/8565-00 url=https://www.scan-speak.dk/datasheet/pdf/25w-8565-00.pdf offset=0
         raw_value="extracted=Znom=82 raw='82' range=1–32 Ω pos=1129 local=drivers\\new_ss_tool\\datasheets\\25w-8565-00.pdf context=…olume 0.751↵Electrical Data:↵↵Nominal impedance [Zn] 82↵Minimum impedance [Zmin] 6.22↵Maximum im…"
         reason=PDF extraction rejected: value outside physical range — likely font-encoding artifact
[21:27:24] DONE problems=2
[19:04:50] PROBLEM field=html_pdf_mismatch item=26W/0-00-00 url=https://www.scan-speak.dk/product/26w-0-00-00/ offset=0
         raw_value='Vas: HTML=0.095 PDF=0.951 (901% diff)'
         reason=HTML and PDF values disagree by >10%
[19:04:50] DONE problems=1
[19:09:22] PROBLEM field=html_pdf_mismatch item=26W/0-00-00 url=https://www.scan-speak.dk/product/26w-0-00-00/ offset=0
         raw_value='Vas: HTML=0.095 PDF=0.951 (901% diff)'
         reason=HTML and PDF values disagree by >10%
[19:09:22] DONE problems=1
[21:27:24] PROBLEM field=html_pdf_mismatch item=26W/0-00-00 url=https://www.scan-speak.dk/product/26w-0-00-00/ offset=0
         raw_value='Vas: HTML=0.095 PDF=0.951 (901% diff)'
         reason=HTML and PDF values disagree by >10%
[21:27:24] DONE problems=1
[19:04:50] PROBLEM field=pdf_no_fields item=26W/4534G00 url=https://www.scan-speak.dk/datasheet/pdf/26w-4534g00.pdf offset=0
         raw_value=None
         reason=pass1=0 pass2=0 chars=1566
[19:04:50] DONE problems=1
[19:09:22] PROBLEM field=pdf_no_fields item=26W/4534G00 url=https://www.scan-speak.dk/datasheet/pdf/26w-4534g00.pdf offset=0
         raw_value=None
         reason=pass1=0 pass2=0 chars=1566
[19:09:22] DONE problems=1
[21:27:24] PROBLEM field=pdf_no_fields item=26W/4534G00 url=https://www.scan-speak.dk/datasheet/pdf/26w-4534g00.pdf offset=0
         raw_value=None
         reason=pass1=0 pass2=0 chars=1566
[21:27:24] DONE problems=1
[19:04:50] DONE problems=0
[19:09:22] DONE problems=0
[21:27:24] PROBLEM field=pdf_range_Znom item=26W/4558T00 url=https://www.scan-speak.dk/datasheet/pdf/26w-4558t00.pdf offset=0
         raw_value="extracted=Znom=42 raw='42' range=1–32 Ω pos=803 local=drivers\\new_ss_tool\\datasheets\\26w-4558t00.pdf context=…ata:↵High Output 88dB @ 2,83V Nominal impedance [Zn] 42↵(remy ReserTse hikes GB Minimum impedanc…"
         reason=PDF extraction rejected: value outside physical range — likely font-encoding artifact
[21:27:24] DONE problems=1
[19:04:50] PROBLEM field=pdf_no_fields item=26W/4558T06 url=https://www.scan-speak.dk/datasheet/pdf/26w-4558t06.pdf offset=0
         raw_value=None
         reason=pass1=0 pass2=0 chars=1612
[19:04:51] DONE problems=1
[19:09:22] PROBLEM field=pdf_no_fields item=26W/4558T06 url=https://www.scan-speak.dk/datasheet/pdf/26w-4558t06.pdf offset=0
         raw_value=None
         reason=pass1=0 pass2=0 chars=1612
[19:09:23] DONE problems=1
[21:27:24] PROBLEM field=pdf_no_fields item=26W/4558T06 url=https://www.scan-speak.dk/datasheet/pdf/26w-4558t06.pdf offset=0
         raw_value=None
         reason=pass1=0 pass2=0 chars=1612
[21:27:24] DONE problems=1
[19:04:51] PROBLEM field=pdf_range_Vas item=26W/4867T00 url=https://www.scan-speak.dk/datasheet/pdf/26w-4867t00.pdf offset=0
         raw_value="extracted=Vas=2.201 raw='2201' range=≤ 1000 L (1.0 m³) pos=421 local=drivers\\new_ss_tool\\datasheets\\26w-4867t00.pdf context=…area [Sd] 320 cm?↵ia↵; 1 V7 — Equivalent volume [Vas] 2201↵S Va a ~ \\\\ Sensitivity (2,83V/1m) 89 dB…"
         reason=PDF extraction rejected: value outside physical range — likely font-encoding artifact
[19:04:51] DONE problems=1
[19:09:22] PROBLEM field=pdf_range_Vas item=26W/4867T00 url=https://www.scan-speak.dk/datasheet/pdf/26w-4867t00.pdf offset=0
         raw_value="extracted=Vas=2.201 raw='2201' range=≤ 1000 L (1.0 m³) pos=421 local=drivers\\new_ss_tool\\datasheets\\26w-4867t00.pdf context=…area [Sd] 320 cm?↵ia↵; 1 V7 — Equivalent volume [Vas] 2201↵S Va a ~ \\\\ Sensitivity (2,83V/1m) 89 dB…"
         reason=PDF extraction rejected: value outside physical range — likely font-encoding artifact
[19:09:22] DONE problems=1
[21:27:24] PROBLEM field=pdf_range_Vas item=26W/4867T00 url=https://www.scan-speak.dk/datasheet/pdf/26w-4867t00.pdf offset=0
         raw_value="extracted=Vas=2.201 raw='2201' range=≤ 1000 L (1.0 m³) pos=421 local=drivers\\new_ss_tool\\datasheets\\26w-4867t00.pdf context=…area [Sd] 320 cm?↵ia↵; 1 V7 — Equivalent volume [Vas] 2201↵S Va a ~ \\\\ Sensitivity (2,83V/1m) 89 dB…"
         reason=PDF extraction rejected: value outside physical range — likely font-encoding artifact
[21:27:24] DONE problems=1
[19:04:51] PROBLEM field=pdf_range_Vas item=26W/8861T00 url=https://www.scan-speak.dk/datasheet/pdf/26w-8861t00.pdf offset=0
         raw_value="extracted=Vas=2.311 raw='2311' range=≤ 1000 L (1.0 m³) pos=409 local=drivers\\new_ss_tool\\datasheets\\26w-8861t00.pdf context=…ve piston area [Sd] 320 cm2↵— Equivalent volume [Vas] 2311↵| 1 Vi ‘\\\\ Sensitivity (2,83V/1m) 88.5 d…"
         reason=PDF extraction rejected: value outside physical range — likely font-encoding artifact
[19:04:51] DONE problems=1
[19:09:22] PROBLEM field=pdf_range_Vas item=26W/8861T00 url=https://www.scan-speak.dk/datasheet/pdf/26w-8861t00.pdf offset=0
         raw_value="extracted=Vas=2.311 raw='2311' range=≤ 1000 L (1.0 m³) pos=409 local=drivers\\new_ss_tool\\datasheets\\26w-8861t00.pdf context=…ve piston area [Sd] 320 cm2↵— Equivalent volume [Vas] 2311↵| 1 Vi ‘\\\\ Sensitivity (2,83V/1m) 88.5 d…"
         reason=PDF extraction rejected: value outside physical range — likely font-encoding artifact
[19:09:22] DONE problems=1
[21:27:24] PROBLEM field=pdf_range_Vas item=26W/8861T00 url=https://www.scan-speak.dk/datasheet/pdf/26w-8861t00.pdf offset=0
         raw_value="extracted=Vas=2.311 raw='2311' range=≤ 1000 L (1.0 m³) pos=409 local=drivers\\new_ss_tool\\datasheets\\26w-8861t00.pdf context=…ve piston area [Sd] 320 cm2↵— Equivalent volume [Vas] 2311↵| 1 Vi ‘\\\\ Sensitivity (2,83V/1m) 88.5 d…"
         reason=PDF extraction rejected: value outside physical range — likely font-encoding artifact
[21:27:24] DONE problems=1
[19:04:51] PROBLEM field=pdf_range_Vas item=30W/0-00-00 url=https://www.scan-speak.dk/datasheet/pdf/30w-0-00-00.pdf offset=0
         raw_value="extracted=Vas=2.001 raw='2001' range=≤ 1000 L (1.0 m³) pos=407 local=drivers\\new_ss_tool\\datasheets\\30w-0-00-00.pdf context=…piston area [Sd] 466 cm2↵“a — Equivalent volume [Vas] 2001↵YY Sensitivity (2,83V/1m) - dB↵gs i ( ‘ …"
         reason=PDF extraction rejected: value outside physical range — likely font-encoding artifact
[19:04:51] DONE problems=1
[19:09:22] PROBLEM field=pdf_range_Vas item=30W/0-00-00 url=https://www.scan-speak.dk/datasheet/pdf/30w-0-00-00.pdf offset=0
         raw_value="extracted=Vas=2.001 raw='2001' range=≤ 1000 L (1.0 m³) pos=407 local=drivers\\new_ss_tool\\datasheets\\30w-0-00-00.pdf context=…piston area [Sd] 466 cm2↵“a — Equivalent volume [Vas] 2001↵YY Sensitivity (2,83V/1m) - dB↵gs i ( ‘ …"
         reason=PDF extraction rejected: value outside physical range — likely font-encoding artifact
[19:09:22] DONE problems=1
[21:27:24] PROBLEM field=pdf_range_Vas item=30W/0-00-00 url=https://www.scan-speak.dk/datasheet/pdf/30w-0-00-00.pdf offset=0
         raw_value="extracted=Vas=2.001 raw='2001' range=≤ 1000 L (1.0 m³) pos=407 local=drivers\\new_ss_tool\\datasheets\\30w-0-00-00.pdf context=…piston area [Sd] 466 cm2↵“a — Equivalent volume [Vas] 2001↵YY Sensitivity (2,83V/1m) - dB↵gs i ( ‘ …"
         reason=PDF extraction rejected: value outside physical range — likely font-encoding artifact
[21:27:24] DONE problems=1
[19:04:50] PROBLEM field=pdf_range_Vas item=30W/4558T00 url=https://www.scan-speak.dk/datasheet/pdf/30w-4558t00.pdf offset=0
         raw_value="extracted=Vas=1.971 raw='1971' range=≤ 1000 L (1.0 m³) pos=874 local=drivers\\new_ss_tool\\datasheets\\30w-4558t00.pdf context=…tive piston area [Sd] 466 cm?↵Equivalent volume [Vas] 1971↵Sensitivity (2,83V/1m) 89 dB↵Mechanical …"
         reason=PDF extraction rejected: value outside physical range — likely font-encoding artifact
[19:04:50] DONE problems=1
[19:09:22] PROBLEM field=pdf_range_Vas item=30W/4558T00 url=https://www.scan-speak.dk/datasheet/pdf/30w-4558t00.pdf offset=0
         raw_value="extracted=Vas=1.971 raw='1971' range=≤ 1000 L (1.0 m³) pos=874 local=drivers\\new_ss_tool\\datasheets\\30w-4558t00.pdf context=…tive piston area [Sd] 466 cm?↵Equivalent volume [Vas] 1971↵Sensitivity (2,83V/1m) 89 dB↵Mechanical …"
         reason=PDF extraction rejected: value outside physical range — likely font-encoding artifact
[19:09:22] DONE problems=1
[21:27:24] PROBLEM field=pdf_range_Vas item=30W/4558T00 url=https://www.scan-speak.dk/datasheet/pdf/30w-4558t00.pdf offset=0
         raw_value="extracted=Vas=1.971 raw='1971' range=≤ 1000 L (1.0 m³) pos=874 local=drivers\\new_ss_tool\\datasheets\\30w-4558t00.pdf context=…tive piston area [Sd] 466 cm?↵Equivalent volume [Vas] 1971↵Sensitivity (2,83V/1m) 89 dB↵Mechanical …"
         reason=PDF extraction rejected: value outside physical range — likely font-encoding artifact
[21:27:24] DONE problems=1
[19:04:47] PROBLEM field=pdf_range_Vas item=30W/4558T06 url=https://www.scan-speak.dk/datasheet/pdf/30w-4558t06.pdf offset=0
         raw_value="extracted=Vas=1.971 raw='1971' range=≤ 1000 L (1.0 m³) pos=852 local=drivers\\new_ss_tool\\datasheets\\30w-4558t06.pdf context=…tive piston area [Sd] 466 cm2↵Equivalent volume [Vas] 1971↵Sensitivity (2,83V/1m) 89 dB↵↵Mechanical…"
         reason=PDF extraction rejected: value outside physical range — likely font-encoding artifact
[19:04:49] DONE problems=1
[19:09:19] PROBLEM field=pdf_range_Vas item=30W/4558T06 url=https://www.scan-speak.dk/datasheet/pdf/30w-4558t06.pdf offset=0
         raw_value="extracted=Vas=1.971 raw='1971' range=≤ 1000 L (1.0 m³) pos=852 local=drivers\\new_ss_tool\\datasheets\\30w-4558t06.pdf context=…tive piston area [Sd] 466 cm2↵Equivalent volume [Vas] 1971↵Sensitivity (2,83V/1m) 89 dB↵↵Mechanical…"
         reason=PDF extraction rejected: value outside physical range — likely font-encoding artifact
[19:09:22] DONE problems=1
[21:27:21] PROBLEM field=pdf_range_Vas item=30W/4558T06 url=https://www.scan-speak.dk/datasheet/pdf/30w-4558t06.pdf offset=0
         raw_value="extracted=Vas=1.971 raw='1971' range=≤ 1000 L (1.0 m³) pos=852 local=drivers\\new_ss_tool\\datasheets\\30w-4558t06.pdf context=…tive piston area [Sd] 466 cm2↵Equivalent volume [Vas] 1971↵Sensitivity (2,83V/1m) 89 dB↵↵Mechanical…"
         reason=PDF extraction rejected: value outside physical range — likely font-encoding artifact
[21:27:23] DONE problems=1
[19:04:50] PROBLEM field=pdf_range_Vas item=32W/4878T01 url=https://www.scan-speak.dk/datasheet/pdf/32w-4878t01.pdf offset=0
         raw_value="extracted=Vas=1.701 raw='1701' range=≤ 1000 L (1.0 m³) pos=981 local=drivers\\new_ss_tool\\datasheets\\32w-4878t01.pdf context=…tive piston area [Sd] 526 cm?↵Equivalent volume [Vas] 1701↵Sensitivity (2,83V/1m) 92 dB↵↵Mechanical…"
         reason=PDF extraction rejected: value outside physical range — likely font-encoding artifact
[19:04:51] DONE problems=1
[19:09:22] PROBLEM field=pdf_range_Vas item=32W/4878T01 url=https://www.scan-speak.dk/datasheet/pdf/32w-4878t01.pdf offset=0
         raw_value="extracted=Vas=1.701 raw='1701' range=≤ 1000 L (1.0 m³) pos=981 local=drivers\\new_ss_tool\\datasheets\\32w-4878t01.pdf context=…tive piston area [Sd] 526 cm?↵Equivalent volume [Vas] 1701↵Sensitivity (2,83V/1m) 92 dB↵↵Mechanical…"
         reason=PDF extraction rejected: value outside physical range — likely font-encoding artifact
[19:09:24] DONE problems=1
[21:27:24] PROBLEM field=pdf_range_Vas item=32W/4878T01 url=https://www.scan-speak.dk/datasheet/pdf/32w-4878t01.pdf offset=0
         raw_value="extracted=Vas=1.701 raw='1701' range=≤ 1000 L (1.0 m³) pos=981 local=drivers\\new_ss_tool\\datasheets\\32w-4878t01.pdf context=…tive piston area [Sd] 526 cm?↵Equivalent volume [Vas] 1701↵Sensitivity (2,83V/1m) 92 dB↵↵Mechanical…"
         reason=PDF extraction rejected: value outside physical range — likely font-encoding artifact
[21:27:26] DONE problems=1
[19:04:49] PROBLEM field=pdf_range_Vas item=32W/4878T05 url=https://www.scan-speak.dk/datasheet/pdf/32w-4878t05.pdf offset=0
         raw_value="extracted=Vas=1.801 raw='1801' range=≤ 1000 L (1.0 m³) pos=917 local=drivers\\new_ss_tool\\datasheets\\32w-4878t05.pdf context=…tive piston area [Sd] 526 cm?↵Equivalent volume [Vas] 1801↵Sensitivity (2,83V/1m) 89 dB↵↵Mechanical…"
         reason=PDF extraction rejected: value outside physical range — likely font-encoding artifact
[19:04:50] DONE problems=1
[19:09:21] PROBLEM field=pdf_range_Vas item=32W/4878T05 url=https://www.scan-speak.dk/datasheet/pdf/32w-4878t05.pdf offset=0
         raw_value="extracted=Vas=1.801 raw='1801' range=≤ 1000 L (1.0 m³) pos=917 local=drivers\\new_ss_tool\\datasheets\\32w-4878t05.pdf context=…tive piston area [Sd] 526 cm?↵Equivalent volume [Vas] 1801↵Sensitivity (2,83V/1m) 89 dB↵↵Mechanical…"
         reason=PDF extraction rejected: value outside physical range — likely font-encoding artifact
[19:09:23] DONE problems=1
[21:27:23] PROBLEM field=pdf_range_Vas item=32W/4878T05 url=https://www.scan-speak.dk/datasheet/pdf/32w-4878t05.pdf offset=0
         raw_value="extracted=Vas=1.801 raw='1801' range=≤ 1000 L (1.0 m³) pos=917 local=drivers\\new_ss_tool\\datasheets\\32w-4878t05.pdf context=…tive piston area [Sd] 526 cm?↵Equivalent volume [Vas] 1801↵Sensitivity (2,83V/1m) 89 dB↵↵Mechanical…"
         reason=PDF extraction rejected: value outside physical range — likely font-encoding artifact
[21:27:24] DONE problems=1
[19:04:57] PROBLEM field=pdf_range_Vas item=32W/4878T11 url=https://www.scan-speak.dk/datasheet/pdf/32w-4878t11.pdf offset=0
         raw_value="extracted=Vas=1.851 raw='1851' range=≤ 1000 L (1.0 m³) pos=864 local=drivers\\new_ss_tool\\datasheets\\32w-4878t11.pdf context=…tive piston area [Sd] 526 cm2↵Equivalent volume [Vas] 1851↵Sensitivity (2,83V/1m) 95 dB↵Mechanical …"
         reason=PDF extraction rejected: value outside physical range — likely font-encoding artifact
[19:04:58] DONE problems=1
[19:09:28] PROBLEM field=pdf_range_Vas item=32W/4878T11 url=https://www.scan-speak.dk/datasheet/pdf/32w-4878t11.pdf offset=0
         raw_value="extracted=Vas=1.851 raw='1851' range=≤ 1000 L (1.0 m³) pos=864 local=drivers\\new_ss_tool\\datasheets\\32w-4878t11.pdf context=…tive piston area [Sd] 526 cm2↵Equivalent volume [Vas] 1851↵Sensitivity (2,83V/1m) 95 dB↵Mechanical …"
         reason=PDF extraction rejected: value outside physical range — likely font-encoding artifact
[19:09:30] DONE problems=1
[21:27:30] PROBLEM field=pdf_range_Vas item=32W/4878T11 url=https://www.scan-speak.dk/datasheet/pdf/32w-4878t11.pdf offset=0
         raw_value="extracted=Vas=1.851 raw='1851' range=≤ 1000 L (1.0 m³) pos=864 local=drivers\\new_ss_tool\\datasheets\\32w-4878t11.pdf context=…tive piston area [Sd] 526 cm2↵Equivalent volume [Vas] 1851↵Sensitivity (2,83V/1m) 95 dB↵Mechanical …"
         reason=PDF extraction rejected: value outside physical range — likely font-encoding artifact
[21:27:32] DONE problems=1
[19:04:58] PROBLEM field=pdf_range_Vas item=32W/8878T11 url=https://www.scan-speak.dk/datasheet/pdf/32w-8878t11.pdf offset=0
         raw_value="extracted=Vas=2.351 raw='2351' range=≤ 1000 L (1.0 m³) pos=392 local=drivers\\new_ss_tool\\datasheets\\32w-8878t11.pdf context=…n area [Sd] 526 cm2↵Wa ier ne Equivalent volume [Vas] 2351↵SN i Sensitivity (2,83V/1m) 91.5 dB↵IN o…"
         reason=PDF extraction rejected: value outside physical range — likely font-encoding artifact
[19:05:00] DONE problems=1
[19:09:29] PROBLEM field=pdf_range_Vas item=32W/8878T11 url=https://www.scan-speak.dk/datasheet/pdf/32w-8878t11.pdf offset=0
         raw_value="extracted=Vas=2.351 raw='2351' range=≤ 1000 L (1.0 m³) pos=392 local=drivers\\new_ss_tool\\datasheets\\32w-8878t11.pdf context=…n area [Sd] 526 cm2↵Wa ier ne Equivalent volume [Vas] 2351↵SN i Sensitivity (2,83V/1m) 91.5 dB↵IN o…"
         reason=PDF extraction rejected: value outside physical range — likely font-encoding artifact
[19:09:31] DONE problems=1
[21:27:30] PROBLEM field=pdf_range_Vas item=32W/8878T11 url=https://www.scan-speak.dk/datasheet/pdf/32w-8878t11.pdf offset=0
         raw_value="extracted=Vas=2.351 raw='2351' range=≤ 1000 L (1.0 m³) pos=392 local=drivers\\new_ss_tool\\datasheets\\32w-8878t11.pdf context=…n area [Sd] 526 cm2↵Wa ier ne Equivalent volume [Vas] 2351↵SN i Sensitivity (2,83V/1m) 91.5 dB↵IN o…"
         reason=PDF extraction rejected: value outside physical range — likely font-encoding artifact
[21:27:32] DONE problems=1
[19:04:58] PROBLEM field=pdf_no_fields item=38WE/8582T00 url=https://www.scan-speak.dk/datasheet/pdf/38we-8582t00.pdf offset=0
         raw_value=None
         reason=pass1=0 pass2=0 chars=1592
[19:05:00] DONE problems=1
[19:09:30] PROBLEM field=pdf_no_fields item=38WE/8582T00 url=https://www.scan-speak.dk/datasheet/pdf/38we-8582t00.pdf offset=0
         raw_value=None
         reason=pass1=0 pass2=0 chars=1592
[19:09:31] DONE problems=1
[21:27:30] PROBLEM field=pdf_no_fields item=38WE/8582T00 url=https://www.scan-speak.dk/datasheet/pdf/38we-8582t00.pdf offset=0
         raw_value=None
         reason=pass1=0 pass2=0 chars=1592
[21:27:32] DONE problems=1
[19:04:50] PROBLEM field=html_pdf_mismatch item=820013 url=https://www.scan-speak.dk/product/820013/ offset=0
         raw_value='Fs: HTML=80 PDF=1000 (1150% diff)'
         reason=HTML and PDF values disagree by >10%
[19:04:50] PROBLEM field=html_pdf_mismatch item=820013 url=https://www.scan-speak.dk/product/820013/ offset=0
         raw_value='Qts: HTML=0.57 PDF=1.61 (182% diff)'
         reason=HTML and PDF values disagree by >10%
[19:04:50] PROBLEM field=html_pdf_mismatch item=820013 url=https://www.scan-speak.dk/product/820013/ offset=0
         raw_value='Sd: HTML=0.008 PDF=0.00038 (95% diff)'
         reason=HTML and PDF values disagree by >10%
[19:04:50] PROBLEM field=html_pdf_mismatch item=820013 url=https://www.scan-speak.dk/product/820013/ offset=0
         raw_value='BL: HTML=4.8 PDF=1.4 (71% diff)'
         reason=HTML and PDF values disagree by >10%
[19:04:52] PROBLEM field=cad_fetch item=820013 url=https://www.scan-speak.dk/datasheet/3d/TYPENUMMER.zip offset=0
         raw_value=None
         reason=HTTP Error 404: Not Found
[19:04:52] DONE problems=5
[19:09:23] PROBLEM field=html_pdf_mismatch item=820013 url=https://www.scan-speak.dk/product/820013/ offset=0
         raw_value='Fs: HTML=80 PDF=1000 (1150% diff)'
         reason=HTML and PDF values disagree by >10%
[19:09:23] PROBLEM field=html_pdf_mismatch item=820013 url=https://www.scan-speak.dk/product/820013/ offset=0
         raw_value='Qts: HTML=0.57 PDF=1.61 (182% diff)'
         reason=HTML and PDF values disagree by >10%
[19:09:23] PROBLEM field=html_pdf_mismatch item=820013 url=https://www.scan-speak.dk/product/820013/ offset=0
         raw_value='Sd: HTML=0.008 PDF=0.00038 (95% diff)'
         reason=HTML and PDF values disagree by >10%
[19:09:23] PROBLEM field=html_pdf_mismatch item=820013 url=https://www.scan-speak.dk/product/820013/ offset=0
         raw_value='BL: HTML=4.8 PDF=1.4 (71% diff)'
         reason=HTML and PDF values disagree by >10%
[19:09:25] PROBLEM field=cad_fetch item=820013 url=https://www.scan-speak.dk/datasheet/3d/TYPENUMMER.zip offset=0
         raw_value=None
         reason=HTTP Error 404: Not Found
[19:09:25] DONE problems=5
[21:27:24] PROBLEM field=html_pdf_mismatch item=820013 url=https://www.scan-speak.dk/product/820013/ offset=0
         raw_value='Fs: HTML=80 PDF=1000 (1150% diff)'
         reason=HTML and PDF values disagree by >10%
[21:27:24] PROBLEM field=html_pdf_mismatch item=820013 url=https://www.scan-speak.dk/product/820013/ offset=0
         raw_value='Qts: HTML=0.57 PDF=1.61 (182% diff)'
         reason=HTML and PDF values disagree by >10%
[21:27:24] PROBLEM field=html_pdf_mismatch item=820013 url=https://www.scan-speak.dk/product/820013/ offset=0
         raw_value='Sd: HTML=0.008 PDF=0.00038 (95% diff)'
         reason=HTML and PDF values disagree by >10%
[21:27:24] PROBLEM field=html_pdf_mismatch item=820013 url=https://www.scan-speak.dk/product/820013/ offset=0
         raw_value='BL: HTML=4.8 PDF=1.4 (71% diff)'
         reason=HTML and PDF values disagree by >10%
[21:27:25] PROBLEM field=cad_fetch item=820013 url=https://www.scan-speak.dk/datasheet/3d/TYPENUMMER.zip offset=0
         raw_value=None
         reason=HTTP Error 404: Not Found
[21:27:25] DONE problems=5
[19:05:00] PROBLEM field=pdf_no_fields item=D2004/602200 url=https://www.scan-speak.dk/datasheet/pdf/d2004-602200.pdf offset=0
         raw_value=None
         reason=pass1=0 pass2=0 chars=1473
[19:05:02] DONE problems=1
[19:09:31] PROBLEM field=pdf_no_fields item=D2004/602200 url=https://www.scan-speak.dk/datasheet/pdf/d2004-602200.pdf offset=0
         raw_value=None
         reason=pass1=0 pass2=0 chars=1473
[19:09:32] DONE problems=1
[21:27:32] PROBLEM field=pdf_no_fields item=D2004/602200 url=https://www.scan-speak.dk/datasheet/pdf/d2004-602200.pdf offset=0
         raw_value=None
         reason=pass1=0 pass2=0 chars=1473
[21:27:34] DONE problems=1
[19:04:58] PROBLEM field=pdf_no_fields item=D2008/852100 url=https://www.scan-speak.dk/datasheet/pdf/d2008-852100.pdf offset=0
         raw_value=None
         reason=pass1=0 pass2=0 chars=1435
[19:05:01] DONE problems=1
[19:09:30] PROBLEM field=pdf_no_fields item=D2008/852100 url=https://www.scan-speak.dk/datasheet/pdf/d2008-852100.pdf offset=0
         raw_value=None
         reason=pass1=0 pass2=0 chars=1435
[19:09:31] DONE problems=1
[21:27:31] PROBLEM field=pdf_no_fields item=D2008/852100 url=https://www.scan-speak.dk/datasheet/pdf/d2008-852100.pdf offset=0
         raw_value=None
         reason=pass1=0 pass2=0 chars=1435
[21:27:32] DONE problems=1
[19:04:57] PROBLEM field=pdf_range_Re item=D2104/712000 url=https://www.scan-speak.dk/datasheet/pdf/d2104-712000.pdf offset=0
         raw_value="extracted=Re=282 raw='282' range=0.1–64 Ω pos=1077 local=drivers\\new_ss_tool\\datasheets\\d2104-712000.pdf context=…th high consistency felt pads DC resistance [Re] 282↵Anodized Machined Alu Face Plate Voice c…"
         reason=PDF extraction rejected: value outside physical range — likely font-encoding artifact
[19:04:59] DONE problems=1
[19:09:30] PROBLEM field=pdf_range_Re item=D2104/712000 url=https://www.scan-speak.dk/datasheet/pdf/d2104-712000.pdf offset=0
         raw_value="extracted=Re=282 raw='282' range=0.1–64 Ω pos=1077 local=drivers\\new_ss_tool\\datasheets\\d2104-712000.pdf context=…th high consistency felt pads DC resistance [Re] 282↵Anodized Machined Alu Face Plate Voice c…"
         reason=PDF extraction rejected: value outside physical range — likely font-encoding artifact
[19:09:31] DONE problems=1
[21:27:30] PROBLEM field=pdf_range_Re item=D2104/712000 url=https://www.scan-speak.dk/datasheet/pdf/d2104-712000.pdf offset=0
         raw_value="extracted=Re=282 raw='282' range=0.1–64 Ω pos=1077 local=drivers\\new_ss_tool\\datasheets\\d2104-712000.pdf context=…th high consistency felt pads DC resistance [Re] 282↵Anodized Machined Alu Face Plate Voice c…"
         reason=PDF extraction rejected: value outside physical range — likely font-encoding artifact
[21:27:32] DONE problems=1
[19:04:54] DONE problems=0
[19:09:26] DONE problems=0
[21:27:25] PROBLEM field=pdf_range_Znom item=D2604/833000 url=https://www.scan-speak.dk/datasheet/pdf/d2604-833000.pdf offset=0
         raw_value="extracted=Znom=38 raw='38' range=1–32 Ω pos=1232 local=drivers\\new_ss_tool\\datasheets\\d2604-833000.pdf context=…\x0e5Z \\]B] ↵↵↵y/\x0e-\x0f\x13Z↵↵]↵\x0e\x132\x0f\x13↵'z↵38\x12\x12\x0f\x13\x11\x0e\x13\x12*H↵↵]D↵f'?↵\x11\x11\x11]+9B,/+F\x0fBf]2f \rB\x12…"
         reason=PDF extraction rejected: value outside physical range — likely font-encoding artifact
[21:27:26] DONE problems=1
[19:04:52] PROBLEM field=pdf_range_Re item=D2606/920000 url=https://www.scan-speak.dk/datasheet/pdf/d2606-920000.pdf offset=0
         raw_value="extracted=Re=462 raw='462' range=0.1–64 Ω pos=1174 local=drivers\\new_ss_tool\\datasheets\\d2606-920000.pdf context=…↵Maximum impedance [Zo] 12.9Q↵DC resistance [Re] 462↵Voice coil inductance [Le] 0.04 mH↵Power…"
         reason=PDF extraction rejected: value outside physical range — likely font-encoding artifact
[19:04:54] DONE problems=1
[19:09:24] PROBLEM field=pdf_range_Re item=D2606/920000 url=https://www.scan-speak.dk/datasheet/pdf/d2606-920000.pdf offset=0
         raw_value="extracted=Re=462 raw='462' range=0.1–64 Ω pos=1174 local=drivers\\new_ss_tool\\datasheets\\d2606-920000.pdf context=…↵Maximum impedance [Zo] 12.9Q↵DC resistance [Re] 462↵Voice coil inductance [Le] 0.04 mH↵Power…"
         reason=PDF extraction rejected: value outside physical range — likely font-encoding artifact
[19:09:26] DONE problems=1
[21:27:26] PROBLEM field=pdf_range_Re item=D2606/920000 url=https://www.scan-speak.dk/datasheet/pdf/d2606-920000.pdf offset=0
         raw_value="extracted=Re=462 raw='462' range=0.1–64 Ω pos=1174 local=drivers\\new_ss_tool\\datasheets\\d2606-920000.pdf context=…↵Maximum impedance [Zo] 12.9Q↵DC resistance [Re] 462↵Voice coil inductance [Le] 0.04 mH↵Power…"
         reason=PDF extraction rejected: value outside physical range — likely font-encoding artifact
[21:27:27] DONE problems=1
[19:04:52] PROBLEM field=pdf_range_Re item=D2606/922000 url=https://www.scan-speak.dk/datasheet/pdf/d2606-922000.pdf offset=0
         raw_value="extracted=Re=462 raw='462' range=0.1–64 Ω pos=1030 local=drivers\\new_ss_tool\\datasheets\\d2606-922000.pdf context=…[Zo] 98Q↵Braided tinsel leads DC resistance [Re] 462↵Neutral face plate design Voice coil ind…"
         reason=PDF extraction rejected: value outside physical range — likely font-encoding artifact
[19:04:54] DONE problems=1
[19:09:24] PROBLEM field=pdf_range_Re item=D2606/922000 url=https://www.scan-speak.dk/datasheet/pdf/d2606-922000.pdf offset=0
         raw_value="extracted=Re=462 raw='462' range=0.1–64 Ω pos=1030 local=drivers\\new_ss_tool\\datasheets\\d2606-922000.pdf context=…[Zo] 98Q↵Braided tinsel leads DC resistance [Re] 462↵Neutral face plate design Voice coil ind…"
         reason=PDF extraction rejected: value outside physical range — likely font-encoding artifact
[19:09:26] DONE problems=1
[21:27:26] PROBLEM field=pdf_range_Re item=D2606/922000 url=https://www.scan-speak.dk/datasheet/pdf/d2606-922000.pdf offset=0
         raw_value="extracted=Re=462 raw='462' range=0.1–64 Ω pos=1030 local=drivers\\new_ss_tool\\datasheets\\d2606-922000.pdf context=…[Zo] 98Q↵Braided tinsel leads DC resistance [Re] 462↵Neutral face plate design Voice coil ind…"
         reason=PDF extraction rejected: value outside physical range — likely font-encoding artifact
[21:27:27] DONE problems=1
[19:04:52] PROBLEM field=pdf_no_fields item=D2608/913000 url=https://www.scan-speak.dk/datasheet/pdf/d2608-913000.pdf offset=0
         raw_value=None
         reason=pass1=0 pass2=0 chars=1601
[19:04:54] DONE problems=1
[19:09:24] PROBLEM field=pdf_no_fields item=D2608/913000 url=https://www.scan-speak.dk/datasheet/pdf/d2608-913000.pdf offset=0
         raw_value=None
         reason=pass1=0 pass2=0 chars=1601
[19:09:26] DONE problems=1
[21:27:26] PROBLEM field=pdf_no_fields item=D2608/913000 url=https://www.scan-speak.dk/datasheet/pdf/d2608-913000.pdf offset=0
         raw_value=None
         reason=pass1=0 pass2=0 chars=1601
[21:27:28] DONE problems=1
[19:04:55] DONE problems=0
[19:09:26] DONE problems=0
[21:27:26] PROBLEM field=pdf_range_Znom item=D2905/930000 url=https://www.scan-speak.dk/datasheet/pdf/d2905-930000.pdf offset=0
         raw_value="extracted=Znom=62 raw='62' range=1–32 Ω pos=801 local=drivers\\new_ss_tool\\datasheets\\d2905-930000.pdf context=… Electrical Data:↵Ferro Fluid Nominal impedance [Zn] 62↵Low Resonance Rear Chamber Minimum imped…"
         reason=PDF extraction rejected: value outside physical range — likely font-encoding artifact
[21:27:28] DONE problems=1
[19:04:56] DONE problems=0
[19:09:27] DONE problems=0
[21:27:26] PROBLEM field=pdf_range_Znom item=D2905/950000 url=https://www.scan-speak.dk/datasheet/pdf/d2905-950000.pdf offset=0
         raw_value="extracted=Znom=62 raw='62' range=1–32 Ω pos=805 local=drivers\\new_ss_tool\\datasheets\\d2905-950000.pdf context=… Electrical Data:↵Ferro Fluid Nominal impedance [Zn] 62↵Low Resonance Rear Chamber Minimum imped…"
         reason=PDF extraction rejected: value outside physical range — likely font-encoding artifact
[21:27:28] DONE problems=1
[19:04:54] PROBLEM field=pdf_range_Re item=D2905/990000 url=https://www.scan-speak.dk/datasheet/pdf/d2905-990000.pdf offset=0
         raw_value="extracted=Re=472 raw='472' range=0.1–64 Ω pos=964 local=drivers\\new_ss_tool\\datasheets\\d2905-990000.pdf context=…36.1.2↵Large Wave Guide Front DC resistance [Re] 472↵Black Anodized Mashined Alu Face Plate V…"
         reason=PDF extraction rejected: value outside physical range — likely font-encoding artifact
[19:04:56] DONE problems=1
[19:09:26] PROBLEM field=pdf_range_Re item=D2905/990000 url=https://www.scan-speak.dk/datasheet/pdf/d2905-990000.pdf offset=0
         raw_value="extracted=Re=472 raw='472' range=0.1–64 Ω pos=964 local=drivers\\new_ss_tool\\datasheets\\d2905-990000.pdf context=…36.1.2↵Large Wave Guide Front DC resistance [Re] 472↵Black Anodized Mashined Alu Face Plate V…"
         reason=PDF extraction rejected: value outside physical range — likely font-encoding artifact
[19:09:28] DONE problems=1
[21:27:27] PROBLEM field=pdf_range_Re item=D2905/990000 url=https://www.scan-speak.dk/datasheet/pdf/d2905-990000.pdf offset=0
         raw_value="extracted=Re=472 raw='472' range=0.1–64 Ω pos=964 local=drivers\\new_ss_tool\\datasheets\\d2905-990000.pdf context=…36.1.2↵Large Wave Guide Front DC resistance [Re] 472↵Black Anodized Mashined Alu Face Plate V…"
         reason=PDF extraction rejected: value outside physical range — likely font-encoding artifact
[21:27:29] DONE problems=1
[19:05:00] PROBLEM field=pdf_no_fields item=D2908/716000 url=https://www.scan-speak.dk/datasheet/pdf/d2908-716000.pdf offset=0
         raw_value=None
         reason=pass1=0 pass2=0 chars=1592
[19:05:02] DONE problems=1
[19:09:31] PROBLEM field=pdf_no_fields item=D2908/716000 url=https://www.scan-speak.dk/datasheet/pdf/d2908-716000.pdf offset=0
         raw_value=None
         reason=pass1=0 pass2=0 chars=1592
[19:09:32] DONE problems=1
[21:27:32] PROBLEM field=pdf_no_fields item=D2908/716000 url=https://www.scan-speak.dk/datasheet/pdf/d2908-716000.pdf offset=0
         raw_value=None
         reason=pass1=0 pass2=0 chars=1592
[21:27:34] DONE problems=1
[19:05:01] PROBLEM field=html_pdf_mismatch item=D3004/602200 url=https://www.scan-speak.dk/product/d3004-602200/ offset=0
         raw_value='Re: HTML=3 PDF=32 (967% diff)'
         reason=HTML and PDF values disagree by >10%
[19:05:01] DONE problems=1
[19:09:32] PROBLEM field=html_pdf_mismatch item=D3004/602200 url=https://www.scan-speak.dk/product/d3004-602200/ offset=0
         raw_value='Re: HTML=3 PDF=32 (967% diff)'
         reason=HTML and PDF values disagree by >10%
[19:09:32] DONE problems=1
[21:27:33] PROBLEM field=html_pdf_mismatch item=D3004/602200 url=https://www.scan-speak.dk/product/d3004-602200/ offset=0
         raw_value='Re: HTML=3 PDF=32 (967% diff)'
         reason=HTML and PDF values disagree by >10%
[21:27:33] DONE problems=1
[19:04:57] PROBLEM field=html_pdf_mismatch item=D3004/662000 url=https://www.scan-speak.dk/product/d3004-662000/ offset=0
         raw_value='Re: HTML=3 PDF=32 (967% diff)'
         reason=HTML and PDF values disagree by >10%
[19:04:57] DONE problems=1
[19:09:28] PROBLEM field=html_pdf_mismatch item=D3004/662000 url=https://www.scan-speak.dk/product/d3004-662000/ offset=0
         raw_value='Re: HTML=3 PDF=32 (967% diff)'
         reason=HTML and PDF values disagree by >10%
[19:09:28] DONE problems=1
[21:27:30] PROBLEM field=html_pdf_mismatch item=D3004/662000 url=https://www.scan-speak.dk/product/d3004-662000/ offset=0
         raw_value='Re: HTML=3 PDF=32 (967% diff)'
         reason=HTML and PDF values disagree by >10%
[21:27:30] DONE problems=1
[19:04:55] PROBLEM field=pdf_range_Znom item=D7608/920000 url=https://www.scan-speak.dk/datasheet/pdf/d7608-920000.pdf offset=0
         raw_value="extracted=Znom=82 raw='82' range=1–64 Ω pos=1097 local=drivers\\new_ss_tool\\datasheets\\d7608-920000.pdf context=…olume 0.141↵Electrical Data:↵↵Nominal impedance [Zn] 82↵Minimum impedance [Zmin] 6.22↵Maximum im…"
         reason=PDF extraction rejected: value outside physical range — likely font-encoding artifact
[19:04:55] DONE problems=1
[19:09:26] PROBLEM field=pdf_range_Znom item=D7608/920000 url=https://www.scan-speak.dk/datasheet/pdf/d7608-920000.pdf offset=0
         raw_value="extracted=Znom=82 raw='82' range=1–64 Ω pos=1097 local=drivers\\new_ss_tool\\datasheets\\d7608-920000.pdf context=…olume 0.141↵Electrical Data:↵↵Nominal impedance [Zn] 82↵Minimum impedance [Zmin] 6.22↵Maximum im…"
         reason=PDF extraction rejected: value outside physical range — likely font-encoding artifact
[19:09:28] DONE problems=1
[21:27:28] PROBLEM field=pdf_range_Znom item=D7608/920000 url=https://www.scan-speak.dk/datasheet/pdf/d7608-920000.pdf offset=0
         raw_value="extracted=Znom=82 raw='82' range=1–32 Ω pos=1097 local=drivers\\new_ss_tool\\datasheets\\d7608-920000.pdf context=…olume 0.141↵Electrical Data:↵↵Nominal impedance [Zn] 82↵Minimum impedance [Zmin] 6.22↵Maximum im…"
         reason=PDF extraction rejected: value outside physical range — likely font-encoding artifact
[21:27:30] DONE problems=1
[19:04:55] PROBLEM field=pdf_range_Znom item=D7608/920010 url=https://www.scan-speak.dk/datasheet/pdf/d7608-920010.pdf offset=0
         raw_value="extracted=Znom=82 raw='82' range=1–64 Ω pos=1079 local=drivers\\new_ss_tool\\datasheets\\d7608-920010.pdf context=…olume 0.211↵Electrical Data:↵↵Nominal impedance [Zn] 82↵Minimum impedance [Zmin] 6.22↵Maximum im…"
         reason=PDF extraction rejected: value outside physical range — likely font-encoding artifact
[19:04:55] DONE problems=1
[19:09:26] PROBLEM field=pdf_range_Znom item=D7608/920010 url=https://www.scan-speak.dk/datasheet/pdf/d7608-920010.pdf offset=0
         raw_value="extracted=Znom=82 raw='82' range=1–64 Ω pos=1079 local=drivers\\new_ss_tool\\datasheets\\d7608-920010.pdf context=…olume 0.211↵Electrical Data:↵↵Nominal impedance [Zn] 82↵Minimum impedance [Zmin] 6.22↵Maximum im…"
         reason=PDF extraction rejected: value outside physical range — likely font-encoding artifact
[19:09:28] DONE problems=1
[21:27:28] PROBLEM field=pdf_range_Znom item=D7608/920010 url=https://www.scan-speak.dk/datasheet/pdf/d7608-920010.pdf offset=0
         raw_value="extracted=Znom=82 raw='82' range=1–32 Ω pos=1079 local=drivers\\new_ss_tool\\datasheets\\d7608-920010.pdf context=…olume 0.211↵Electrical Data:↵↵Nominal impedance [Zn] 82↵Minimum impedance [Zmin] 6.22↵Maximum im…"
         reason=PDF extraction rejected: value outside physical range — likely font-encoding artifact
[21:27:29] DONE problems=1
[19:04:48] PROBLEM field=pdf_range_Qts item=H2606/920000 url=https://www.scan-speak.dk/datasheet/pdf/h2606-920000.pdf offset=0
         raw_value="extracted=Qts=7 raw='07' range=< 5 pos=543 local=drivers\\new_ss_tool\\datasheets\\h2606-920000.pdf context=…Electrical Q factor [Qes] 1.2↵Total Q factor [Qts] 07↵Force factor [BI] 3.3Tm↵Mechanical resis…"
         reason=PDF extraction rejected: value outside physical range — likely font-encoding artifact
[19:04:49] DONE problems=1
[19:09:19] PROBLEM field=pdf_range_Qts item=H2606/920000 url=https://www.scan-speak.dk/datasheet/pdf/h2606-920000.pdf offset=0
         raw_value="extracted=Qts=7 raw='07' range=< 5 pos=543 local=drivers\\new_ss_tool\\datasheets\\h2606-920000.pdf context=…Electrical Q factor [Qes] 1.2↵Total Q factor [Qts] 07↵Force factor [BI] 3.3Tm↵Mechanical resis…"
         reason=PDF extraction rejected: value outside physical range — likely font-encoding artifact
[19:09:21] DONE problems=1
[21:27:20] PROBLEM field=pdf_range_Qts item=H2606/920000 url=https://www.scan-speak.dk/datasheet/pdf/h2606-920000.pdf offset=0
         raw_value="extracted=Qts=7 raw='07' range=< 5 pos=543 local=drivers\\new_ss_tool\\datasheets\\h2606-920000.pdf context=…Electrical Q factor [Qes] 1.2↵Total Q factor [Qts] 07↵Force factor [BI] 3.3Tm↵Mechanical resis…"
         reason=PDF extraction rejected: value outside physical range — likely font-encoding artifact
[21:27:23] DONE problems=1
[19:04:55] PROBLEM field=pdf_range_Re item=R1904/613001 url=https://www.scan-speak.dk/datasheet/pdf/r1904-613001.pdf offset=0
         raw_value="extracted=Re=272 raw='272' range=0.1–64 Ω pos=926 local=drivers\\new_ss_tool\\datasheets\\r1904-613001.pdf context=…nd Nut for doorpanel mounting DC resistance [Re] 272↵. Voice coil inductance [Le] 0.02 mH↵Rec…"
         reason=PDF extraction rejected: value outside physical range — likely font-encoding artifact
[19:04:57] DONE problems=1
[19:09:26] PROBLEM field=pdf_range_Re item=R1904/613001 url=https://www.scan-speak.dk/datasheet/pdf/r1904-613001.pdf offset=0
         raw_value="extracted=Re=272 raw='272' range=0.1–64 Ω pos=926 local=drivers\\new_ss_tool\\datasheets\\r1904-613001.pdf context=…nd Nut for doorpanel mounting DC resistance [Re] 272↵. Voice coil inductance [Le] 0.02 mH↵Rec…"
         reason=PDF extraction rejected: value outside physical range — likely font-encoding artifact
[19:09:28] DONE problems=1
[21:27:28] PROBLEM field=pdf_range_Re item=R1904/613001 url=https://www.scan-speak.dk/datasheet/pdf/r1904-613001.pdf offset=0
         raw_value="extracted=Re=272 raw='272' range=0.1–64 Ω pos=926 local=drivers\\new_ss_tool\\datasheets\\r1904-613001.pdf context=…nd Nut for doorpanel mounting DC resistance [Re] 272↵. Voice coil inductance [Le] 0.02 mH↵Rec…"
         reason=PDF extraction rejected: value outside physical range — likely font-encoding artifact
[21:27:28] PROBLEM field=pdf_range_Znom item=R1904/613001 url=https://www.scan-speak.dk/datasheet/pdf/r1904-613001.pdf offset=0
         raw_value="extracted=Znom=42 raw='42' range=1–32 Ω pos=740 local=drivers\\new_ss_tool\\datasheets\\r1904-613001.pdf context=…l Data:↵Optimized for Car use Nominal impedance [Zn] 42↵Compact mounting dimentions Minimum impe…"
         reason=PDF extraction rejected: value outside physical range — likely font-encoding artifact
[21:27:30] DONE problems=2
[19:05:00] PROBLEM field=pdf_range_Re item=R2004/602200 url=https://www.scan-speak.dk/datasheet/pdf/r2004-602200.pdf offset=0
         raw_value="extracted=Re=282 raw='282' range=0.1–64 Ω pos=1009 local=drivers\\new_ss_tool\\datasheets\\r2004-602200.pdf context=…] 16.62↵Gold plated terminals DC resistance [Re] 282↵. Voice coil inductance [Le] 0.02 mH↵Rec…"
         reason=PDF extraction rejected: value outside physical range — likely font-encoding artifact
[19:05:00] DONE problems=1
[19:09:31] PROBLEM field=pdf_range_Re item=R2004/602200 url=https://www.scan-speak.dk/datasheet/pdf/r2004-602200.pdf offset=0
         raw_value="extracted=Re=282 raw='282' range=0.1–64 Ω pos=1009 local=drivers\\new_ss_tool\\datasheets\\r2004-602200.pdf context=…] 16.62↵Gold plated terminals DC resistance [Re] 282↵. Voice coil inductance [Le] 0.02 mH↵Rec…"
         reason=PDF extraction rejected: value outside physical range — likely font-encoding artifact
[19:09:33] DONE problems=1
[21:27:32] PROBLEM field=pdf_range_Re item=R2004/602200 url=https://www.scan-speak.dk/datasheet/pdf/r2004-602200.pdf offset=0
         raw_value="extracted=Re=282 raw='282' range=0.1–64 Ω pos=1009 local=drivers\\new_ss_tool\\datasheets\\r2004-602200.pdf context=…] 16.62↵Gold plated terminals DC resistance [Re] 282↵. Voice coil inductance [Le] 0.02 mH↵Rec…"
         reason=PDF extraction rejected: value outside physical range — likely font-encoding artifact
[21:27:32] PROBLEM field=pdf_range_Znom item=R2004/602200 url=https://www.scan-speak.dk/datasheet/pdf/r2004-602200.pdf offset=0
         raw_value="extracted=Znom=42 raw='42' range=1–32 Ω pos=823 local=drivers\\new_ss_tool\\datasheets\\r2004-602200.pdf context=…a:↵Patented/PhaselEhigiDesign Nominal impedance [Zn] 42↵Patented Symmetrical Drive (SD-2) motor …"
         reason=PDF extraction rejected: value outside physical range — likely font-encoding artifact
[21:27:34] DONE problems=2
[19:05:00] PROBLEM field=cad_fetch item=R2604/832000 url=https://www.scan-speak.dk/datasheet/3d/TYPENUMMER.zip offset=0
         raw_value=None
         reason=HTTP Error 404: Not Found
[19:05:00] DONE problems=1
[19:09:30] PROBLEM field=cad_fetch item=R2604/832000 url=https://www.scan-speak.dk/datasheet/3d/TYPENUMMER.zip offset=0
         raw_value=None
         reason=HTTP Error 404: Not Found
[19:09:30] DONE problems=1
[21:27:32] PROBLEM field=cad_fetch item=R2604/832000 url=https://www.scan-speak.dk/datasheet/3d/TYPENUMMER.zip offset=0
         raw_value=None
         reason=HTTP Error 404: Not Found
[21:27:32] DONE problems=1
[19:04:56] PROBLEM field=pdf_no_fields item=R2904/700005 url=https://www.scan-speak.dk/datasheet/pdf/r2904-700005.pdf offset=0
         raw_value=None
         reason=pass1=0 pass2=0 chars=1573
[19:04:57] DONE problems=1
[19:09:28] PROBLEM field=pdf_no_fields item=R2904/700005 url=https://www.scan-speak.dk/datasheet/pdf/r2904-700005.pdf offset=0
         raw_value=None
         reason=pass1=0 pass2=0 chars=1573
[19:09:30] DONE problems=1
[21:27:29] PROBLEM field=pdf_no_fields item=R2904/700005 url=https://www.scan-speak.dk/datasheet/pdf/r2904-700005.pdf offset=0
         raw_value=None
         reason=pass1=0 pass2=0 chars=1573
[21:27:30] DONE problems=1
[19:04:56] PROBLEM field=pdf_range_Znom item=R2904/700009 url=https://www.scan-speak.dk/datasheet/pdf/r2904-700009.pdf offset=0
         raw_value="extracted=Znom=520 raw='520' range=1–64 Ω pos=690 local=drivers\\new_ss_tool\\datasheets\\r2904-700009.pdf context=…ment Volume↵↵Electrical Data:↵Nominal impedance [Zn]↵↵520 Hz↵2.90↵0.38↵0.33↵2.8Tm↵0.34 kg/s↵0.39↵0…"
         reason=PDF extraction rejected: value outside physical range — likely font-encoding artifact
[19:04:56] PROBLEM field=pdf_no_fields item=R2904/700009 url=https://www.scan-speak.dk/datasheet/pdf/r2904-700009.pdf offset=0
         raw_value=None
         reason=pass1=0 pass2=0 chars=1582
[19:04:58] DONE problems=2
[19:09:28] PROBLEM field=pdf_range_Znom item=R2904/700009 url=https://www.scan-speak.dk/datasheet/pdf/r2904-700009.pdf offset=0
         raw_value="extracted=Znom=520 raw='520' range=1–64 Ω pos=690 local=drivers\\new_ss_tool\\datasheets\\r2904-700009.pdf context=…ment Volume↵↵Electrical Data:↵Nominal impedance [Zn]↵↵520 Hz↵2.90↵0.38↵0.33↵2.8Tm↵0.34 kg/s↵0.39↵0…"
         reason=PDF extraction rejected: value outside physical range — likely font-encoding artifact
[19:09:28] PROBLEM field=pdf_no_fields item=R2904/700009 url=https://www.scan-speak.dk/datasheet/pdf/r2904-700009.pdf offset=0
         raw_value=None
         reason=pass1=0 pass2=0 chars=1582
[19:09:30] DONE problems=2
[21:27:29] PROBLEM field=pdf_range_Znom item=R2904/700009 url=https://www.scan-speak.dk/datasheet/pdf/r2904-700009.pdf offset=0
         raw_value="extracted=Znom=520 raw='520' range=1–32 Ω pos=690 local=drivers\\new_ss_tool\\datasheets\\r2904-700009.pdf context=…ment Volume↵↵Electrical Data:↵Nominal impedance [Zn]↵↵520 Hz↵2.90↵0.38↵0.33↵2.8Tm↵0.34 kg/s↵0.39↵0…"
         reason=PDF extraction rejected: value outside physical range — likely font-encoding artifact
[21:27:29] PROBLEM field=pdf_no_fields item=R2904/700009 url=https://www.scan-speak.dk/datasheet/pdf/r2904-700009.pdf offset=0
         raw_value=None
         reason=pass1=0 pass2=0 chars=1582
[21:27:30] DONE problems=2
[19:04:50] PROBLEM field=html_pdf_mismatch item=R3004/602005 url=https://www.scan-speak.dk/product/r3004-602005/ offset=0
         raw_value='Re: HTML=3 PDF=32 (967% diff)'
         reason=HTML and PDF values disagree by >10%
[19:04:50] DONE problems=1
[19:09:22] PROBLEM field=html_pdf_mismatch item=R3004/602005 url=https://www.scan-speak.dk/product/r3004-602005/ offset=0
         raw_value='Re: HTML=3 PDF=32 (967% diff)'
         reason=HTML and PDF values disagree by >10%
[19:09:22] DONE problems=1
[21:27:24] PROBLEM field=html_pdf_mismatch item=R3004/602005 url=https://www.scan-speak.dk/product/r3004-602005/ offset=0
         raw_value='Re: HTML=3 PDF=32 (967% diff)'
         reason=HTML and PDF values disagree by >10%
[21:27:24] DONE problems=1
[19:05:01] PROBLEM field=html_pdf_mismatch item=R3004/602200 url=https://www.scan-speak.dk/product/r3004-602200/ offset=0
         raw_value='Re: HTML=3 PDF=32 (967% diff)'
         reason=HTML and PDF values disagree by >10%
[19:05:01] DONE problems=1
[19:09:32] PROBLEM field=html_pdf_mismatch item=R3004/602200 url=https://www.scan-speak.dk/product/r3004-602200/ offset=0
         raw_value='Re: HTML=3 PDF=32 (967% diff)'
         reason=HTML and PDF values disagree by >10%
[19:09:32] DONE problems=1
[21:27:33] PROBLEM field=html_pdf_mismatch item=R3004/602200 url=https://www.scan-speak.dk/product/r3004-602200/ offset=0
         raw_value='Re: HTML=3 PDF=32 (967% diff)'
         reason=HTML and PDF values disagree by >10%
[21:27:33] DONE problems=1
[19:04:56] DONE problems=0
[19:09:30] DONE problems=0
[21:27:29] PROBLEM field=pdf_range_Znom item=R3004/662000 url=https://www.scan-speak.dk/datasheet/pdf/r3004-662000.pdf offset=0
         raw_value="extracted=Znom=42 raw='42' range=1–32 Ω pos=819 local=drivers\\new_ss_tool\\datasheets\\r3004-662000.pdf context=…a:↵Patented Phase Plug Design Nominal impedance [Zn] 42↵Patented Symmetrical Drive (SD-2) motor …"
         reason=PDF extraction rejected: value outside physical range — likely font-encoding artifact
[21:27:29] DONE problems=1
