
[07:03:19] RUN 2026-06-28T07:03:10 scraper=enrich_drivers collection=sb-acoustics dry_run=False
[07:03:19] PROBLEM  file=SB_Acoustics_10__SB29SWNRX-S75-6___Norex_meta.yml
         reason=PDF: no frequency range pattern found in 10in-SB29SWNRX-S75-6.pdf
[07:03:20] PROBLEM  file=SB_Acoustics_10__SW26DAC-00___Aluminum_meta.yml
         reason=PDF: no frequency range pattern found in 10in-SW26DAC-00-OEM-only.pdf
[07:03:20] PROBLEM  file=SB_Acoustics_10__SW26DAC76-3-DV___Aluminum_meta.yml
         reason=PDF: no frequency range pattern found in 10in-SW26DAC76-3-DV-OEM-only.pdf
[07:03:20] PROBLEM  file=SB_Acoustics_10__SW26DAC76-4___Aluminum_meta.yml
         reason=PDF: no frequency range pattern found in 10in-SW26DAC76-4-OEM-only.pdf
[07:03:20] PROBLEM  file=SB_Acoustics_10__SW26DAC76-8___Aluminum_meta.yml
         reason=PDF: no frequency range pattern found in 10in-SW26DAC76-8-OEM-only.pdf
[07:03:20] PROBLEM  file=SB_Acoustics_10__SW26DBAC-00___Aluminum_meta.yml
         reason=PDF: no frequency range pattern found in 10in-SW26DBAC-00.pdf
[07:03:21] PROBLEM  file=SB_Acoustics_10__SW26DBAC76-3-DV___Aluminum_meta.yml
         reason=PDF: no frequency range pattern found in 10in-SW26DBAC76-3-DV.pdf
[07:03:21] PROBLEM  file=SB_Acoustics_10__SW26DBAC76-4___Aluminum_meta.yml
         reason=PDF: no frequency range pattern found in 10in-SW26DBAC76-4.pdf
[07:03:21] PROBLEM  file=SB_Acoustics_10__SW26DBAC76-8___Aluminum_meta.yml
         reason=PDF: no frequency range pattern found in 10in-SW26DBAC76-8.pdf
[07:03:23] PROBLEM  file=SB_Acoustics_10__SW26SFC38-4___Paper_meta.yml
         reason=PDF: no extractable text in 10in-SW26SFC38-4.pdf
[07:03:25] PROBLEM  file=SB_Acoustics_10__SW26SFC38-8___Paper_meta.yml
         reason=PDF: no extractable text in 10in-SW26SFC38-8.pdf
[07:03:25] PROBLEM  file=SB_Acoustics_12__SB34SWNRX-S75-6___Norex_meta.yml
         reason=PDF: no frequency range pattern found in 12in-SB34SWNRX-S75-6.pdf
[07:03:25] PROBLEM  file=SB_Acoustics_13½__SATORI_WO34HC-4___Honeycomb_meta.yml
         reason=PDF: no frequency range pattern found in 13.5-inch-SATORI-WO34HC-4.pdf
[07:03:25] PROBLEM  file=SB_Acoustics_13½__SATORI_WO34HC-8___Honeycomb_meta.yml
         reason=PDF: no frequency range pattern found in 13.5-inch-SATORI-WO34HC-8.pdf
[07:03:25] PROBLEM  file=SB_Acoustics_2½__SATORI_MD60N-6___Fabric_meta.yml
         reason=PDF: no frequency range pattern found in 2.5in-SATORI-MD60N-6.pdf
[07:03:26] PROBLEM  file=SB_Acoustics_5__8243__SATORI_MR13P-4___Paper_meta.yml
         reason=PDF: no frequency range pattern found in 5in-SATORI-MR13P-4.pdf
[07:03:26] PROBLEM  file=SB_Acoustics_5__8243__SATORI_MR13P-8___Paper_meta.yml
         reason=PDF: no frequency range pattern found in 5in-SATORI-MR13P-8.pdf
[07:03:26] PROBLEM  file=SB_Acoustics_5__8243__SATORI_MR13PNW-4___Paper_meta.yml
         reason=PDF: no frequency range pattern found in 5in-SATORI-MR13PNW-4.pdf
[07:03:27] PROBLEM  file=SB_Acoustics_5__8243__SATORI_MR13PNW-8___Paper_meta.yml
         reason=PDF: no frequency range pattern found in 5in-SATORI-MR13PNW-8.pdf
[07:03:27] PROBLEM  file=SB_Acoustics_5__8243__SATORI_MR13TX-4___TeXtreme_meta.yml
         reason=PDF: no frequency range pattern found in 5in-SATORI-MR13TX-4.pdf
[07:03:27] PROBLEM  file=SB_Acoustics_5__SATORI_MW13P-4___Paper_meta.yml
         reason=PDF: no frequency range pattern found in 5in-SATORI-MW13P-4.pdf
[07:03:27] PROBLEM  file=SB_Acoustics_5__SATORI_MW13P-8___Paper_meta.yml
         reason=PDF: no frequency range pattern found in 5in-SATORI-MW13P-8.pdf
[07:03:28] PROBLEM  file=SB_Acoustics_5__SATORI_MW13PNW-4___Paper_meta.yml
         reason=PDF: no frequency range pattern found in 5in-SATORI-MW13PNW-4.pdf
[07:03:28] PROBLEM  file=SB_Acoustics_5__SATORI_MW13PNW-8___Paper_meta.yml
         reason=PDF: no frequency range pattern found in 5in-SATORI-MW13PNW-8.pdf
[07:03:28] PROBLEM  file=SB_Acoustics_5__SATORI_MW13TX-4___TeXtreme_meta.yml
         reason=PDF: no frequency range pattern found in 5-inch-SATORI-MW13TX-4.pdf
[07:03:29] PROBLEM  file=SB_Acoustics_5__SATORI_MW13TX-8___TeXtreme_meta.yml
         reason=PDF: no frequency range pattern found in 5-inch-SATORI-MW13TX-8.pdf
[07:03:29] PROBLEM  file=SB_Acoustics_6½__SATORI_MR16P-4___Paper_meta.yml
         reason=PDF: no frequency range pattern found in 6½in-SATORI-MR16P-4.pdf
[07:03:29] PROBLEM  file=SB_Acoustics_6½__SATORI_MR16P-8___Paper_meta.yml
         reason=PDF: no frequency range pattern found in 6½in-SATORI-MR16P-8.pdf
[07:03:29] PROBLEM  file=SB_Acoustics_6½__SATORI_MR16PNW-4___Paper_meta.yml
         reason=PDF: no frequency range pattern found in 6½in-SATORI-MR16PNW-4.pdf
[07:03:30] PROBLEM  file=SB_Acoustics_6½__SATORI_MR16PNW-8___Paper_meta.yml
         reason=PDF: no frequency range pattern found in 6½in-SATORI-MR16PNW-8.pdf
[07:03:30] PROBLEM  file=SB_Acoustics_6½__SATORI_MR16TX-8___TeXtreme_meta.yml
         reason=PDF: no frequency range pattern found in 6½in-SATORI-MR16TX-8.pdf
[07:03:30] PROBLEM  file=SB_Acoustics_6½__SATORI_MW16P-12___Paper_meta.yml
         reason=PDF: no frequency range pattern found in 6.5-inch-SATORI-MW16P-12.pdf
[07:03:31] PROBLEM  file=SB_Acoustics_6½__SATORI_MW16P-4___Paper_meta.yml
         reason=PDF: no frequency range pattern found in 6.5in-SATORI-MW16P-4.pdf
[07:03:31] PROBLEM  file=SB_Acoustics_6½__SATORI_MW16P-8___Paper_meta.yml
         reason=PDF: no frequency range pattern found in 6.5in-SATORI-MW16P-8.pdf
[07:03:31] PROBLEM  file=SB_Acoustics_6½__SATORI_MW16PF-4___Paper_meta.yml
         reason=PDF: no frequency range pattern found in 6.5in-SATORI-MW16PF-4-OEM-only.pdf
[07:03:31] PROBLEM  file=SB_Acoustics_6½__SATORI_MW16PF-8___Paper_meta.yml
         reason=PDF: no frequency range pattern found in 6.5in-SATORI-MW16PF-8-OEM-only.pdf
[07:03:32] PROBLEM  file=SB_Acoustics_6½__SATORI_MW16PNW-4___Paper_meta.yml
         reason=PDF: no frequency range pattern found in 6.5in-SATORI-MW16PNW-4.pdf
[07:03:32] PROBLEM  file=SB_Acoustics_6½__SATORI_MW16PNW-8___Paper_meta.yml
         reason=PDF: no frequency range pattern found in 6.5in-SATORI-MW16PNW-8.pdf
[07:03:32] PROBLEM  file=SB_Acoustics_6½__SATORI_MW16TX-4___TeXtreme_meta.yml
         reason=PDF: no frequency range pattern found in 6.5in-SATORI-MW16TX-4.pdf
[07:03:32] PROBLEM  file=SB_Acoustics_6½__SATORI_MW16TX-8___TeXtreme_meta.yml
         reason=PDF: no frequency range pattern found in 6.5in-SATORI-MW16TX-8.pdf
[07:03:34] PROBLEM  file=SB_Acoustics_7½__SATORI_MT19CP-8___paper_meta.yml
         reason=PDF: no frequency range pattern found in 7.5in-SATORI-MT19CP-8.pdf
[07:03:34] PROBLEM  file=SB_Acoustics_7½__SATORI_MW19P-4___Paper_meta.yml
         reason=PDF: no frequency range pattern found in 7.5in-SATORI-MW19P-4-1.pdf
[07:03:34] PROBLEM  file=SB_Acoustics_7½__SATORI_MW19P-8___Paper_meta.yml
         reason=PDF: no frequency range pattern found in 7.5in-SATORI-MW19P-8-1.pdf
[07:03:34] PROBLEM  file=SB_Acoustics_7½__SATORI_MW19PF-4___Paper_meta.yml
         reason=PDF: no frequency range pattern found in 7.5in-SATORI-MW19PF-4-OEM-only.pdf
[07:03:35] PROBLEM  file=SB_Acoustics_7½__SATORI_MW19PF-8___Paper_meta.yml
         reason=PDF: no frequency range pattern found in 7.5in-SATORI-MW19PF-8-OEM-only.pdf
[07:03:35] PROBLEM  file=SB_Acoustics_7½__SATORI_MW19PNW-4___Paper_meta.yml
         reason=PDF: no frequency range pattern found in 7.5in-SATORI-MW19PNW-4.pdf
[07:03:35] PROBLEM  file=SB_Acoustics_7½__SATORI_MW19PNW-8___Paper_meta.yml
         reason=PDF: no frequency range pattern found in 7.5in-SATORI-MW19PNW-8.pdf
[07:03:35] PROBLEM  file=SB_Acoustics_7½__SATORI_MW19TX-4___TeXtreme_meta.yml
         reason=PDF: no frequency range pattern found in 7.5in-SATORI-MW19TX-4.pdf
[07:03:36] PROBLEM  file=SB_Acoustics_7½__SATORI_MW19TX-8___TeXtreme_meta.yml
         reason=PDF: no frequency range pattern found in 7.5in-SATORI-MW19TX-8.pdf
[07:03:36] PROBLEM  file=SB_Acoustics_9½__SATORI_WO24P-4___Paper_meta.yml
         reason=PDF: no frequency range pattern found in 9.5in-SATORI-WO24P-4.pdf
[07:03:36] PROBLEM  file=SB_Acoustics_9½__SATORI_WO24P-8___Paper_meta.yml
         reason=PDF: no frequency range pattern found in 9.5in-SATORI-WO24P-8.pdf
[07:03:38] PROBLEM  file=SB_Acoustics_9½__SATORI_WO24TX-4___Textreme_meta.yml
         reason=PDF: no extractable text in 9.5in-SATORI-WO24TX-4.pdf
[07:03:39] PROBLEM  file=SB_Acoustics_9½__SATORI_WO24TX-8___Textreme_meta.yml
         reason=PDF: no extractable text in 9.5in-SATORI-WO24TX-8.pdf
[07:03:39] PROBLEM  file=SB_Acoustics_SATORI_TW29B-B___Beryllium_meta.yml
         reason=PDF: no frequency range pattern found in SATORI-TW29B-B.pdf
[07:03:39] PROBLEM  file=SB_Acoustics_SATORI_TW29B___Beryllium_meta.yml
         reason=PDF: no frequency range pattern found in SATORI-TW29B.pdf
[07:03:40] PROBLEM  file=SB_Acoustics_SATORI_TW29BN-8___Beryllium_meta.yml
         reason=PDF: no frequency range pattern found in SATORI-TW29BN-8.pdf
[07:03:40] PROBLEM  file=SB_Acoustics_SATORI_TW29BN-B-8___Beryllium_meta.yml
         reason=PDF: no frequency range pattern found in SATORI-TW29BN-B-8.pdf
[07:03:40] PROBLEM  file=SB_Acoustics_SATORI_TW29BN-B___Beryllium_meta.yml
         reason=PDF: no frequency range pattern found in SATORI-TW29BN-B.pdf
[07:03:40] PROBLEM  file=SB_Acoustics_SATORI_TW29BN___Beryllium_meta.yml
         reason=PDF: no frequency range pattern found in SATORI-TW29BN.pdf
[07:03:41] PROBLEM  file=SB_Acoustics_SATORI_TW29BNWG-4___Beryllium_meta.yml
         reason=PDF: no frequency range pattern found in SATORI-TW29BNWG-4.pdf
[07:03:41] PROBLEM  file=SB_Acoustics_SATORI_TW29BNWG-8___Beryllium_meta.yml
         reason=PDF: no frequency range pattern found in SATORI-TW29BNWG-8.pdf
[07:03:41] PROBLEM  file=SB_Acoustics_SATORI_TW29D-B___Fabric_meta.yml
         reason=PDF: no frequency range pattern found in SATORI-TW29D-B.pdf
[07:03:41] PROBLEM  file=SB_Acoustics_SATORI_TW29D___Fabric_meta.yml
         reason=PDF: no frequency range pattern found in SATORI-TW29D.pdf
[07:03:42] PROBLEM  file=SB_Acoustics_SATORI_TW29DN-8___Fabric_meta.yml
         reason=PDF: no frequency range pattern found in SATORI-TW29DN-8.pdf
[07:03:42] PROBLEM  file=SB_Acoustics_SATORI_TW29DN-B-8___Fabric_meta.yml
         reason=PDF: no frequency range pattern found in SATORI-TW29DN-B-8.pdf
[07:03:42] PROBLEM  file=SB_Acoustics_SATORI_TW29DN-B___Fabric_meta.yml
         reason=PDF: no frequency range pattern found in SATORI-TW29DN-B.pdf
[07:03:42] PROBLEM  file=SB_Acoustics_SATORI_TW29DN___Fabric_meta.yml
         reason=PDF: no frequency range pattern found in SATORI-TW29DN.pdf
[07:03:43] PROBLEM  file=SB_Acoustics_SATORI_TW29R-B___Fabric_meta.yml
         reason=PDF: no frequency range pattern found in SATORI-TW29R-B.pdf
[07:03:43] PROBLEM  file=SB_Acoustics_SATORI_TW29R___Fabric_meta.yml
         reason=PDF: no frequency range pattern found in SATORI-TW29R.pdf
[07:03:43] PROBLEM  file=SB_Acoustics_SATORI_TW29RN-8___Fabric_meta.yml
         reason=PDF: no frequency range pattern found in SATORI-TW29RN-8.pdf
[07:03:43] PROBLEM  file=SB_Acoustics_SATORI_TW29RN-B-8___Fabric_meta.yml
         reason=PDF: no frequency range pattern found in SATORI-TW29RN-B-8.pdf
[07:03:43] PROBLEM  file=SB_Acoustics_SATORI_TW29RN-B___Fabric_meta.yml
         reason=PDF: no frequency range pattern found in SATORI-TW29RN-B.pdf
[07:03:44] PROBLEM  file=SB_Acoustics_SATORI_TW29RN___Fabric_meta.yml
         reason=PDF: no frequency range pattern found in SATORI-TW29RN.pdf
[07:03:45] PROBLEM  file=SB_Acoustics_SATORI_TW29TXN-B-8___TeXtreme_meta.yml
         reason=PDF: no extractable text in SATORI-TW29TXN-B-8.pdf
[07:03:45] PROBLEM  file=SB_Acoustics_SATORI_TW29TXN-B___TeXtreme_meta.yml
         reason=PDF: no frequency range pattern found in SATORI-TW29TXN-B.pdf
[07:03:45] PROBLEM  file=SB_Acoustics_SATORI_TW29TXNWG-4___TeXtreme_meta.yml
         reason=PDF: no frequency range pattern found in SATORI-TW29TXNWG-4.pdf
[07:03:45] PROBLEM  file=SB_Acoustics_SB12CACS25-4_meta.yml
         reason=PDF: no frequency range pattern found in 4in-SB12CACS25-4.pdf
[07:03:46] PROBLEM  file=SB_Acoustics_SB12CACS25-8_meta.yml
         reason=PDF: no frequency range pattern found in 4in-SB12CACS25-8.pdf
[07:03:46] PROBLEM  file=SB_Acoustics_SB12MNRX2-25_meta.yml
         reason=PDF: no frequency range pattern found in 4in-SB12MNRX2-25-4.pdf
[07:03:46] PROBLEM  file=SB_Acoustics_SB12MNRX25-4_meta.yml
         reason=PDF: no frequency range pattern found in 4in-SB12MNRX25-4-OEM-only.pdf
[07:03:46] PROBLEM  file=SB_Acoustics_SB12NRX25-4_meta.yml
         reason=PDF: no frequency range pattern found in 4in-SB12NRX25-4.pdf
[07:03:46] PROBLEM  file=SB_Acoustics_SB12NRX25-8_meta.yml
         reason=PDF: no frequency range pattern found in 4in-SB12NRX25-8.pdf
[07:03:47] PROBLEM  file=SB_Acoustics_SB12NRXF25-4_meta.yml
         reason=PDF: no frequency range pattern found in 4in-SB12NRXF25-4-OEM-only.pdf
[07:03:47] PROBLEM  file=SB_Acoustics_SB12NRXF25-8_meta.yml
         reason=PDF: no frequency range pattern found in 4in-SB12NRXF25-8-OEM-only.pdf
[07:03:48] PROBLEM  file=SB_Acoustics_SB12PAC-00_meta.yml
         reason=PDF: no frequency range pattern found in 4in-SB12PAC-00-OEM-only.pdf
[07:03:48] PROBLEM  file=SB_Acoustics_SB12PAC25-4_meta.yml
         reason=PDF: no frequency range pattern found in 4in-SB12PAC25-4.pdf
[07:03:49] PROBLEM  file=SB_Acoustics_SB12PACR-00_meta.yml
         reason=PDF: no frequency range pattern found in 4in-SB12PACR-00.pdf
[07:03:49] PROBLEM  file=SB_Acoustics_SB12PACR25-4_meta.yml
         reason=PDF: no frequency range pattern found in 4in-SB12PACR25-4.pdf
[07:03:50] PROBLEM  file=SB_Acoustics_SB12PFC-00_meta.yml
         reason=PDF: no frequency range pattern found in 4in-SB12PFC-00-OEM-only.pdf
[07:03:51] PROBLEM  file=SB_Acoustics_SB12PFC25-4_meta.yml
         reason=PDF: no frequency range pattern found in 4in-SB12PFC25-4-COAX-OEM-only.pdf
[07:03:51] PROBLEM  file=SB_Acoustics_SB12PFC25-8_meta.yml
         reason=PDF: no frequency range pattern found in 4in-SB12PFC25-8-OEM-only.pdf
[07:03:51] PROBLEM  file=SB_Acoustics_SB12PFCR-00_meta.yml
         reason=PDF: no frequency range pattern found in 4in-SB12PFCR-00.pdf
[07:03:52] PROBLEM  file=SB_Acoustics_SB12PFCR25-4_meta.yml
         reason=PDF: no frequency range pattern found in 4in-SB12PFCR25-4-COAX.pdf
[07:03:52] PROBLEM  file=SB_Acoustics_SB12PFCR25-8_meta.yml
         reason=PDF: no frequency range pattern found in 4in-SB12PFCR25-8.pdf
[07:03:53] PROBLEM  file=SB_Acoustics_SB13PFC-00_meta.yml
         reason=PDF: no frequency range pattern found in 5in-SB13PFC-00-OEM-only.pdf
[07:03:53] PROBLEM  file=SB_Acoustics_SB13PFC25-4_meta.yml
         reason=PDF: no frequency range pattern found in 5in-SB13PFC25-4-COAX-OEM-only.pdf
[07:03:53] PROBLEM  file=SB_Acoustics_SB13PFC25-8_meta.yml
         reason=PDF: no frequency range pattern found in 5in-SB13PFC25-8-OEM-only.pdf
[07:03:54] PROBLEM  file=SB_Acoustics_SB13PFCR-00_meta.yml
         reason=PDF: no frequency range pattern found in 5in-SB13PFCR-00.pdf
[07:03:55] PROBLEM  file=SB_Acoustics_SB13PFCR25-4_meta.yml
         reason=PDF: no frequency range pattern found in 5in-SB13PFCR25-4.pdf
[07:03:55] PROBLEM  file=SB_Acoustics_SB13PFCR25-8_meta.yml
         reason=PDF: no frequency range pattern found in 5in-SB13PFCR25-8.pdf
[07:03:55] PROBLEM  file=SB_Acoustics_SB14ST-C000-4___Fabric_meta.yml
         reason=PDF: no frequency range pattern found in SB14ST-C000-4.pdf
[07:03:56] PROBLEM  file=SB_Acoustics_SB15BAC30-8_meta.yml
         reason=PDF: no frequency range pattern found in 5-inch-SB15BAC30-8-COAX.pdf
[07:03:56] PROBLEM  file=SB_Acoustics_SB15CRC30-4_meta.yml
         reason=PDF: no frequency range pattern found in 5in-SB15CRC30-4.pdf
[07:03:56] PROBLEM  file=SB_Acoustics_SB15CRC30-8_meta.yml
         reason=PDF: no frequency range pattern found in 5in-SB15CRC30-8.pdf
[07:03:56] PROBLEM  file=SB_Acoustics_SB15MFC30-4_meta.yml
         reason=PDF: no frequency range pattern found in 5in-SB15MFC30-4.pdf
[07:03:57] PROBLEM  file=SB_Acoustics_SB15MFC30-8_meta.yml
         reason=PDF: no frequency range pattern found in 5in-SB15MFC30-8.pdf
[07:03:57] PROBLEM  file=SB_Acoustics_SB15NAC30-8_meta.yml
         reason=PDF: no frequency range pattern found in 5in-SB15NAC30-8-OEM-only.pdf
[07:03:57] PROBLEM  file=SB_Acoustics_SB15NBAC30-8_meta.yml
         reason=PDF: no frequency range pattern found in 5in-SB15NBAC30-8.pdf
[07:03:58] PROBLEM  file=SB_Acoustics_SB15NRXC30-4_meta.yml
         reason=PDF: no frequency range pattern found in 5in-SB15NRXC30-4-OEM-only.pdf
[07:03:58] PROBLEM  file=SB_Acoustics_SB15NRXC30-8_meta.yml
         reason=PDF: no frequency range pattern found in 5in-SB15NRXC30-8-OEM-only.pdf
[07:03:58] PROBLEM  file=SB_Acoustics_SB15SFCR-00_meta.yml
         reason=PDF: no frequency range pattern found in 5x8in-SB15SFCR-00.pdf
[07:03:59] PROBLEM  file=SB_Acoustics_SB15SFCR39-4_meta.yml
         reason=PDF: no frequency range pattern found in 5inx8in-SB15SFCR39-4.pdf
[07:03:59] PROBLEM  file=SB_Acoustics_SB15SFCR39-8_meta.yml
         reason=PDF: no frequency range pattern found in 5inx8in-SB15SFCR39-8.pdf
[07:03:59] PROBLEM  file=SB_Acoustics_SB16FRPC25-7_meta.yml
         reason=PDF: no frequency range pattern found in 6-inch-SB16FRPC25-7.pdf
[07:04:00] PROBLEM  file=SB_Acoustics_SB16PFC-00_meta.yml
         reason=PDF: no frequency range pattern found in 6in-SB16PFC-00-OEM-only.pdf
[07:04:00] PROBLEM  file=SB_Acoustics_SB16PFC25-4_meta.yml
         reason=PDF: no frequency range pattern found in 6in-SB16PFC25-4-COAX-OEM-only.pdf
[07:04:01] PROBLEM  file=SB_Acoustics_SB16PFC25-8_meta.yml
         reason=PDF: no frequency range pattern found in 6in-SB16PFC25-8-OEM-only.pdf
[07:04:01] PROBLEM  file=SB_Acoustics_SB16PFCR-00_meta.yml
         reason=PDF: no frequency range pattern found in 6in-SB16PFCR-00.pdf
[07:04:01] PROBLEM  file=SB_Acoustics_SB16PFCR25-4_meta.yml
         reason=PDF: no frequency range pattern found in 6in-SB16PFCR25-4.pdf
[07:04:01] PROBLEM  file=SB_Acoustics_SB16PFCR25-8_meta.yml
         reason=PDF: no frequency range pattern found in 6in-SB16PFCR25-8.pdf
[07:04:02] PROBLEM  file=SB_Acoustics_SB17CAC35-4_meta.yml
         reason=PDF: no frequency range pattern found in 6in-SB17CAC35-4.pdf
[07:04:02] PROBLEM  file=SB_Acoustics_SB17CAC35-8_meta.yml
         reason=PDF: no frequency range pattern found in 6in-SB17CAC35-8.pdf
[07:04:02] PROBLEM  file=SB_Acoustics_SB17CRC35-4_meta.yml
         reason=PDF: no frequency range pattern found in 6in-SB17CRC35-4.pdf
[07:04:02] PROBLEM  file=SB_Acoustics_SB17CRC35-8_meta.yml
         reason=PDF: no frequency range pattern found in 6in-SB17CRC35-8.pdf
[07:04:02] PROBLEM  file=SB_Acoustics_SB17MFC35-4_meta.yml
         reason=PDF: no frequency range pattern found in 6in-SB17MFC35-4.pdf
[07:04:03] PROBLEM  file=SB_Acoustics_SB17MFC35-8_meta.yml
         reason=PDF: no frequency range pattern found in 6in-SB17MFC35-8.pdf
[07:04:03] PROBLEM  file=SB_Acoustics_SB17NAC35-4_meta.yml
         reason=PDF: no frequency range pattern found in 6in-SB17NAC35-4-OEM-olny.pdf
[07:04:03] PROBLEM  file=SB_Acoustics_SB17NAC35-8_meta.yml
         reason=PDF: no frequency range pattern found in 6in-SB17NAC35-8-OEM-only.pdf
[07:04:03] PROBLEM  file=SB_Acoustics_SB17NBAC35-4_meta.yml
         reason=PDF: no frequency range pattern found in 6-inch-SB17NBAC35-4.pdf
[07:04:03] PROBLEM  file=SB_Acoustics_SB17NBAC35-8_meta.yml
         reason=PDF: no frequency range pattern found in 6-inch-SB17NBAC35-8.pdf
[07:04:03] PROBLEM  file=SB_Acoustics_SB17NRX2C35-4_meta.yml
         reason=PDF: no frequency range pattern found in 6in-SB17NRX2C35-4.pdf
[07:04:04] PROBLEM  file=SB_Acoustics_SB17NRX2L35-4_meta.yml
         reason=PDF: no frequency range pattern found in 6in-SB17NRX2L35-4.pdf
[07:04:04] PROBLEM  file=SB_Acoustics_SB17NRX2L35-8_meta.yml
         reason=PDF: no frequency range pattern found in 6in-SB17NRX2L35-8.pdf
[07:04:05] PROBLEM  file=SB_Acoustics_SB17NRXC35-4_meta.yml
         reason=PDF: no frequency range pattern found in 6in-SB17NRXC35-4-OEM-only.pdf
[07:04:05] PROBLEM  file=SB_Acoustics_SB17NRXC35-8_meta.yml
         reason=PDF: no frequency range pattern found in 6in-SB17NRXC35-8-OEM-only.pdf
[07:04:05] PROBLEM  file=SB_Acoustics_SB19ST-C000-4___Fabric_meta.yml
         reason=PDF: no frequency range pattern found in SB19ST-C000-4.pdf
[07:04:05] PROBLEM  file=SB_Acoustics_SB20FRPC30-8_meta.yml
         reason=PDF: no frequency range pattern found in 8in-SB20FRPC30-8.pdf
[07:04:06] PROBLEM  file=SB_Acoustics_SB20PFC-00_meta.yml
         reason=PDF: no frequency range pattern found in 8in-SB20PFC-00-OEM-only.pdf
[07:04:06] PROBLEM  file=SB_Acoustics_SB20PFC30-4_meta.yml
         reason=PDF: no frequency range pattern found in 8in-SB20PFC30-4-OEM-only.pdf
[07:04:06] PROBLEM  file=SB_Acoustics_SB20PFC30-8_meta.yml
         reason=PDF: no frequency range pattern found in 8in-SB20PFC30-8-OEM-only.pdf
[07:04:07] PROBLEM  file=SB_Acoustics_SB20PFCR-00_meta.yml
         reason=PDF: no frequency range pattern found in 8in-SB20PFCR-00.pdf
[07:04:07] PROBLEM  file=SB_Acoustics_SB20PFCR30-4_meta.yml
         reason=PDF: no frequency range pattern found in 8in-SB20PFCR30-4.pdf
[07:04:07] PROBLEM  file=SB_Acoustics_SB20PFCR30-8_meta.yml
         reason=PDF: no frequency range pattern found in 8in-SB20PFCR30-8.pdf
[07:04:08] PROBLEM  file=SB_Acoustics_SB20PFCS30-7_meta.yml
         reason=PDF: no frequency range pattern found in 8in-SB20PFCS30-7.pdf
[07:04:08] PROBLEM  file=SB_Acoustics_SB21RDC-C000-4___Fabric_meta.yml
         reason=PDF: no frequency range pattern found in SB21RDC-C000-4.pdf
[07:04:08] PROBLEM  file=SB_Acoustics_SB21RDCN-C000-4___Fabric_meta.yml
         reason=PDF: no frequency range pattern found in SB21RDCN-C000-4.pdf
[07:04:08] PROBLEM  file=SB_Acoustics_SB21SDC-C000-4___Fabric_meta.yml
         reason=PDF: no frequency range pattern found in SB21SDC-C000-4.pdf
[07:04:08] PROBLEM  file=SB_Acoustics_SB21SDCN-C000-4___Fabric_meta.yml
         reason=PDF: no frequency range pattern found in SB21SDCN-C000-4.pdf
[07:04:09] PROBLEM  file=SB_Acoustics_SB23CACS45-4_meta.yml
         reason=PDF: no frequency range pattern found in 8-inch-SB23CACS45-4.pdf
[07:04:09] PROBLEM  file=SB_Acoustics_SB23CACS45-8_meta.yml
         reason=PDF: no frequency range pattern found in 8-inch-SB23CACS45-8.pdf
[07:04:09] PROBLEM  file=SB_Acoustics_SB23MFCL-00_meta.yml
         reason=PDF: no frequency range pattern found in 8-inch-SB23MFCL-00.pdf
[07:04:09] PROBLEM  file=SB_Acoustics_SB23MFCL45-4_meta.yml
         reason=PDF: no frequency range pattern found in 8-inch-SB23MFCL45-4.pdf
[07:04:10] PROBLEM  file=SB_Acoustics_SB23MFCL45-8_meta.yml
         reason=PDF: no frequency range pattern found in 8-inch-SB23MFCL45-8.pdf
[07:04:10] PROBLEM  file=SB_Acoustics_SB23NACS45-4_meta.yml
         reason=PDF: no frequency range pattern found in 8-inch-SB23NACS45-4-OEM-only.pdf
[07:04:10] PROBLEM  file=SB_Acoustics_SB23NACS45-8_meta.yml
         reason=PDF: no frequency range pattern found in 8-inch-SB23NACS45-8-OEM-only.pdf
[07:04:10] PROBLEM  file=SB_Acoustics_SB23NBACS45-4_meta.yml
         reason=PDF: no frequency range pattern found in 8-inch-SB23NBACS45-4.pdf
[07:04:11] PROBLEM  file=SB_Acoustics_SB23NBACS45-8_meta.yml
         reason=PDF: no frequency range pattern found in 8-inch-SB23NBACS45-8.pdf
[07:04:11] PROBLEM  file=SB_Acoustics_SB23NRXS45-4_meta.yml
         reason=PDF: no frequency range pattern found in 8-inch-SB23NRXS45-4.pdf
[07:04:11] PROBLEM  file=SB_Acoustics_SB23NRXS45-8_meta.yml
         reason=PDF: no frequency range pattern found in 8-inch-SB23NRXS45-8.pdf
[07:04:11] PROBLEM  file=SB_Acoustics_SB26ADC-C000-4___Aluminum_meta.yml
         reason=PDF: no frequency range pattern found in SB26ADC-C000-4.pdf
[07:04:12] PROBLEM  file=SB_Acoustics_SB26CDC-C000-4___Ceramic_meta.yml
         reason=PDF: no frequency range pattern found in SB26CDC-C000-4.pdf
[07:04:12] PROBLEM  file=SB_Acoustics_SB26SFCL38-4_meta.yml
         reason=PDF: no frequency range pattern found in 10in-SB26SFCL38-4.pdf
[07:04:12] PROBLEM  file=SB_Acoustics_SB26SFCL38-8_meta.yml
         reason=PDF: no frequency range pattern found in 10in-SB26SFCL38-8.pdf
[07:04:12] PROBLEM  file=SB_Acoustics_SB26ST-C000-5___Fabric_meta.yml
         reason=PDF: no frequency range pattern found in SB26ST-C000-5.pdf
[07:04:12] PROBLEM  file=SB_Acoustics_SB26STAC-C000-4___Fabric_meta.yml
         reason=PDF: no frequency range pattern found in SB26STAC-C000-4.pdf
[07:04:13] PROBLEM  file=SB_Acoustics_SB26STC-C000-4___Fabric_meta.yml
         reason=PDF: no frequency range pattern found in SB26STC-C000-4-OEM-only.pdf
[07:04:13] PROBLEM  file=SB_Acoustics_SB26STCN-C000-4___Fabric_meta.yml
         reason=PDF: no frequency range pattern found in SB26STCN-C000-4.pdf
[07:04:13] PROBLEM  file=SB_Acoustics_SB26STWGC-4_meta.yml
         reason=PDF: no frequency range pattern found in SB26STWGC-4.pdf
[07:04:14] PROBLEM  file=SB_Acoustics_SB29BAC-C000-4___Beryllium_meta.yml
         reason=PDF: no frequency range pattern found in SB29BAC-C000-4.pdf
[07:04:15] PROBLEM  file=SB_Acoustics_SB29BNC-C000-4___Beryllium_meta.yml
         reason=PDF: no frequency range pattern found in SB29BNC-C000-4.pdf
[07:04:15] PROBLEM  file=SB_Acoustics_SB29NRX-00_meta.yml
         reason=PDF: no frequency range pattern found in 10in-SB29NRX-00.pdf
[07:04:15] PROBLEM  file=SB_Acoustics_SB29NRX2-00_meta.yml
         reason=PDF: no frequency range pattern found in 10in-SB29NRX2-00.pdf
[07:04:15] PROBLEM  file=SB_Acoustics_SB29NRX75-6_meta.yml
         reason=PDF: no frequency range pattern found in 10in-SB29NRX75-6.pdf
[07:04:15] PROBLEM  file=SB_Acoustics_SB29NRX75-8_meta.yml
         reason=PDF: no frequency range pattern found in 10in-SB29NRX75-8.pdf
[07:04:16] PROBLEM  file=SB_Acoustics_SB29RDAC-C000-4___Fabric_meta.yml
         reason=PDF: no frequency range pattern found in SB29RDAC-C000-4.pdf
[07:04:16] PROBLEM  file=SB_Acoustics_SB29RDC-C000-4___Fabric_meta.yml
         reason=PDF: no frequency range pattern found in SB29RDC-C000-4-OEM-only.pdf
[07:04:16] PROBLEM  file=SB_Acoustics_SB29RDNC-C000-4___Fabric_meta.yml
         reason=PDF: no frequency range pattern found in SB29RDNC-C000-4.pdf
[07:04:16] PROBLEM  file=SB_Acoustics_SB29SDAC-C000-4___Fabric_meta.yml
         reason=PDF: no frequency range pattern found in SB29SDAC-C000-4.pdf
[07:04:16] PROBLEM  file=SB_Acoustics_SB29SDNC-C000-4___Fabric_meta.yml
         reason=PDF: no frequency range pattern found in SB29SDNC-C000-4.pdf
[07:04:16] PROBLEM  file=SB_Acoustics_SB34NRX-00_meta.yml
         reason=PDF: no frequency range pattern found in 12in-SB34NRX-00.pdf
[07:04:17] PROBLEM  file=SB_Acoustics_SB34NRX2-00_meta.yml
         reason=PDF: no frequency range pattern found in 12in-SB34NRX2-00.pdf
[07:04:17] PROBLEM  file=SB_Acoustics_SB34NRX75-16_meta.yml
         reason=PDF: no frequency range pattern found in 12in-SB34NRX75-16.pdf
[07:04:17] PROBLEM  file=SB_Acoustics_SB34NRX75-6_meta.yml
         reason=PDF: no frequency range pattern found in 12in-SB34NRX75-6.pdf
[07:04:17] PROBLEM  file=SB_Acoustics_SB34NRXL75-8_meta.yml
         reason=PDF: no frequency range pattern found in 12in-SB34NRXL75-8.pdf
[07:04:17] PROBLEM  file=SB_Acoustics_SB34SWPL76-3_meta.yml
         reason=PDF: no frequency range pattern found in 12in-SB34SWPL76-3-DV.pdf
[07:04:18] PROBLEM  file=SB_Acoustics_SB34SWPL76-4_meta.yml
         reason=PDF: no frequency range pattern found in 12in-SB34SWPL76-4.pdf
[07:04:18] PROBLEM  file=SB_Acoustics_SB36WBAC21-4_meta.yml
         reason=PDF: no frequency range pattern found in 1in-SB36WBAC21-4.pdf
[07:04:18] PROBLEM  file=SB_Acoustics_SB36WBAC21-8_meta.yml
         reason=PDF: no frequency range pattern found in 1in-SB36WBAC21-8.pdf
[07:04:18] PROBLEM  file=SB_Acoustics_SB42FHCL75-6_meta.yml
         reason=PDF: no frequency range pattern found in 15in-SB42FHCL75-6.pdf
[07:04:18] PROBLEM  file=SB_Acoustics_SB65WBAC25-4_meta.yml
         reason=PDF: no frequency range pattern found in 2½in-SB65WBAC25-4.pdf
[07:04:18] DONE  collection=sb-acoustics total=199 extracted=9 updated=9 no_data=190 errors=0
