[19:04:47] PROBLEM field=pdf_range_Znom item=10F/8414G10 url=https://www.scan-speak.dk/datasheet/pdf/10f-8414g10.pdf offset=0
         raw_value="extracted=Znom=82 raw='82' range=1–64 Ω pos=1172 local=drivers\\new_ss_tool\\datasheets\\10f-8414g10.pdf context=…lume 0.03 |↵Electrical Data:↵↵Nominal impedance [Zn] 82↵Minimum impedance [Zmin] 6.82↵Maximum im…"
         reason=PDF extraction rejected: value outside physical range — likely font-encoding artifact
[19:04:49] PROBLEM field=cad_fetch item=10F/8414G10 url=https://www.scan-speak.dk/datasheet/3d/TYPENUMMER.zip offset=0
         raw_value=None
         reason=HTTP Error 404: Not Found
[19:04:49] DONE problems=2
[19:09:19] PROBLEM field=pdf_range_Znom item=10F/8414G10 url=https://www.scan-speak.dk/datasheet/pdf/10f-8414g10.pdf offset=0
         raw_value="extracted=Znom=82 raw='82' range=1–64 Ω pos=1172 local=drivers\\new_ss_tool\\datasheets\\10f-8414g10.pdf context=…lume 0.03 |↵Electrical Data:↵↵Nominal impedance [Zn] 82↵Minimum impedance [Zmin] 6.82↵Maximum im…"
         reason=PDF extraction rejected: value outside physical range — likely font-encoding artifact
[19:09:21] PROBLEM field=cad_fetch item=10F/8414G10 url=https://www.scan-speak.dk/datasheet/3d/TYPENUMMER.zip offset=0
         raw_value=None
         reason=HTTP Error 404: Not Found
[19:09:21] DONE problems=2
[21:27:21] PROBLEM field=pdf_range_Znom item=10F/8414G10 url=https://www.scan-speak.dk/datasheet/pdf/10f-8414g10.pdf offset=0
         raw_value="extracted=Znom=82 raw='82' range=1–32 Ω pos=1172 local=drivers\\new_ss_tool\\datasheets\\10f-8414g10.pdf context=…lume 0.03 |↵Electrical Data:↵↵Nominal impedance [Zn] 82↵Minimum impedance [Zmin] 6.82↵Maximum im…"
         reason=PDF extraction rejected: value outside physical range — likely font-encoding artifact
[21:27:23] PROBLEM field=cad_fetch item=10F/8414G10 url=https://www.scan-speak.dk/datasheet/3d/TYPENUMMER.zip offset=0
         raw_value=None
         reason=HTTP Error 404: Not Found
[21:27:23] DONE problems=2
