[19:04:48] PROBLEM field=html_pdf_mismatch item=15M/4531K00 url=https://www.scan-speak.dk/product/15m-4531k00/ offset=0
         raw_value='Vas: HTML=0.016 PDF=0.161 (906% diff)'
         reason=HTML and PDF values disagree by >10%
[19:04:48] PROBLEM field=html_pdf_mismatch item=15M/4531K00 url=https://www.scan-speak.dk/product/15m-4531k00/ offset=0
         raw_value='BL: HTML=6 PDF=61 (917% diff)'
         reason=HTML and PDF values disagree by >10%
[19:04:48] DONE problems=2
[19:09:20] PROBLEM field=html_pdf_mismatch item=15M/4531K00 url=https://www.scan-speak.dk/product/15m-4531k00/ offset=0
         raw_value='Vas: HTML=0.016 PDF=0.161 (906% diff)'
         reason=HTML and PDF values disagree by >10%
[19:09:20] PROBLEM field=html_pdf_mismatch item=15M/4531K00 url=https://www.scan-speak.dk/product/15m-4531k00/ offset=0
         raw_value='BL: HTML=6 PDF=61 (917% diff)'
         reason=HTML and PDF values disagree by >10%
[19:09:20] DONE problems=2
[21:27:21] PROBLEM field=html_pdf_mismatch item=15M/4531K00 url=https://www.scan-speak.dk/product/15m-4531k00/ offset=0
         raw_value='Vas: HTML=0.016 PDF=0.161 (906% diff)'
         reason=HTML and PDF values disagree by >10%
[21:27:21] PROBLEM field=html_pdf_mismatch item=15M/4531K00 url=https://www.scan-speak.dk/product/15m-4531k00/ offset=0
         raw_value='BL: HTML=6 PDF=61 (917% diff)'
         reason=HTML and PDF values disagree by >10%
[21:27:21] DONE problems=2
