[19:04:48] PROBLEM field=pdf_range_Znom item=15W/8530K01 url=https://www.scan-speak.dk/datasheet/pdf/15w-8530k01.pdf offset=0
         raw_value="extracted=Znom=82 raw='82' range=1–64 Ω pos=1137 local=drivers\\new_ss_tool\\datasheets\\15w-8530k01.pdf context=…lume 0.36!↵↵Electrical Data:↵↵Nominal impedance [Zn] 82Q↵Minimum impedance [Zmin] 6.72↵Maximum …"
         reason=PDF extraction rejected: value outside physical range — likely font-encoding artifact
[19:04:48] PROBLEM field=html_pdf_mismatch item=15W/8530K01 url=https://www.scan-speak.dk/product/15w-8530k01/ offset=0
         raw_value='Vas: HTML=0.017 PDF=0.171 (906% diff)'
         reason=HTML and PDF values disagree by >10%
[19:04:48] DONE problems=2
[19:09:20] PROBLEM field=pdf_range_Znom item=15W/8530K01 url=https://www.scan-speak.dk/datasheet/pdf/15w-8530k01.pdf offset=0
         raw_value="extracted=Znom=82 raw='82' range=1–64 Ω pos=1137 local=drivers\\new_ss_tool\\datasheets\\15w-8530k01.pdf context=…lume 0.36!↵↵Electrical Data:↵↵Nominal impedance [Zn] 82Q↵Minimum impedance [Zmin] 6.72↵Maximum …"
         reason=PDF extraction rejected: value outside physical range — likely font-encoding artifact
[19:09:20] PROBLEM field=html_pdf_mismatch item=15W/8530K01 url=https://www.scan-speak.dk/product/15w-8530k01/ offset=0
         raw_value='Vas: HTML=0.017 PDF=0.171 (906% diff)'
         reason=HTML and PDF values disagree by >10%
[19:09:20] DONE problems=2
[21:27:22] PROBLEM field=pdf_range_Znom item=15W/8530K01 url=https://www.scan-speak.dk/datasheet/pdf/15w-8530k01.pdf offset=0
         raw_value="extracted=Znom=82 raw='82' range=1–32 Ω pos=1137 local=drivers\\new_ss_tool\\datasheets\\15w-8530k01.pdf context=…lume 0.36!↵↵Electrical Data:↵↵Nominal impedance [Zn] 82Q↵Minimum impedance [Zmin] 6.72↵Maximum …"
         reason=PDF extraction rejected: value outside physical range — likely font-encoding artifact
[21:27:22] PROBLEM field=html_pdf_mismatch item=15W/8530K01 url=https://www.scan-speak.dk/product/15w-8530k01/ offset=0
         raw_value='Vas: HTML=0.017 PDF=0.171 (906% diff)'
         reason=HTML and PDF values disagree by >10%
[21:27:22] DONE problems=2
