[19:04:49] PROBLEM field=pdf_range_Re item=15WU/4741T00 url=https://www.scan-speak.dk/datasheet/pdf/15wu-4741t00.pdf offset=0
         raw_value="extracted=Re=322 raw='322' range=0.1–64 Ω pos=1001 local=drivers\\new_ss_tool\\datasheets\\15wu-4741t00.pdf context=…62↵Low-loss linear suspension DC resistance [Re] 322↵Patented Design Voice coil inductance [L…"
         reason=PDF extraction rejected: value outside physical range — likely font-encoding artifact
[19:04:49] PROBLEM field=html_pdf_mismatch item=15WU/4741T00 url=https://www.scan-speak.dk/product/15wu-4741t00/ offset=0
         raw_value='BL: HTML=6 PDF=61 (917% diff)'
         reason=HTML and PDF values disagree by >10%
[19:04:49] DONE problems=2
[19:09:21] PROBLEM field=pdf_range_Re item=15WU/4741T00 url=https://www.scan-speak.dk/datasheet/pdf/15wu-4741t00.pdf offset=0
         raw_value="extracted=Re=322 raw='322' range=0.1–64 Ω pos=1001 local=drivers\\new_ss_tool\\datasheets\\15wu-4741t00.pdf context=…62↵Low-loss linear suspension DC resistance [Re] 322↵Patented Design Voice coil inductance [L…"
         reason=PDF extraction rejected: value outside physical range — likely font-encoding artifact
[19:09:21] PROBLEM field=html_pdf_mismatch item=15WU/4741T00 url=https://www.scan-speak.dk/product/15wu-4741t00/ offset=0
         raw_value='BL: HTML=6 PDF=61 (917% diff)'
         reason=HTML and PDF values disagree by >10%
[19:09:21] DONE problems=2
[21:27:23] PROBLEM field=pdf_range_Re item=15WU/4741T00 url=https://www.scan-speak.dk/datasheet/pdf/15wu-4741t00.pdf offset=0
         raw_value="extracted=Re=322 raw='322' range=0.1–64 Ω pos=1001 local=drivers\\new_ss_tool\\datasheets\\15wu-4741t00.pdf context=…62↵Low-loss linear suspension DC resistance [Re] 322↵Patented Design Voice coil inductance [L…"
         reason=PDF extraction rejected: value outside physical range — likely font-encoding artifact
[21:27:23] PROBLEM field=html_pdf_mismatch item=15WU/4741T00 url=https://www.scan-speak.dk/product/15wu-4741t00/ offset=0
         raw_value='BL: HTML=6 PDF=61 (917% diff)'
         reason=HTML and PDF values disagree by >10%
[21:27:23] DONE problems=2
