[19:04:50] PROBLEM field=pdf_range_Znom item=18M/8631T00 url=https://www.scan-speak.dk/datasheet/pdf/18m-8631t00.pdf offset=0
         raw_value="extracted=Znom=82 raw='82' range=1–64 Ω pos=1092 local=drivers\\new_ss_tool\\datasheets\\18m-8631t00.pdf context=…olume 0.471↵Electrical Data:↵↵Nominal impedance [Zn] 82↵Minimum impedance [Zmin] 6.3Q↵Maximum im…"
         reason=PDF extraction rejected: value outside physical range — likely font-encoding artifact
[19:04:52] PROBLEM field=html_pdf_mismatch item=18M/8631T00 url=https://www.scan-speak.dk/product/18m-8631t00/ offset=0
         raw_value='Vas: HTML=0.014 PDF=0.141 (907% diff)'
         reason=HTML and PDF values disagree by >10%
[19:04:52] DONE problems=2
[19:09:22] PROBLEM field=pdf_range_Znom item=18M/8631T00 url=https://www.scan-speak.dk/datasheet/pdf/18m-8631t00.pdf offset=0
         raw_value="extracted=Znom=82 raw='82' range=1–64 Ω pos=1092 local=drivers\\new_ss_tool\\datasheets\\18m-8631t00.pdf context=…olume 0.471↵Electrical Data:↵↵Nominal impedance [Zn] 82↵Minimum impedance [Zmin] 6.3Q↵Maximum im…"
         reason=PDF extraction rejected: value outside physical range — likely font-encoding artifact
[19:09:24] PROBLEM field=html_pdf_mismatch item=18M/8631T00 url=https://www.scan-speak.dk/product/18m-8631t00/ offset=0
         raw_value='Vas: HTML=0.014 PDF=0.141 (907% diff)'
         reason=HTML and PDF values disagree by >10%
[19:09:24] DONE problems=2
[21:27:24] PROBLEM field=pdf_range_Znom item=18M/8631T00 url=https://www.scan-speak.dk/datasheet/pdf/18m-8631t00.pdf offset=0
         raw_value="extracted=Znom=82 raw='82' range=1–32 Ω pos=1092 local=drivers\\new_ss_tool\\datasheets\\18m-8631t00.pdf context=…olume 0.471↵Electrical Data:↵↵Nominal impedance [Zn] 82↵Minimum impedance [Zmin] 6.3Q↵Maximum im…"
         reason=PDF extraction rejected: value outside physical range — likely font-encoding artifact
[21:27:26] PROBLEM field=html_pdf_mismatch item=18M/8631T00 url=https://www.scan-speak.dk/product/18m-8631t00/ offset=0
         raw_value='Vas: HTML=0.014 PDF=0.141 (907% diff)'
         reason=HTML and PDF values disagree by >10%
[21:27:26] DONE problems=2
