[19:04:56] PROBLEM field=pdf_range_Znom item=18W/8542-10 url=https://www.scan-speak.dk/datasheet/pdf/18w-8542-10.pdf offset=0
         raw_value="extracted=Znom=82 raw='82' range=1–64 Ω pos=1170 local=drivers\\new_ss_tool\\datasheets\\18w-8542-10.pdf context=…lume 0.541↵↵Electrical Data:↵↵Nominal impedance [Zn] 82↵Minimum impedance [Zmin] 6.62↵Maximum im…"
         reason=PDF extraction rejected: value outside physical range — likely font-encoding artifact
[19:04:58] PROBLEM field=html_pdf_mismatch item=18W/8542-10 url=https://www.scan-speak.dk/product/18w-8542-10/ offset=0
         raw_value='Vas: HTML=0.026 PDF=0.261 (904% diff)'
         reason=HTML and PDF values disagree by >10%
[19:04:58] DONE problems=2
[19:09:28] PROBLEM field=pdf_range_Znom item=18W/8542-10 url=https://www.scan-speak.dk/datasheet/pdf/18w-8542-10.pdf offset=0
         raw_value="extracted=Znom=82 raw='82' range=1–64 Ω pos=1170 local=drivers\\new_ss_tool\\datasheets\\18w-8542-10.pdf context=…lume 0.541↵↵Electrical Data:↵↵Nominal impedance [Zn] 82↵Minimum impedance [Zmin] 6.62↵Maximum im…"
         reason=PDF extraction rejected: value outside physical range — likely font-encoding artifact
[19:09:30] PROBLEM field=html_pdf_mismatch item=18W/8542-10 url=https://www.scan-speak.dk/product/18w-8542-10/ offset=0
         raw_value='Vas: HTML=0.026 PDF=0.261 (904% diff)'
         reason=HTML and PDF values disagree by >10%
[19:09:30] DONE problems=2
[21:27:30] PROBLEM field=pdf_range_Znom item=18W/8542-10 url=https://www.scan-speak.dk/datasheet/pdf/18w-8542-10.pdf offset=0
         raw_value="extracted=Znom=82 raw='82' range=1–32 Ω pos=1170 local=drivers\\new_ss_tool\\datasheets\\18w-8542-10.pdf context=…lume 0.541↵↵Electrical Data:↵↵Nominal impedance [Zn] 82↵Minimum impedance [Zmin] 6.62↵Maximum im…"
         reason=PDF extraction rejected: value outside physical range — likely font-encoding artifact
[21:27:32] PROBLEM field=html_pdf_mismatch item=18W/8542-10 url=https://www.scan-speak.dk/product/18w-8542-10/ offset=0
         raw_value='Vas: HTML=0.026 PDF=0.261 (904% diff)'
         reason=HTML and PDF values disagree by >10%
[21:27:32] DONE problems=2
