[19:04:49] PROBLEM field=pdf_range_Znom item=18W/8424G00 url=https://www.scan-speak.dk/datasheet/pdf/18w-8424g00.pdf offset=0
         raw_value="extracted=Znom=72.2 raw='72,2' range=1–64 Ω pos=315 local=drivers\\new_ss_tool\\datasheets\\18w-8424g00.pdf context=… . Compliance [Cms] 0.77 mm/N↵z 72,2 Pitch diam. 167 Effective diaph. diamete…"
         reason=PDF extraction rejected: value outside physical range — likely font-encoding artifact
[19:04:49] PROBLEM field=pdf_range_Znom item=18W/8424G00 url=https://www.scan-speak.dk/datasheet/pdf/18w-8424g00.pdf offset=0
         raw_value="extracted=Znom=82 raw='82' range=1–64 Ω pos=839 local=drivers\\new_ss_tool\\datasheets\\18w-8424g00.pdf context=…xcellent Midrange Performance Nominal impedance [Zn] 82↵Coated NRSC Fibre Glass Cone Minimum imp…"
         reason=PDF extraction rejected: value outside physical range — likely font-encoding artifact
[19:04:49] DONE problems=2
[19:09:22] PROBLEM field=pdf_range_Znom item=18W/8424G00 url=https://www.scan-speak.dk/datasheet/pdf/18w-8424g00.pdf offset=0
         raw_value="extracted=Znom=72.2 raw='72,2' range=1–64 Ω pos=315 local=drivers\\new_ss_tool\\datasheets\\18w-8424g00.pdf context=… . Compliance [Cms] 0.77 mm/N↵z 72,2 Pitch diam. 167 Effective diaph. diamete…"
         reason=PDF extraction rejected: value outside physical range — likely font-encoding artifact
[19:09:22] PROBLEM field=pdf_range_Znom item=18W/8424G00 url=https://www.scan-speak.dk/datasheet/pdf/18w-8424g00.pdf offset=0
         raw_value="extracted=Znom=82 raw='82' range=1–64 Ω pos=839 local=drivers\\new_ss_tool\\datasheets\\18w-8424g00.pdf context=…xcellent Midrange Performance Nominal impedance [Zn] 82↵Coated NRSC Fibre Glass Cone Minimum imp…"
         reason=PDF extraction rejected: value outside physical range — likely font-encoding artifact
[19:09:22] DONE problems=2
[21:27:23] PROBLEM field=pdf_range_Znom item=18W/8424G00 url=https://www.scan-speak.dk/datasheet/pdf/18w-8424g00.pdf offset=0
         raw_value="extracted=Znom=72.2 raw='72,2' range=1–32 Ω pos=315 local=drivers\\new_ss_tool\\datasheets\\18w-8424g00.pdf context=… . Compliance [Cms] 0.77 mm/N↵z 72,2 Pitch diam. 167 Effective diaph. diamete…"
         reason=PDF extraction rejected: value outside physical range — likely font-encoding artifact
[21:27:23] PROBLEM field=pdf_range_Znom item=18W/8424G00 url=https://www.scan-speak.dk/datasheet/pdf/18w-8424g00.pdf offset=0
         raw_value="extracted=Znom=82 raw='82' range=1–32 Ω pos=839 local=drivers\\new_ss_tool\\datasheets\\18w-8424g00.pdf context=…xcellent Midrange Performance Nominal impedance [Zn] 82↵Coated NRSC Fibre Glass Cone Minimum imp…"
         reason=PDF extraction rejected: value outside physical range — likely font-encoding artifact
[21:27:23] DONE problems=2
