[19:04:51] PROBLEM field=pdf_range_Znom item=18WE/8542T00 url=https://www.scan-speak.dk/datasheet/pdf/18we-8542t00.pdf offset=0
         raw_value="extracted=Znom=82 raw='82' range=1–64 Ω pos=1095 local=drivers\\new_ss_tool\\datasheets\\18we-8542t00.pdf context=…olume 0.321↵↵Electrical Data:↵Nominal impedance [Zn] 82↵↵Minimum impedance [Zmin] 7.62↵Maximum im…"
         reason=PDF extraction rejected: value outside physical range — likely font-encoding artifact
[19:04:53] PROBLEM field=html_pdf_mismatch item=18WE/8542T00 url=https://www.scan-speak.dk/product/18we-8542t00/ offset=0
         raw_value='Vas: HTML=0.016 PDF=0.161 (906% diff)'
         reason=HTML and PDF values disagree by >10%
[19:04:53] DONE problems=2
[19:09:23] PROBLEM field=pdf_range_Znom item=18WE/8542T00 url=https://www.scan-speak.dk/datasheet/pdf/18we-8542t00.pdf offset=0
         raw_value="extracted=Znom=82 raw='82' range=1–64 Ω pos=1095 local=drivers\\new_ss_tool\\datasheets\\18we-8542t00.pdf context=…olume 0.321↵↵Electrical Data:↵Nominal impedance [Zn] 82↵↵Minimum impedance [Zmin] 7.62↵Maximum im…"
         reason=PDF extraction rejected: value outside physical range — likely font-encoding artifact
[19:09:24] PROBLEM field=html_pdf_mismatch item=18WE/8542T00 url=https://www.scan-speak.dk/product/18we-8542t00/ offset=0
         raw_value='Vas: HTML=0.016 PDF=0.161 (906% diff)'
         reason=HTML and PDF values disagree by >10%
[19:09:24] DONE problems=2
[21:27:24] PROBLEM field=pdf_range_Znom item=18WE/8542T00 url=https://www.scan-speak.dk/datasheet/pdf/18we-8542t00.pdf offset=0
         raw_value="extracted=Znom=82 raw='82' range=1–32 Ω pos=1095 local=drivers\\new_ss_tool\\datasheets\\18we-8542t00.pdf context=…olume 0.321↵↵Electrical Data:↵Nominal impedance [Zn] 82↵↵Minimum impedance [Zmin] 7.62↵Maximum im…"
         reason=PDF extraction rejected: value outside physical range — likely font-encoding artifact
[21:27:26] PROBLEM field=html_pdf_mismatch item=18WE/8542T00 url=https://www.scan-speak.dk/product/18we-8542t00/ offset=0
         raw_value='Vas: HTML=0.016 PDF=0.161 (906% diff)'
         reason=HTML and PDF values disagree by >10%
[21:27:26] DONE problems=2
