[19:04:49] PROBLEM field=pdf_range_Znom item=18WU/4747T00 url=https://www.scan-speak.dk/datasheet/pdf/18wu-4747t00.pdf offset=0
         raw_value="extracted=Znom=75 raw='75' range=1–64 Ω pos=314 local=drivers\\new_ss_tool\\datasheets\\18wu-4747t00.pdf context=…\x11\x11\x12\r31:\x12\x0b*17FjB\x0b*17\x0e\x123\x12\x13\x0bh4i \x0bZ[\x0b\x0e\x0e↵D\x11\x11\x12\r31:\x12\x0bF153\x10)\x0b7\x13\x127\x0bh8*i \x0b_Z\x0b\r\x0ep↵DX-1:79\x12)3\x0b:\x109-\x0e\x12\x0bh]75i <a\x0b 9↵8\x12)5131:130\x0b;l`\x0c<]o\x0b\x0e= \x0cbB _ \x0b*>…"
         reason=PDF extraction rejected: value outside physical range — likely font-encoding artifact
[19:04:49] PROBLEM field=pdf_no_fields item=18WU/4747T00 url=https://www.scan-speak.dk/datasheet/pdf/18wu-4747t00.pdf offset=0
         raw_value=None
         reason=pass1=0 pass2=0 chars=1656
[19:04:49] DONE problems=2
[19:09:22] PROBLEM field=pdf_range_Znom item=18WU/4747T00 url=https://www.scan-speak.dk/datasheet/pdf/18wu-4747t00.pdf offset=0
         raw_value="extracted=Znom=75 raw='75' range=1–64 Ω pos=314 local=drivers\\new_ss_tool\\datasheets\\18wu-4747t00.pdf context=…\x11\x11\x12\r31:\x12\x0b*17FjB\x0b*17\x0e\x123\x12\x13\x0bh4i \x0bZ[\x0b\x0e\x0e↵D\x11\x11\x12\r31:\x12\x0bF153\x10)\x0b7\x13\x127\x0bh8*i \x0b_Z\x0b\r\x0ep↵DX-1:79\x12)3\x0b:\x109-\x0e\x12\x0bh]75i <a\x0b 9↵8\x12)5131:130\x0b;l`\x0c<]o\x0b\x0e= \x0cbB _ \x0b*>…"
         reason=PDF extraction rejected: value outside physical range — likely font-encoding artifact
[19:09:22] PROBLEM field=pdf_no_fields item=18WU/4747T00 url=https://www.scan-speak.dk/datasheet/pdf/18wu-4747t00.pdf offset=0
         raw_value=None
         reason=pass1=0 pass2=0 chars=1656
[19:09:22] DONE problems=2
[21:27:23] PROBLEM field=pdf_range_Znom item=18WU/4747T00 url=https://www.scan-speak.dk/datasheet/pdf/18wu-4747t00.pdf offset=0
         raw_value="extracted=Znom=75 raw='75' range=1–32 Ω pos=314 local=drivers\\new_ss_tool\\datasheets\\18wu-4747t00.pdf context=…\x11\x11\x12\r31:\x12\x0b*17FjB\x0b*17\x0e\x123\x12\x13\x0bh4i \x0bZ[\x0b\x0e\x0e↵D\x11\x11\x12\r31:\x12\x0bF153\x10)\x0b7\x13\x127\x0bh8*i \x0b_Z\x0b\r\x0ep↵DX-1:79\x12)3\x0b:\x109-\x0e\x12\x0bh]75i <a\x0b 9↵8\x12)5131:130\x0b;l`\x0c<]o\x0b\x0e= \x0cbB _ \x0b*>…"
         reason=PDF extraction rejected: value outside physical range — likely font-encoding artifact
[21:27:23] PROBLEM field=pdf_no_fields item=18WU/4747T00 url=https://www.scan-speak.dk/datasheet/pdf/18wu-4747t00.pdf offset=0
         raw_value=None
         reason=pass1=0 pass2=0 chars=1656
[21:27:23] DONE problems=2
