[19:04:51] PROBLEM field=pdf_range_Vas item=25W/8565-00 url=https://www.scan-speak.dk/datasheet/pdf/25w-8565-00.pdf offset=0
         raw_value="extracted=Vas=2.251 raw='2251' range=≤ 1000 L (1.0 m³) pos=848 local=drivers\\new_ss_tool\\datasheets\\25w-8565-00.pdf context=…tive piston area [Sd] 330 cm?↵Equivalent volume [Vas] 2251↵Sensitivity (2,83V/1m) 88 dB↵Mechanical …"
         reason=PDF extraction rejected: value outside physical range — likely font-encoding artifact
[19:04:51] PROBLEM field=pdf_range_Znom item=25W/8565-00 url=https://www.scan-speak.dk/datasheet/pdf/25w-8565-00.pdf offset=0
         raw_value="extracted=Znom=82 raw='82' range=1–64 Ω pos=1129 local=drivers\\new_ss_tool\\datasheets\\25w-8565-00.pdf context=…olume 0.751↵Electrical Data:↵↵Nominal impedance [Zn] 82↵Minimum impedance [Zmin] 6.22↵Maximum im…"
         reason=PDF extraction rejected: value outside physical range — likely font-encoding artifact
[19:04:51] DONE problems=2
[19:09:22] PROBLEM field=pdf_range_Vas item=25W/8565-00 url=https://www.scan-speak.dk/datasheet/pdf/25w-8565-00.pdf offset=0
         raw_value="extracted=Vas=2.251 raw='2251' range=≤ 1000 L (1.0 m³) pos=848 local=drivers\\new_ss_tool\\datasheets\\25w-8565-00.pdf context=…tive piston area [Sd] 330 cm?↵Equivalent volume [Vas] 2251↵Sensitivity (2,83V/1m) 88 dB↵Mechanical …"
         reason=PDF extraction rejected: value outside physical range — likely font-encoding artifact
[19:09:22] PROBLEM field=pdf_range_Znom item=25W/8565-00 url=https://www.scan-speak.dk/datasheet/pdf/25w-8565-00.pdf offset=0
         raw_value="extracted=Znom=82 raw='82' range=1–64 Ω pos=1129 local=drivers\\new_ss_tool\\datasheets\\25w-8565-00.pdf context=…olume 0.751↵Electrical Data:↵↵Nominal impedance [Zn] 82↵Minimum impedance [Zmin] 6.22↵Maximum im…"
         reason=PDF extraction rejected: value outside physical range — likely font-encoding artifact
[19:09:22] DONE problems=2
[21:27:24] PROBLEM field=pdf_range_Vas item=25W/8565-00 url=https://www.scan-speak.dk/datasheet/pdf/25w-8565-00.pdf offset=0
         raw_value="extracted=Vas=2.251 raw='2251' range=≤ 1000 L (1.0 m³) pos=848 local=drivers\\new_ss_tool\\datasheets\\25w-8565-00.pdf context=…tive piston area [Sd] 330 cm?↵Equivalent volume [Vas] 2251↵Sensitivity (2,83V/1m) 88 dB↵Mechanical …"
         reason=PDF extraction rejected: value outside physical range — likely font-encoding artifact
[21:27:24] PROBLEM field=pdf_range_Znom item=25W/8565-00 url=https://www.scan-speak.dk/datasheet/pdf/25w-8565-00.pdf offset=0
         raw_value="extracted=Znom=82 raw='82' range=1–32 Ω pos=1129 local=drivers\\new_ss_tool\\datasheets\\25w-8565-00.pdf context=…olume 0.751↵Electrical Data:↵↵Nominal impedance [Zn] 82↵Minimum impedance [Zmin] 6.22↵Maximum im…"
         reason=PDF extraction rejected: value outside physical range — likely font-encoding artifact
[21:27:24] DONE problems=2
