[19:04:50] PROBLEM field=html_pdf_mismatch item=820013 url=https://www.scan-speak.dk/product/820013/ offset=0
         raw_value='Fs: HTML=80 PDF=1000 (1150% diff)'
         reason=HTML and PDF values disagree by >10%
[19:04:50] PROBLEM field=html_pdf_mismatch item=820013 url=https://www.scan-speak.dk/product/820013/ offset=0
         raw_value='Qts: HTML=0.57 PDF=1.61 (182% diff)'
         reason=HTML and PDF values disagree by >10%
[19:04:50] PROBLEM field=html_pdf_mismatch item=820013 url=https://www.scan-speak.dk/product/820013/ offset=0
         raw_value='Sd: HTML=0.008 PDF=0.00038 (95% diff)'
         reason=HTML and PDF values disagree by >10%
[19:04:50] PROBLEM field=html_pdf_mismatch item=820013 url=https://www.scan-speak.dk/product/820013/ offset=0
         raw_value='BL: HTML=4.8 PDF=1.4 (71% diff)'
         reason=HTML and PDF values disagree by >10%
[19:04:52] PROBLEM field=cad_fetch item=820013 url=https://www.scan-speak.dk/datasheet/3d/TYPENUMMER.zip offset=0
         raw_value=None
         reason=HTTP Error 404: Not Found
[19:04:52] DONE problems=5
[19:09:23] PROBLEM field=html_pdf_mismatch item=820013 url=https://www.scan-speak.dk/product/820013/ offset=0
         raw_value='Fs: HTML=80 PDF=1000 (1150% diff)'
         reason=HTML and PDF values disagree by >10%
[19:09:23] PROBLEM field=html_pdf_mismatch item=820013 url=https://www.scan-speak.dk/product/820013/ offset=0
         raw_value='Qts: HTML=0.57 PDF=1.61 (182% diff)'
         reason=HTML and PDF values disagree by >10%
[19:09:23] PROBLEM field=html_pdf_mismatch item=820013 url=https://www.scan-speak.dk/product/820013/ offset=0
         raw_value='Sd: HTML=0.008 PDF=0.00038 (95% diff)'
         reason=HTML and PDF values disagree by >10%
[19:09:23] PROBLEM field=html_pdf_mismatch item=820013 url=https://www.scan-speak.dk/product/820013/ offset=0
         raw_value='BL: HTML=4.8 PDF=1.4 (71% diff)'
         reason=HTML and PDF values disagree by >10%
[19:09:25] PROBLEM field=cad_fetch item=820013 url=https://www.scan-speak.dk/datasheet/3d/TYPENUMMER.zip offset=0
         raw_value=None
         reason=HTTP Error 404: Not Found
[19:09:25] DONE problems=5
[21:27:24] PROBLEM field=html_pdf_mismatch item=820013 url=https://www.scan-speak.dk/product/820013/ offset=0
         raw_value='Fs: HTML=80 PDF=1000 (1150% diff)'
         reason=HTML and PDF values disagree by >10%
[21:27:24] PROBLEM field=html_pdf_mismatch item=820013 url=https://www.scan-speak.dk/product/820013/ offset=0
         raw_value='Qts: HTML=0.57 PDF=1.61 (182% diff)'
         reason=HTML and PDF values disagree by >10%
[21:27:24] PROBLEM field=html_pdf_mismatch item=820013 url=https://www.scan-speak.dk/product/820013/ offset=0
         raw_value='Sd: HTML=0.008 PDF=0.00038 (95% diff)'
         reason=HTML and PDF values disagree by >10%
[21:27:24] PROBLEM field=html_pdf_mismatch item=820013 url=https://www.scan-speak.dk/product/820013/ offset=0
         raw_value='BL: HTML=4.8 PDF=1.4 (71% diff)'
         reason=HTML and PDF values disagree by >10%
[21:27:25] PROBLEM field=cad_fetch item=820013 url=https://www.scan-speak.dk/datasheet/3d/TYPENUMMER.zip offset=0
         raw_value=None
         reason=HTTP Error 404: Not Found
[21:27:25] DONE problems=5
