[19:04:56] PROBLEM field=pdf_range_Znom item=R2904/700009 url=https://www.scan-speak.dk/datasheet/pdf/r2904-700009.pdf offset=0
         raw_value="extracted=Znom=520 raw='520' range=1–64 Ω pos=690 local=drivers\\new_ss_tool\\datasheets\\r2904-700009.pdf context=…ment Volume↵↵Electrical Data:↵Nominal impedance [Zn]↵↵520 Hz↵2.90↵0.38↵0.33↵2.8Tm↵0.34 kg/s↵0.39↵0…"
         reason=PDF extraction rejected: value outside physical range — likely font-encoding artifact
[19:04:56] PROBLEM field=pdf_no_fields item=R2904/700009 url=https://www.scan-speak.dk/datasheet/pdf/r2904-700009.pdf offset=0
         raw_value=None
         reason=pass1=0 pass2=0 chars=1582
[19:04:58] DONE problems=2
[19:09:28] PROBLEM field=pdf_range_Znom item=R2904/700009 url=https://www.scan-speak.dk/datasheet/pdf/r2904-700009.pdf offset=0
         raw_value="extracted=Znom=520 raw='520' range=1–64 Ω pos=690 local=drivers\\new_ss_tool\\datasheets\\r2904-700009.pdf context=…ment Volume↵↵Electrical Data:↵Nominal impedance [Zn]↵↵520 Hz↵2.90↵0.38↵0.33↵2.8Tm↵0.34 kg/s↵0.39↵0…"
         reason=PDF extraction rejected: value outside physical range — likely font-encoding artifact
[19:09:28] PROBLEM field=pdf_no_fields item=R2904/700009 url=https://www.scan-speak.dk/datasheet/pdf/r2904-700009.pdf offset=0
         raw_value=None
         reason=pass1=0 pass2=0 chars=1582
[19:09:30] DONE problems=2
[21:27:29] PROBLEM field=pdf_range_Znom item=R2904/700009 url=https://www.scan-speak.dk/datasheet/pdf/r2904-700009.pdf offset=0
         raw_value="extracted=Znom=520 raw='520' range=1–32 Ω pos=690 local=drivers\\new_ss_tool\\datasheets\\r2904-700009.pdf context=…ment Volume↵↵Electrical Data:↵Nominal impedance [Zn]↵↵520 Hz↵2.90↵0.38↵0.33↵2.8Tm↵0.34 kg/s↵0.39↵0…"
         reason=PDF extraction rejected: value outside physical range — likely font-encoding artifact
[21:27:29] PROBLEM field=pdf_no_fields item=R2904/700009 url=https://www.scan-speak.dk/datasheet/pdf/r2904-700009.pdf offset=0
         raw_value=None
         reason=pass1=0 pass2=0 chars=1582
[21:27:30] DONE problems=2
